[14.530s] Invoking command in '/root/projects/robo/src/robot_brain': PYTHONPATH=/root/projects/robo/build/robot_brain/prefix_override:/usr/lib/python3/dist-packages/colcon_core/task/python/colcon_distutils_commands:/root/projects/robo/install/robot_brain/lib/python3.14/site-packages:${PYTHONPATH} /usr/bin/python3 -W ignore:setup.py install is deprecated -W ignore:easy_install command is deprecated setup.py egg_info --egg-base ../../build/robot_brain build --build-base /root/projects/robo/build/robot_brain/build install --record /root/projects/robo/build/robot_brain/install.log --install-scripts $base/lib/robot_brain --single-version-externally-managed install_data
[17.735s] running egg_info
[17.932s] writing ../../build/robot_brain/robot_brain.egg-info/PKG-INFO
[17.945s] writing dependency_links to ../../build/robot_brain/robot_brain.egg-info/dependency_links.txt
[17.952s] writing entry points to ../../build/robot_brain/robot_brain.egg-info/entry_points.txt
[17.956s] writing requirements to ../../build/robot_brain/robot_brain.egg-info/requires.txt
[17.957s] writing top-level names to ../../build/robot_brain/robot_brain.egg-info/top_level.txt
[18.309s] reading manifest file '../../build/robot_brain/robot_brain.egg-info/SOURCES.txt'
[18.337s] writing manifest file '../../build/robot_brain/robot_brain.egg-info/SOURCES.txt'
[18.338s] running build
[18.339s] running build_py
[18.344s] copying robot_brain/__init__.py -> /root/projects/robo/build/robot_brain/build/lib/robot_brain
[18.350s] copying robot_brain/brain.py -> /root/projects/robo/build/robot_brain/build/lib/robot_brain
[18.355s] copying robot_brain/listener.py -> /root/projects/robo/build/robot_brain/build/lib/robot_brain
[18.361s] copying robot_brain/py.typed -> /root/projects/robo/build/robot_brain/build/lib/robot_brain
[18.369s] running install
[18.381s] running install_lib
[18.552s] copying /root/projects/robo/build/robot_brain/build/lib/robot_brain/brain.py -> /root/projects/robo/install/robot_brain/lib/python3.14/site-packages/robot_brain
[18.576s] byte-compiling /root/projects/robo/install/robot_brain/lib/python3.14/site-packages/robot_brain/brain.py to brain.cpython-314.pyc
[18.588s] running install_data
[18.599s] copying resource/robot_brain -> /root/projects/robo/install/robot_brain/share/ament_index/resource_index/packages
[18.615s] copying package.xml -> /root/projects/robo/install/robot_brain/share/robot_brain
[18.620s] running install_egg_info
[18.842s] removing '/root/projects/robo/install/robot_brain/lib/python3.14/site-packages/robot_brain-0.0.0-py3.14.egg-info' (and everything under it)
[18.850s] Copying ../../build/robot_brain/robot_brain.egg-info to /root/projects/robo/install/robot_brain/lib/python3.14/site-packages/robot_brain-0.0.0-py3.14.egg-info
[18.886s] running install_scripts
[20.338s] Installing brain script to /root/projects/robo/install/robot_brain/lib/robot_brain
[20.340s] Installing ear script to /root/projects/robo/install/robot_brain/lib/robot_brain
[20.347s] writing list of installed files to '/root/projects/robo/build/robot_brain/install.log'
[20.489s] Invoked command in '/root/projects/robo/src/robot_brain' returned '0': PYTHONPATH=/root/projects/robo/build/robot_brain/prefix_override:/usr/lib/python3/dist-packages/colcon_core/task/python/colcon_distutils_commands:/root/projects/robo/install/robot_brain/lib/python3.14/site-packages:${PYTHONPATH} /usr/bin/python3 -W ignore:setup.py install is deprecated -W ignore:easy_install command is deprecated setup.py egg_info --egg-base ../../build/robot_brain build --build-base /root/projects/robo/build/robot_brain/build install --record /root/projects/robo/build/robot_brain/install.log --install-scripts $base/lib/robot_brain --single-version-externally-managed install_data
