[10.347s] Invoking command in '/root/projects/robo/src/robot_brain': PYTHONPATH=/root/projects/robo/build/robot_brain/prefix_override:/usr/lib/python3/dist-packages/colcon_core/task/python/colcon_distutils_commands:/root/projects/robo/install/robot_brain/lib/python3.14/site-packages:${PYTHONPATH} /usr/bin/python3 -W ignore:setup.py install is deprecated -W ignore:easy_install command is deprecated setup.py egg_info --egg-base ../../build/robot_brain build --build-base /root/projects/robo/build/robot_brain/build install --record /root/projects/robo/build/robot_brain/install.log --install-scripts $base/lib/robot_brain --single-version-externally-managed install_data
[12.903s] running egg_info
[13.101s] writing ../../build/robot_brain/robot_brain.egg-info/PKG-INFO
[13.113s] writing dependency_links to ../../build/robot_brain/robot_brain.egg-info/dependency_links.txt
[13.118s] writing entry points to ../../build/robot_brain/robot_brain.egg-info/entry_points.txt
[13.122s] writing requirements to ../../build/robot_brain/robot_brain.egg-info/requires.txt
[13.123s] writing top-level names to ../../build/robot_brain/robot_brain.egg-info/top_level.txt
[13.560s] reading manifest file '../../build/robot_brain/robot_brain.egg-info/SOURCES.txt'
[13.591s] writing manifest file '../../build/robot_brain/robot_brain.egg-info/SOURCES.txt'
[13.593s] running build
[13.608s] running build_py
[13.610s] copying robot_brain/__init__.py -> /root/projects/robo/build/robot_brain/build/lib/robot_brain
[13.611s] copying robot_brain/brain.py -> /root/projects/robo/build/robot_brain/build/lib/robot_brain
[13.612s] copying robot_brain/listener.py -> /root/projects/robo/build/robot_brain/build/lib/robot_brain
[13.617s] copying robot_brain/py.typed -> /root/projects/robo/build/robot_brain/build/lib/robot_brain
[13.626s] running install
[13.631s] running install_lib
[13.862s] running install_data
[13.872s] copying resource/robot_brain -> /root/projects/robo/install/robot_brain/share/ament_index/resource_index/packages
[13.885s] copying package.xml -> /root/projects/robo/install/robot_brain/share/robot_brain
[13.893s] running install_egg_info
[14.107s] removing '/root/projects/robo/install/robot_brain/lib/python3.14/site-packages/robot_brain-0.0.0-py3.14.egg-info' (and everything under it)
[14.113s] Copying ../../build/robot_brain/robot_brain.egg-info to /root/projects/robo/install/robot_brain/lib/python3.14/site-packages/robot_brain-0.0.0-py3.14.egg-info
[14.165s] running install_scripts
[15.668s] Installing brain script to /root/projects/robo/install/robot_brain/lib/robot_brain
[15.676s] Installing ear script to /root/projects/robo/install/robot_brain/lib/robot_brain
[15.685s] writing list of installed files to '/root/projects/robo/build/robot_brain/install.log'
[15.845s] Invoked command in '/root/projects/robo/src/robot_brain' returned '0': PYTHONPATH=/root/projects/robo/build/robot_brain/prefix_override:/usr/lib/python3/dist-packages/colcon_core/task/python/colcon_distutils_commands:/root/projects/robo/install/robot_brain/lib/python3.14/site-packages:${PYTHONPATH} /usr/bin/python3 -W ignore:setup.py install is deprecated -W ignore:easy_install command is deprecated setup.py egg_info --egg-base ../../build/robot_brain build --build-base /root/projects/robo/build/robot_brain/build install --record /root/projects/robo/build/robot_brain/install.log --install-scripts $base/lib/robot_brain --single-version-externally-managed install_data
