[11.953s] Invoking command in '/root/projects/robo/src/robot_brain': PYTHONPATH=/root/projects/robo/build/robot_brain/prefix_override:/usr/lib/python3/dist-packages/colcon_core/task/python/colcon_distutils_commands:/root/projects/robo/install/robot_brain/lib/python3.14/site-packages:${PYTHONPATH} /usr/bin/python3 -W ignore:setup.py install is deprecated -W ignore:easy_install command is deprecated setup.py egg_info --egg-base ../../build/robot_brain build --build-base /root/projects/robo/build/robot_brain/build install --record /root/projects/robo/build/robot_brain/install.log --install-scripts $base/lib/robot_brain --single-version-externally-managed install_data
[14.823s] running egg_info
[14.996s] writing ../../build/robot_brain/robot_brain.egg-info/PKG-INFO
[15.002s] writing dependency_links to ../../build/robot_brain/robot_brain.egg-info/dependency_links.txt
[15.005s] writing entry points to ../../build/robot_brain/robot_brain.egg-info/entry_points.txt
[15.006s] writing requirements to ../../build/robot_brain/robot_brain.egg-info/requires.txt
[15.007s] writing top-level names to ../../build/robot_brain/robot_brain.egg-info/top_level.txt
[15.345s] reading manifest file '../../build/robot_brain/robot_brain.egg-info/SOURCES.txt'
[15.363s] writing manifest file '../../build/robot_brain/robot_brain.egg-info/SOURCES.txt'
[15.363s] running build
[15.364s] running build_py
[15.367s] copying robot_brain/__init__.py -> /root/projects/robo/build/robot_brain/build/lib/robot_brain
[15.373s] copying robot_brain/brain.py -> /root/projects/robo/build/robot_brain/build/lib/robot_brain
[15.388s] copying robot_brain/listener.py -> /root/projects/robo/build/robot_brain/build/lib/robot_brain
[15.394s] copying robot_brain/py.typed -> /root/projects/robo/build/robot_brain/build/lib/robot_brain
[15.398s] running install
[15.409s] running install_lib
[15.579s] running install_data
[15.584s] copying resource/robot_brain -> /root/projects/robo/install/robot_brain/share/ament_index/resource_index/packages
[15.594s] copying package.xml -> /root/projects/robo/install/robot_brain/share/robot_brain
[15.597s] running install_egg_info
[15.759s] removing '/root/projects/robo/install/robot_brain/lib/python3.14/site-packages/robot_brain-0.0.0-py3.14.egg-info' (and everything under it)
[15.764s] Copying ../../build/robot_brain/robot_brain.egg-info to /root/projects/robo/install/robot_brain/lib/python3.14/site-packages/robot_brain-0.0.0-py3.14.egg-info
[15.801s] running install_scripts
[17.104s] Installing brain script to /root/projects/robo/install/robot_brain/lib/robot_brain
[17.108s] Installing ear script to /root/projects/robo/install/robot_brain/lib/robot_brain
[17.112s] writing list of installed files to '/root/projects/robo/build/robot_brain/install.log'
[17.226s] Invoked command in '/root/projects/robo/src/robot_brain' returned '0': PYTHONPATH=/root/projects/robo/build/robot_brain/prefix_override:/usr/lib/python3/dist-packages/colcon_core/task/python/colcon_distutils_commands:/root/projects/robo/install/robot_brain/lib/python3.14/site-packages:${PYTHONPATH} /usr/bin/python3 -W ignore:setup.py install is deprecated -W ignore:easy_install command is deprecated setup.py egg_info --egg-base ../../build/robot_brain build --build-base /root/projects/robo/build/robot_brain/build install --record /root/projects/robo/build/robot_brain/install.log --install-scripts $base/lib/robot_brain --single-version-externally-managed install_data
