[17.997s] Invoking command in '/root/projects/robo/build/robot_brain': PS1=(.venv) \[\e]0;\u@\h: \w\a\]${debian_chroot:+($debian_chroot)}\u@\h:\w\$ PYTHONPATH=/root/projects/robo/build/robot_brain/prefix_override:/usr/lib/python3/dist-packages/colcon_core/task/python/colcon_distutils_commands:/root/projects/robo/install/robot_brain/lib/python3.14/site-packages:${PYTHONPATH} /usr/bin/python3 -W ignore:setup.py install is deprecated -W ignore:easy_install command is deprecated setup.py develop --editable --build-directory /root/projects/robo/build/robot_brain/build --no-deps symlink_data --force
[22.473s] running develop
[24.983s] running egg_info
[25.141s] writing robot_brain.egg-info/PKG-INFO
[25.145s] writing dependency_links to robot_brain.egg-info/dependency_links.txt
[25.153s] writing entry points to robot_brain.egg-info/entry_points.txt
[25.156s] writing requirements to robot_brain.egg-info/requires.txt
[25.157s] writing top-level names to robot_brain.egg-info/top_level.txt
[25.508s] reading manifest file 'robot_brain.egg-info/SOURCES.txt'
[25.532s] writing manifest file 'robot_brain.egg-info/SOURCES.txt'
[25.729s] running build_ext
[25.729s] Creating /root/projects/robo/install/robot_brain/lib/python3.14/site-packages/robot-brain.egg-link (link to .)
[25.736s] Installing brain script to /root/projects/robo/install/robot_brain/lib/robot_brain
[25.743s] Installing ear script to /root/projects/robo/install/robot_brain/lib/robot_brain
[25.748s] 
[25.750s] Installed /root/projects/robo/build/robot_brain
[25.751s] running symlink_data
[25.755s] symbolically linking /root/projects/robo/build/robot_brain/resource/robot_brain -> /root/projects/robo/install/robot_brain/share/ament_index/resource_index/packages
[25.776s] symbolically linking /root/projects/robo/build/robot_brain/package.xml -> /root/projects/robo/install/robot_brain/share/robot_brain
[25.947s] Invoked command in '/root/projects/robo/build/robot_brain' returned '0': PS1=(.venv) \[\e]0;\u@\h: \w\a\]${debian_chroot:+($debian_chroot)}\u@\h:\w\$ PYTHONPATH=/root/projects/robo/build/robot_brain/prefix_override:/usr/lib/python3/dist-packages/colcon_core/task/python/colcon_distutils_commands:/root/projects/robo/install/robot_brain/lib/python3.14/site-packages:${PYTHONPATH} /usr/bin/python3 -W ignore:setup.py install is deprecated -W ignore:easy_install command is deprecated setup.py develop --editable --build-directory /root/projects/robo/build/robot_brain/build --no-deps symlink_data --force
