[12.412s] Invoking command in '/root/projects/robo/build/robot_brain': PS1=(.venv) \[\e]0;\u@\h: \w\a\]${debian_chroot:+($debian_chroot)}\u@\h:\w\$ PYTHONPATH=/root/projects/robo/build/robot_brain/prefix_override:/usr/lib/python3/dist-packages/colcon_core/task/python/colcon_distutils_commands:/root/projects/robo/install/robot_brain/lib/python3.14/site-packages:${PYTHONPATH} /usr/bin/python3 -W ignore:setup.py install is deprecated -W ignore:easy_install command is deprecated setup.py develop --uninstall --editable --build-directory /root/projects/robo/build/robot_brain/build
[16.022s] running develop
[18.720s] Removing /root/projects/robo/install/robot_brain/lib/python3.14/site-packages/robot-brain.egg-link (link to .)
[18.896s] Invoked command in '/root/projects/robo/build/robot_brain' returned '0': PS1=(.venv) \[\e]0;\u@\h: \w\a\]${debian_chroot:+($debian_chroot)}\u@\h:\w\$ PYTHONPATH=/root/projects/robo/build/robot_brain/prefix_override:/usr/lib/python3/dist-packages/colcon_core/task/python/colcon_distutils_commands:/root/projects/robo/install/robot_brain/lib/python3.14/site-packages:${PYTHONPATH} /usr/bin/python3 -W ignore:setup.py install is deprecated -W ignore:easy_install command is deprecated setup.py develop --uninstall --editable --build-directory /root/projects/robo/build/robot_brain/build
[18.920s] Invoking command in '/root/projects/robo/src/robot_brain': PS1=(.venv) \[\e]0;\u@\h: \w\a\]${debian_chroot:+($debian_chroot)}\u@\h:\w\$ PYTHONPATH=/root/projects/robo/build/robot_brain/prefix_override:/usr/lib/python3/dist-packages/colcon_core/task/python/colcon_distutils_commands:/root/projects/robo/install/robot_brain/lib/python3.14/site-packages:${PYTHONPATH} /usr/bin/python3 -W ignore:setup.py install is deprecated -W ignore:easy_install command is deprecated setup.py egg_info --egg-base ../../build/robot_brain build --build-base /root/projects/robo/build/robot_brain/build install --record /root/projects/robo/build/robot_brain/install.log --install-scripts $base/lib/robot_brain --single-version-externally-managed install_data --force
[21.639s] running egg_info
[21.806s] writing ../../build/robot_brain/robot_brain.egg-info/PKG-INFO
[21.823s] writing dependency_links to ../../build/robot_brain/robot_brain.egg-info/dependency_links.txt
[21.825s] writing entry points to ../../build/robot_brain/robot_brain.egg-info/entry_points.txt
[21.832s] writing requirements to ../../build/robot_brain/robot_brain.egg-info/requires.txt
[21.833s] writing top-level names to ../../build/robot_brain/robot_brain.egg-info/top_level.txt
[22.216s] reading manifest file '../../build/robot_brain/robot_brain.egg-info/SOURCES.txt'
[22.250s] writing manifest file '../../build/robot_brain/robot_brain.egg-info/SOURCES.txt'
[22.252s] running build
[22.254s] running build_py
[22.256s] copying robot_brain/__init__.py -> /root/projects/robo/build/robot_brain/build/lib/robot_brain
[22.259s] copying robot_brain/brain.py -> /root/projects/robo/build/robot_brain/build/lib/robot_brain
[22.264s] copying robot_brain/listener.py -> /root/projects/robo/build/robot_brain/build/lib/robot_brain
[22.275s] copying robot_brain/py.typed -> /root/projects/robo/build/robot_brain/build/lib/robot_brain
[22.280s] running install
[22.294s] running install_lib
[22.483s] creating /root/projects/robo/install/robot_brain/lib/python3.14/site-packages/robot_brain
[22.484s] copying /root/projects/robo/build/robot_brain/build/lib/robot_brain/__init__.py -> /root/projects/robo/install/robot_brain/lib/python3.14/site-packages/robot_brain
[22.490s] copying /root/projects/robo/build/robot_brain/build/lib/robot_brain/brain.py -> /root/projects/robo/install/robot_brain/lib/python3.14/site-packages/robot_brain
[22.494s] copying /root/projects/robo/build/robot_brain/build/lib/robot_brain/listener.py -> /root/projects/robo/install/robot_brain/lib/python3.14/site-packages/robot_brain
[22.498s] copying /root/projects/robo/build/robot_brain/build/lib/robot_brain/py.typed -> /root/projects/robo/install/robot_brain/lib/python3.14/site-packages/robot_brain
[22.507s] byte-compiling /root/projects/robo/install/robot_brain/lib/python3.14/site-packages/robot_brain/__init__.py to __init__.cpython-314.pyc
[22.514s] byte-compiling /root/projects/robo/install/robot_brain/lib/python3.14/site-packages/robot_brain/brain.py to brain.cpython-314.pyc
[22.518s] byte-compiling /root/projects/robo/install/robot_brain/lib/python3.14/site-packages/robot_brain/listener.py to listener.cpython-314.pyc
[22.525s] running install_data
[22.534s] copying resource/robot_brain -> /root/projects/robo/install/robot_brain/share/ament_index/resource_index/packages
[22.549s] copying package.xml -> /root/projects/robo/install/robot_brain/share/robot_brain
[22.556s] running install_egg_info
[22.750s] Copying ../../build/robot_brain/robot_brain.egg-info to /root/projects/robo/install/robot_brain/lib/python3.14/site-packages/robot_brain-0.0.0-py3.14.egg-info
[22.875s] running install_scripts
[25.024s] Installing brain script to /root/projects/robo/install/robot_brain/lib/robot_brain
[25.026s] Installing ear script to /root/projects/robo/install/robot_brain/lib/robot_brain
[25.029s] writing list of installed files to '/root/projects/robo/build/robot_brain/install.log'
[25.185s] Invoked command in '/root/projects/robo/src/robot_brain' returned '0': PS1=(.venv) \[\e]0;\u@\h: \w\a\]${debian_chroot:+($debian_chroot)}\u@\h:\w\$ PYTHONPATH=/root/projects/robo/build/robot_brain/prefix_override:/usr/lib/python3/dist-packages/colcon_core/task/python/colcon_distutils_commands:/root/projects/robo/install/robot_brain/lib/python3.14/site-packages:${PYTHONPATH} /usr/bin/python3 -W ignore:setup.py install is deprecated -W ignore:easy_install command is deprecated setup.py egg_info --egg-base ../../build/robot_brain build --build-base /root/projects/robo/build/robot_brain/build install --record /root/projects/robo/build/robot_brain/install.log --install-scripts $base/lib/robot_brain --single-version-externally-managed install_data --force
