[3.535s] Invoking command in '/root/projects/robo/build/robot_interfaces': CMAKE_PREFIX_PATH=${CMAKE_PREFIX_PATH}:/root/projects/robo/src/install/robot_brain:/root/projects/robo/install/robot_brain:/opt/ros/lyrical PS1=(.venv) \[\e]0;\u@\h: \w\a\]${debian_chroot:+($debian_chroot)}\u@\h:\w\$ /usr/bin/cmake /root/projects/robo/src/robot_interfaces -DAMENT_CMAKE_SYMLINK_INSTALL=1 -DCMAKE_INSTALL_PREFIX=/root/projects/robo/install/robot_interfaces
[3.952s] -- Found ament_cmake: 2.8.7 (/opt/ros/lyrical/share/ament_cmake/cmake)
[6.433s] -- Override CMake install command with custom implementation using symlinks instead of copying resources
[6.813s] -- Found ament_lint_auto: 0.20.6 (/opt/ros/lyrical/share/ament_lint_auto/cmake)
[8.574s] -- Added test 'lint_cmake' to check CMake code style
[8.739s] -- Added test 'xmllint' to check XML markup files
[8.798s] -- Configuring done (5.1s)
[9.238s] -- Generating done (0.4s)
[9.306s] -- Build files have been written to: /root/projects/robo/build/robot_interfaces
[9.337s] Invoked command in '/root/projects/robo/build/robot_interfaces' returned '0': CMAKE_PREFIX_PATH=${CMAKE_PREFIX_PATH}:/root/projects/robo/src/install/robot_brain:/root/projects/robo/install/robot_brain:/opt/ros/lyrical PS1=(.venv) \[\e]0;\u@\h: \w\a\]${debian_chroot:+($debian_chroot)}\u@\h:\w\$ /usr/bin/cmake /root/projects/robo/src/robot_interfaces -DAMENT_CMAKE_SYMLINK_INSTALL=1 -DCMAKE_INSTALL_PREFIX=/root/projects/robo/install/robot_interfaces
[9.367s] Invoking command in '/root/projects/robo/build/robot_interfaces': CMAKE_PREFIX_PATH=${CMAKE_PREFIX_PATH}:/root/projects/robo/src/install/robot_brain:/root/projects/robo/install/robot_brain:/opt/ros/lyrical PS1=(.venv) \[\e]0;\u@\h: \w\a\]${debian_chroot:+($debian_chroot)}\u@\h:\w\$ /usr/bin/cmake --build /root/projects/robo/build/robot_interfaces -- -j8 -l8
[10.236s] Invoked command in '/root/projects/robo/build/robot_interfaces' returned '0': CMAKE_PREFIX_PATH=${CMAKE_PREFIX_PATH}:/root/projects/robo/src/install/robot_brain:/root/projects/robo/install/robot_brain:/opt/ros/lyrical PS1=(.venv) \[\e]0;\u@\h: \w\a\]${debian_chroot:+($debian_chroot)}\u@\h:\w\$ /usr/bin/cmake --build /root/projects/robo/build/robot_interfaces -- -j8 -l8
[10.387s] Invoking command in '/root/projects/robo/build/robot_interfaces': CMAKE_PREFIX_PATH=${CMAKE_PREFIX_PATH}:/root/projects/robo/src/install/robot_brain:/root/projects/robo/install/robot_brain:/opt/ros/lyrical PS1=(.venv) \[\e]0;\u@\h: \w\a\]${debian_chroot:+($debian_chroot)}\u@\h:\w\$ /usr/bin/cmake --install /root/projects/robo/build/robot_interfaces
[10.535s] -- Install configuration: ""
[10.542s] -- Execute custom install script
[10.579s] -- Up-to-date symlink: /root/projects/robo/install/robot_interfaces/share/ament_index/resource_index/package_run_dependencies/robot_interfaces
[10.621s] -- Up-to-date symlink: /root/projects/robo/install/robot_interfaces/share/ament_index/resource_index/parent_prefix_path/robot_interfaces
[10.636s] -- Up-to-date symlink: /root/projects/robo/install/robot_interfaces/share/robot_interfaces/environment/ament_prefix_path.sh
[10.649s] -- Up-to-date symlink: /root/projects/robo/install/robot_interfaces/share/robot_interfaces/environment/ament_prefix_path.dsv
[10.661s] -- Up-to-date symlink: /root/projects/robo/install/robot_interfaces/share/robot_interfaces/environment/path.sh
[10.674s] -- Up-to-date symlink: /root/projects/robo/install/robot_interfaces/share/robot_interfaces/environment/path.dsv
[10.701s] -- Up-to-date symlink: /root/projects/robo/install/robot_interfaces/share/robot_interfaces/local_setup.bash
[10.756s] -- Up-to-date symlink: /root/projects/robo/install/robot_interfaces/share/robot_interfaces/local_setup.fish
[10.785s] -- Up-to-date symlink: /root/projects/robo/install/robot_interfaces/share/robot_interfaces/local_setup.sh
[10.838s] -- Up-to-date symlink: /root/projects/robo/install/robot_interfaces/share/robot_interfaces/local_setup.zsh
[10.870s] -- Up-to-date symlink: /root/projects/robo/install/robot_interfaces/share/robot_interfaces/local_setup.dsv
[10.886s] -- Symlinking: /root/projects/robo/install/robot_interfaces/share/robot_interfaces/package.dsv
[11.055s] -- Up-to-date symlink: /root/projects/robo/install/robot_interfaces/share/ament_index/resource_index/packages/robot_interfaces
[11.067s] -- Up-to-date symlink: /root/projects/robo/install/robot_interfaces/share/robot_interfaces/cmake/robot_interfacesConfig.cmake
[11.076s] -- Up-to-date symlink: /root/projects/robo/install/robot_interfaces/share/robot_interfaces/cmake/robot_interfacesConfig-version.cmake
[11.087s] -- Up-to-date symlink: /root/projects/robo/install/robot_interfaces/share/robot_interfaces/package.xml
[11.119s] Invoked command in '/root/projects/robo/build/robot_interfaces' returned '0': CMAKE_PREFIX_PATH=${CMAKE_PREFIX_PATH}:/root/projects/robo/src/install/robot_brain:/root/projects/robo/install/robot_brain:/opt/ros/lyrical PS1=(.venv) \[\e]0;\u@\h: \w\a\]${debian_chroot:+($debian_chroot)}\u@\h:\w\$ /usr/bin/cmake --install /root/projects/robo/build/robot_interfaces
