-- The C compiler identification is GNU 15.2.0
-- The CXX compiler identification is GNU 15.2.0
-- Detecting C compiler ABI info
-- Detecting C compiler ABI info - done
-- Check for working C compiler: /usr/bin/cc - skipped
-- Detecting C compile features
-- Detecting C compile features - done
-- Detecting CXX compiler ABI info
-- Detecting CXX compiler ABI info - done
-- Check for working CXX compiler: /usr/bin/c++ - skipped
-- Detecting CXX compile features
-- Detecting CXX compile features - done
-- Found ament_cmake: 2.8.7 (/opt/ros/lyrical/share/ament_cmake/cmake)
-- Found rosidl_default_generators: 1.8.1 (/opt/ros/lyrical/share/rosidl_default_generators/cmake)
-- Using all available rosidl_typesupport_c: rosidl_typesupport_fastrtps_c;rosidl_typesupport_introspection_c
-- Using all available rosidl_typesupport_cpp: rosidl_typesupport_fastrtps_cpp;rosidl_typesupport_introspection_cpp
-- Found rosidl_adapter: 5.2.1 (/opt/ros/lyrical/share/rosidl_adapter/cmake)
-- Found Python3: /usr/bin/python3 (found version "3.14.4") found components: Interpreter
-- Using all available rosidl_typesupport_c: rosidl_typesupport_fastrtps_c;rosidl_typesupport_introspection_c
-- Using all available rosidl_typesupport_cpp: rosidl_typesupport_fastrtps_cpp;rosidl_typesupport_introspection_cpp
-- Found Python3: /usr/bin/python3 (found version "3.14.4") found components: Interpreter Development NumPy Development.Module Development.Embed
-- Found Python3: /usr/bin/python3 (found version "3.14.4") found components: Interpreter
-- Found ament_lint_auto: 0.20.6 (/opt/ros/lyrical/share/ament_lint_auto/cmake)
-- Added test 'lint_cmake' to check CMake code style
-- Added test 'xmllint' to check XML markup files
-- Configuring done (36.0s)
-- Generating done (2.4s)
-- Build files have been written to: /root/projects/robo/build/robot_interfaces
[  2%] [1m[34mGenerating type hashes for ROS interfaces[0m
[  4%] [1m[34mGenerating Rust code for ROS interfaces[0m
[  4%] Built target robot_interfaces__rosidl_generator_type_description
[  4%] Built target robot_interfaces__rs
[  6%] [1m[34mGenerating C code for ROS interfaces[0m
[  8%] [1m[34mGenerating C++ code for ROS interfaces[0m
[  8%] Built target robot_interfaces__cpp
[ 11%] [32mBuilding C object CMakeFiles/robot_interfaces__rosidl_generator_c.dir/rosidl_generator_c/robot_interfaces/msg/detail/robot_state__functions.c.o[0m
[ 13%] [32mBuilding C object CMakeFiles/robot_interfaces__rosidl_generator_c.dir/rosidl_generator_c/robot_interfaces/msg/detail/robot_state__description.c.o[0m
[ 15%] [32mBuilding C object CMakeFiles/robot_interfaces__rosidl_generator_c.dir/rosidl_generator_c/robot_interfaces/msg/detail/position__type_support.c.o[0m
[ 17%] [32mBuilding C object CMakeFiles/robot_interfaces__rosidl_generator_c.dir/rosidl_generator_c/robot_interfaces/msg/detail/robot_state__type_support.c.o[0m
[ 20%] [32mBuilding C object CMakeFiles/robot_interfaces__rosidl_generator_c.dir/rosidl_generator_c/robot_interfaces/msg/detail/position__functions.c.o[0m
[ 22%] [32mBuilding C object CMakeFiles/robot_interfaces__rosidl_generator_c.dir/rosidl_generator_c/robot_interfaces/msg/detail/position__description.c.o[0m
[ 24%] [1m[32mLinking C shared library librobot_interfaces__rosidl_generator_c.so[0m
[ 24%] Built target robot_interfaces__rosidl_generator_c
[ 26%] [1m[34mGenerating C++ type support for eProsima Fast-RTPS[0m
[ 28%] [1m[34mGenerating C introspection for ROS interfaces[0m
[ 31%] [1m[34mGenerating C type support dispatch for ROS interfaces[0m
[ 33%] [1m[34mGenerating C++ introspection for ROS interfaces[0m
[ 35%] [1m[34mGenerating C++ type support dispatch for ROS interfaces[0m
[ 37%] [1m[34mGenerating C type support for eProsima Fast-RTPS[0m
[ 40%] [32mBuilding CXX object CMakeFiles/robot_interfaces__rosidl_typesupport_cpp.dir/rosidl_typesupport_cpp/robot_interfaces/msg/position__type_support.cpp.o[0m
[ 42%] [32mBuilding CXX object CMakeFiles/robot_interfaces__rosidl_typesupport_cpp.dir/rosidl_typesupport_cpp/robot_interfaces/msg/robot_state__type_support.cpp.o[0m
[ 44%] [32mBuilding CXX object CMakeFiles/robot_interfaces__rosidl_typesupport_c.dir/rosidl_typesupport_c/robot_interfaces/msg/position__type_support.cpp.o[0m
[ 46%] [32mBuilding CXX object CMakeFiles/robot_interfaces__rosidl_typesupport_introspection_cpp.dir/rosidl_typesupport_introspection_cpp/robot_interfaces/msg/detail/position__type_support.cpp.o[0m
[ 48%] [32mBuilding CXX object CMakeFiles/robot_interfaces__rosidl_typesupport_c.dir/rosidl_typesupport_c/robot_interfaces/msg/robot_state__type_support.cpp.o[0m
[ 51%] [32mBuilding CXX object CMakeFiles/robot_interfaces__rosidl_typesupport_fastrtps_c.dir/rosidl_typesupport_fastrtps_c/robot_interfaces/msg/detail/position__type_support_c.cpp.o[0m
[ 53%] [32mBuilding C object CMakeFiles/robot_interfaces__rosidl_typesupport_introspection_c.dir/rosidl_typesupport_introspection_c/robot_interfaces/msg/detail/position__type_support.c.o[0m
[ 55%] [32mBuilding CXX object CMakeFiles/robot_interfaces__rosidl_typesupport_fastrtps_cpp.dir/rosidl_typesupport_fastrtps_cpp/robot_interfaces/msg/detail/dds_fastrtps/position__type_support.cpp.o[0m
[ 57%] [32mBuilding C object CMakeFiles/robot_interfaces__rosidl_typesupport_introspection_c.dir/rosidl_typesupport_introspection_c/robot_interfaces/msg/detail/robot_state__type_support.c.o[0m
[ 60%] [1m[32mLinking C shared library librobot_interfaces__rosidl_typesupport_introspection_c.so[0m
[ 62%] [32mBuilding CXX object CMakeFiles/robot_interfaces__rosidl_typesupport_introspection_cpp.dir/rosidl_typesupport_introspection_cpp/robot_interfaces/msg/detail/robot_state__type_support.cpp.o[0m
[ 62%] Built target robot_interfaces__rosidl_typesupport_introspection_c
[ 64%] [32mBuilding CXX object CMakeFiles/robot_interfaces__rosidl_typesupport_fastrtps_cpp.dir/rosidl_typesupport_fastrtps_cpp/robot_interfaces/msg/detail/dds_fastrtps/robot_state__type_support.cpp.o[0m
[ 66%] [32mBuilding CXX object CMakeFiles/robot_interfaces__rosidl_typesupport_fastrtps_c.dir/rosidl_typesupport_fastrtps_c/robot_interfaces/msg/detail/robot_state__type_support_c.cpp.o[0m
[ 68%] [1m[32mLinking CXX shared library librobot_interfaces__rosidl_typesupport_c.so[0m
[ 71%] [1m[32mLinking CXX shared library librobot_interfaces__rosidl_typesupport_fastrtps_cpp.so[0m
[ 71%] Built target robot_interfaces__rosidl_typesupport_c
[ 71%] Built target robot_interfaces__rosidl_typesupport_fastrtps_cpp
[ 73%] [1m[32mLinking CXX shared library librobot_interfaces__rosidl_typesupport_introspection_cpp.so[0m
[ 73%] Built target robot_interfaces__rosidl_typesupport_introspection_cpp
[ 75%] [1m[32mLinking CXX shared library librobot_interfaces__rosidl_typesupport_fastrtps_c.so[0m
[ 75%] Built target robot_interfaces__rosidl_typesupport_fastrtps_c
[ 77%] [1m[32mLinking CXX shared library librobot_interfaces__rosidl_typesupport_cpp.so[0m
[ 77%] Built target robot_interfaces__rosidl_typesupport_cpp
[ 77%] Built target robot_interfaces
[ 80%] [1m[34mGenerating Python code for ROS interfaces[0m
[ 80%] Built target robot_interfaces__py
[ 82%] [32mBuilding C object CMakeFiles/robot_interfaces__rosidl_generator_py.dir/rosidl_generator_py/robot_interfaces/msg/_position_s.c.o[0m
[ 84%] [32mBuilding C object CMakeFiles/robot_interfaces__rosidl_generator_py.dir/rosidl_generator_py/robot_interfaces/msg/_robot_state_s.c.o[0m
[ 84%] Built target ament_cmake_python_sync_robot_interfaces
running egg_info
creating robot_interfaces.egg-info
writing robot_interfaces.egg-info/PKG-INFO
writing dependency_links to robot_interfaces.egg-info/dependency_links.txt
writing top-level names to robot_interfaces.egg-info/top_level.txt
writing manifest file 'robot_interfaces.egg-info/SOURCES.txt'
reading manifest file 'robot_interfaces.egg-info/SOURCES.txt'
writing manifest file 'robot_interfaces.egg-info/SOURCES.txt'
[ 84%] Built target ament_cmake_python_build_robot_interfaces_egg
[ 86%] [1m[32mLinking C shared library librobot_interfaces__rosidl_generator_py.so[0m
[ 86%] Built target robot_interfaces__rosidl_generator_py
[ 88%] [32mBuilding C object CMakeFiles/robot_interfaces_s__rosidl_typesupport_introspection_c.dir/rosidl_generator_py/robot_interfaces/_robot_interfaces_s.ep.rosidl_typesupport_introspection_c.c.o[0m
[ 91%] [32mBuilding C object CMakeFiles/robot_interfaces_s__rosidl_typesupport_c.dir/rosidl_generator_py/robot_interfaces/_robot_interfaces_s.ep.rosidl_typesupport_c.c.o[0m
[ 93%] [32mBuilding C object CMakeFiles/robot_interfaces_s__rosidl_typesupport_fastrtps_c.dir/rosidl_generator_py/robot_interfaces/_robot_interfaces_s.ep.rosidl_typesupport_fastrtps_c.c.o[0m
[ 95%] [1m[32mLinking C shared module rosidl_generator_py/robot_interfaces/robot_interfaces_s__rosidl_typesupport_introspection_c.so[0m
[ 97%] [1m[32mLinking C shared module rosidl_generator_py/robot_interfaces/robot_interfaces_s__rosidl_typesupport_c.so[0m
[ 97%] Built target robot_interfaces_s__rosidl_typesupport_introspection_c
[ 97%] Built target robot_interfaces_s__rosidl_typesupport_c
[100%] [1m[32mLinking C shared module rosidl_generator_py/robot_interfaces/robot_interfaces_s__rosidl_typesupport_fastrtps_c.so[0m
[100%] Built target robot_interfaces_s__rosidl_typesupport_fastrtps_c
-- Install configuration: ""
-- Installing: /root/projects/robo/install/robot_interfaces/share/ament_index/resource_index/rosidl_interfaces/robot_interfaces
-- Installing: /root/projects/robo/install/robot_interfaces/share/robot_interfaces/msg/Position.json
-- Installing: /root/projects/robo/install/robot_interfaces/share/robot_interfaces/msg/RobotState.json
-- Installing: /root/projects/robo/install/robot_interfaces/include/robot_interfaces/robot_interfaces
-- Installing: /root/projects/robo/install/robot_interfaces/include/robot_interfaces/robot_interfaces/msg
-- Installing: /root/projects/robo/install/robot_interfaces/include/robot_interfaces/robot_interfaces/msg/position.h
-- Installing: /root/projects/robo/install/robot_interfaces/include/robot_interfaces/robot_interfaces/msg/detail
-- Installing: /root/projects/robo/install/robot_interfaces/include/robot_interfaces/robot_interfaces/msg/detail/position__description.c
-- Installing: /root/projects/robo/install/robot_interfaces/include/robot_interfaces/robot_interfaces/msg/detail/position__functions.c
-- Installing: /root/projects/robo/install/robot_interfaces/include/robot_interfaces/robot_interfaces/msg/detail/position__functions.h
-- Installing: /root/projects/robo/install/robot_interfaces/include/robot_interfaces/robot_interfaces/msg/detail/position__struct.h
-- Installing: /root/projects/robo/install/robot_interfaces/include/robot_interfaces/robot_interfaces/msg/detail/position__type_support.c
-- Installing: /root/projects/robo/install/robot_interfaces/include/robot_interfaces/robot_interfaces/msg/detail/position__type_support.h
-- Installing: /root/projects/robo/install/robot_interfaces/include/robot_interfaces/robot_interfaces/msg/detail/robot_state__description.c
-- Installing: /root/projects/robo/install/robot_interfaces/include/robot_interfaces/robot_interfaces/msg/detail/robot_state__functions.c
-- Installing: /root/projects/robo/install/robot_interfaces/include/robot_interfaces/robot_interfaces/msg/detail/robot_state__functions.h
-- Installing: /root/projects/robo/install/robot_interfaces/include/robot_interfaces/robot_interfaces/msg/detail/robot_state__struct.h
-- Installing: /root/projects/robo/install/robot_interfaces/include/robot_interfaces/robot_interfaces/msg/detail/robot_state__type_support.c
-- Installing: /root/projects/robo/install/robot_interfaces/include/robot_interfaces/robot_interfaces/msg/detail/robot_state__type_support.h
-- Installing: /root/projects/robo/install/robot_interfaces/include/robot_interfaces/robot_interfaces/msg/robot_state.h
-- Installing: /root/projects/robo/install/robot_interfaces/include/robot_interfaces/robot_interfaces/msg/rosidl_generator_c__visibility_control.h
-- Installing: /root/projects/robo/install/robot_interfaces/share/robot_interfaces/environment/library_path.sh
-- Installing: /root/projects/robo/install/robot_interfaces/share/robot_interfaces/environment/library_path.dsv
-- Installing: /root/projects/robo/install/robot_interfaces/lib/librobot_interfaces__rosidl_generator_c.so
-- Set non-toolchain portion of runtime path of "/root/projects/robo/install/robot_interfaces/lib/librobot_interfaces__rosidl_generator_c.so" to ""
-- Up-to-date: /root/projects/robo/install/robot_interfaces/include/robot_interfaces/robot_interfaces
-- Up-to-date: /root/projects/robo/install/robot_interfaces/include/robot_interfaces/robot_interfaces/msg
-- Up-to-date: /root/projects/robo/install/robot_interfaces/include/robot_interfaces/robot_interfaces/msg/detail
-- Installing: /root/projects/robo/install/robot_interfaces/include/robot_interfaces/robot_interfaces/msg/detail/position__rosidl_typesupport_fastrtps_c.h
-- Installing: /root/projects/robo/install/robot_interfaces/include/robot_interfaces/robot_interfaces/msg/detail/robot_state__rosidl_typesupport_fastrtps_c.h
-- Installing: /root/projects/robo/install/robot_interfaces/include/robot_interfaces/robot_interfaces/msg/rosidl_typesupport_fastrtps_c__visibility_control.h
-- Installing: /root/projects/robo/install/robot_interfaces/lib/librobot_interfaces__rosidl_typesupport_fastrtps_c.so
-- Set non-toolchain portion of runtime path of "/root/projects/robo/install/robot_interfaces/lib/librobot_interfaces__rosidl_typesupport_fastrtps_c.so" to ""
-- Up-to-date: /root/projects/robo/install/robot_interfaces/include/robot_interfaces/robot_interfaces
-- Up-to-date: /root/projects/robo/install/robot_interfaces/include/robot_interfaces/robot_interfaces/msg
-- Up-to-date: /root/projects/robo/install/robot_interfaces/include/robot_interfaces/robot_interfaces/msg/detail
-- Installing: /root/projects/robo/install/robot_interfaces/include/robot_interfaces/robot_interfaces/msg/detail/position__rosidl_typesupport_introspection_c.h
-- Installing: /root/projects/robo/install/robot_interfaces/include/robot_interfaces/robot_interfaces/msg/detail/position__type_support.c
-- Installing: /root/projects/robo/install/robot_interfaces/include/robot_interfaces/robot_interfaces/msg/detail/robot_state__rosidl_typesupport_introspection_c.h
-- Installing: /root/projects/robo/install/robot_interfaces/include/robot_interfaces/robot_interfaces/msg/detail/robot_state__type_support.c
-- Installing: /root/projects/robo/install/robot_interfaces/include/robot_interfaces/robot_interfaces/msg/rosidl_typesupport_introspection_c__visibility_control.h
-- Installing: /root/projects/robo/install/robot_interfaces/lib/librobot_interfaces__rosidl_typesupport_introspection_c.so
-- Set non-toolchain portion of runtime path of "/root/projects/robo/install/robot_interfaces/lib/librobot_interfaces__rosidl_typesupport_introspection_c.so" to ""
-- Installing: /root/projects/robo/install/robot_interfaces/lib/librobot_interfaces__rosidl_typesupport_c.so
-- Set non-toolchain portion of runtime path of "/root/projects/robo/install/robot_interfaces/lib/librobot_interfaces__rosidl_typesupport_c.so" to ""
-- Up-to-date: /root/projects/robo/install/robot_interfaces/include/robot_interfaces/robot_interfaces
-- Up-to-date: /root/projects/robo/install/robot_interfaces/include/robot_interfaces/robot_interfaces/msg
-- Installing: /root/projects/robo/install/robot_interfaces/include/robot_interfaces/robot_interfaces/msg/position.hpp
-- Up-to-date: /root/projects/robo/install/robot_interfaces/include/robot_interfaces/robot_interfaces/msg/detail
-- Installing: /root/projects/robo/install/robot_interfaces/include/robot_interfaces/robot_interfaces/msg/detail/position__builder.hpp
-- Installing: /root/projects/robo/install/robot_interfaces/include/robot_interfaces/robot_interfaces/msg/detail/position__struct.hpp
-- Installing: /root/projects/robo/install/robot_interfaces/include/robot_interfaces/robot_interfaces/msg/detail/position__traits.hpp
-- Installing: /root/projects/robo/install/robot_interfaces/include/robot_interfaces/robot_interfaces/msg/detail/position__type_support.hpp
-- Installing: /root/projects/robo/install/robot_interfaces/include/robot_interfaces/robot_interfaces/msg/detail/robot_state__builder.hpp
-- Installing: /root/projects/robo/install/robot_interfaces/include/robot_interfaces/robot_interfaces/msg/detail/robot_state__struct.hpp
-- Installing: /root/projects/robo/install/robot_interfaces/include/robot_interfaces/robot_interfaces/msg/detail/robot_state__traits.hpp
-- Installing: /root/projects/robo/install/robot_interfaces/include/robot_interfaces/robot_interfaces/msg/detail/robot_state__type_support.hpp
-- Installing: /root/projects/robo/install/robot_interfaces/include/robot_interfaces/robot_interfaces/msg/robot_state.hpp
-- Installing: /root/projects/robo/install/robot_interfaces/include/robot_interfaces/robot_interfaces/msg/rosidl_generator_cpp__visibility_control.hpp
-- Up-to-date: /root/projects/robo/install/robot_interfaces/include/robot_interfaces/robot_interfaces
-- Up-to-date: /root/projects/robo/install/robot_interfaces/include/robot_interfaces/robot_interfaces/msg
-- Up-to-date: /root/projects/robo/install/robot_interfaces/include/robot_interfaces/robot_interfaces/msg/detail
-- Installing: /root/projects/robo/install/robot_interfaces/include/robot_interfaces/robot_interfaces/msg/detail/position__rosidl_typesupport_fastrtps_cpp.hpp
-- Installing: /root/projects/robo/install/robot_interfaces/include/robot_interfaces/robot_interfaces/msg/detail/dds_fastrtps
-- Installing: /root/projects/robo/install/robot_interfaces/include/robot_interfaces/robot_interfaces/msg/detail/robot_state__rosidl_typesupport_fastrtps_cpp.hpp
-- Installing: /root/projects/robo/install/robot_interfaces/include/robot_interfaces/robot_interfaces/msg/rosidl_typesupport_fastrtps_cpp__visibility_control.h
-- Installing: /root/projects/robo/install/robot_interfaces/lib/librobot_interfaces__rosidl_typesupport_fastrtps_cpp.so
-- Set non-toolchain portion of runtime path of "/root/projects/robo/install/robot_interfaces/lib/librobot_interfaces__rosidl_typesupport_fastrtps_cpp.so" to ""
-- Up-to-date: /root/projects/robo/install/robot_interfaces/include/robot_interfaces/robot_interfaces
-- Up-to-date: /root/projects/robo/install/robot_interfaces/include/robot_interfaces/robot_interfaces/msg
-- Up-to-date: /root/projects/robo/install/robot_interfaces/include/robot_interfaces/robot_interfaces/msg/detail
-- Installing: /root/projects/robo/install/robot_interfaces/include/robot_interfaces/robot_interfaces/msg/detail/position__rosidl_typesupport_introspection_cpp.hpp
-- Installing: /root/projects/robo/install/robot_interfaces/include/robot_interfaces/robot_interfaces/msg/detail/position__type_support.cpp
-- Installing: /root/projects/robo/install/robot_interfaces/include/robot_interfaces/robot_interfaces/msg/detail/robot_state__rosidl_typesupport_introspection_cpp.hpp
-- Installing: /root/projects/robo/install/robot_interfaces/include/robot_interfaces/robot_interfaces/msg/detail/robot_state__type_support.cpp
-- Installing: /root/projects/robo/install/robot_interfaces/lib/librobot_interfaces__rosidl_typesupport_introspection_cpp.so
-- Set non-toolchain portion of runtime path of "/root/projects/robo/install/robot_interfaces/lib/librobot_interfaces__rosidl_typesupport_introspection_cpp.so" to ""
-- Installing: /root/projects/robo/install/robot_interfaces/lib/librobot_interfaces__rosidl_typesupport_cpp.so
-- Set non-toolchain portion of runtime path of "/root/projects/robo/install/robot_interfaces/lib/librobot_interfaces__rosidl_typesupport_cpp.so" to ""
-- Installing: /root/projects/robo/install/robot_interfaces/share/robot_interfaces/environment/pythonpath.sh
-- Installing: /root/projects/robo/install/robot_interfaces/share/robot_interfaces/environment/pythonpath.dsv
-- Installing: /root/projects/robo/install/robot_interfaces/lib/python3.14/site-packages/robot_interfaces/robot_interfaces_s__rosidl_typesupport_fastrtps_c.so
-- Set non-toolchain portion of runtime path of "/root/projects/robo/install/robot_interfaces/lib/python3.14/site-packages/robot_interfaces/robot_interfaces_s__rosidl_typesupport_fastrtps_c.so" to ""
-- Installing: /root/projects/robo/install/robot_interfaces/lib/python3.14/site-packages/robot_interfaces/robot_interfaces_s__rosidl_typesupport_introspection_c.so
-- Set non-toolchain portion of runtime path of "/root/projects/robo/install/robot_interfaces/lib/python3.14/site-packages/robot_interfaces/robot_interfaces_s__rosidl_typesupport_introspection_c.so" to ""
-- Installing: /root/projects/robo/install/robot_interfaces/lib/python3.14/site-packages/robot_interfaces/robot_interfaces_s__rosidl_typesupport_c.so
-- Set non-toolchain portion of runtime path of "/root/projects/robo/install/robot_interfaces/lib/python3.14/site-packages/robot_interfaces/robot_interfaces_s__rosidl_typesupport_c.so" to ""
-- Installing: /root/projects/robo/install/robot_interfaces/lib/librobot_interfaces__rosidl_generator_py.so
-- Set non-toolchain portion of runtime path of "/root/projects/robo/install/robot_interfaces/lib/librobot_interfaces__rosidl_generator_py.so" to ""
-- Installing: /root/projects/robo/install/robot_interfaces/share/ament_index/resource_index/rust_packages/robot_interfaces
-- Installing: /root/projects/robo/install/robot_interfaces/share/robot_interfaces/rust
-- Installing: /root/projects/robo/install/robot_interfaces/share/robot_interfaces/rust/src
-- Installing: /root/projects/robo/install/robot_interfaces/share/robot_interfaces/rust/src/msg.rs
-- Installing: /root/projects/robo/install/robot_interfaces/share/robot_interfaces/rust/src/msg
-- Installing: /root/projects/robo/install/robot_interfaces/share/robot_interfaces/rust/src/msg/rmw.rs
-- Installing: /root/projects/robo/install/robot_interfaces/share/robot_interfaces/rust/src/lib.rs
-- Installing: /root/projects/robo/install/robot_interfaces/share/robot_interfaces/rust/Cargo.toml
-- Installing: /root/projects/robo/install/robot_interfaces/share/robot_interfaces/rust/build.rs
-- Installing: /root/projects/robo/install/robot_interfaces/share/robot_interfaces/msg/Position.idl
-- Installing: /root/projects/robo/install/robot_interfaces/share/robot_interfaces/msg/RobotState.idl
-- Installing: /root/projects/robo/install/robot_interfaces/share/robot_interfaces/msg/Position.msg
-- Installing: /root/projects/robo/install/robot_interfaces/share/robot_interfaces/msg/RobotState.msg
-- Installing: /root/projects/robo/install/robot_interfaces/share/ament_index/resource_index/package_run_dependencies/robot_interfaces
-- Installing: /root/projects/robo/install/robot_interfaces/share/ament_index/resource_index/parent_prefix_path/robot_interfaces
-- Installing: /root/projects/robo/install/robot_interfaces/share/robot_interfaces/environment/ament_prefix_path.sh
-- Installing: /root/projects/robo/install/robot_interfaces/share/robot_interfaces/environment/ament_prefix_path.dsv
-- Installing: /root/projects/robo/install/robot_interfaces/share/robot_interfaces/environment/path.sh
-- Installing: /root/projects/robo/install/robot_interfaces/share/robot_interfaces/environment/path.dsv
-- Installing: /root/projects/robo/install/robot_interfaces/share/robot_interfaces/local_setup.bash
-- Installing: /root/projects/robo/install/robot_interfaces/share/robot_interfaces/local_setup.fish
-- Installing: /root/projects/robo/install/robot_interfaces/share/robot_interfaces/local_setup.sh
-- Installing: /root/projects/robo/install/robot_interfaces/share/robot_interfaces/local_setup.zsh
-- Installing: /root/projects/robo/install/robot_interfaces/share/robot_interfaces/local_setup.dsv
-- Installing: /root/projects/robo/install/robot_interfaces/share/robot_interfaces/package.dsv
-- Installing: /root/projects/robo/install/robot_interfaces/share/ament_index/resource_index/packages/robot_interfaces
-- Installing: /root/projects/robo/install/robot_interfaces/share/robot_interfaces/cmake/export_robot_interfaces__rosidl_generator_cExport.cmake
-- Installing: /root/projects/robo/install/robot_interfaces/share/robot_interfaces/cmake/export_robot_interfaces__rosidl_generator_cExport-noconfig.cmake
-- Installing: /root/projects/robo/install/robot_interfaces/share/robot_interfaces/cmake/export_robot_interfaces__rosidl_typesupport_fastrtps_cExport.cmake
-- Installing: /root/projects/robo/install/robot_interfaces/share/robot_interfaces/cmake/export_robot_interfaces__rosidl_typesupport_fastrtps_cExport-noconfig.cmake
-- Installing: /root/projects/robo/install/robot_interfaces/share/robot_interfaces/cmake/robot_interfaces__rosidl_typesupport_introspection_cExport.cmake
-- Installing: /root/projects/robo/install/robot_interfaces/share/robot_interfaces/cmake/robot_interfaces__rosidl_typesupport_introspection_cExport-noconfig.cmake
-- Installing: /root/projects/robo/install/robot_interfaces/share/robot_interfaces/cmake/robot_interfaces__rosidl_typesupport_cExport.cmake
-- Installing: /root/projects/robo/install/robot_interfaces/share/robot_interfaces/cmake/robot_interfaces__rosidl_typesupport_cExport-noconfig.cmake
-- Installing: /root/projects/robo/install/robot_interfaces/share/robot_interfaces/cmake/export_robot_interfaces__rosidl_generator_cppExport.cmake
-- Installing: /root/projects/robo/install/robot_interfaces/share/robot_interfaces/cmake/export_robot_interfaces__rosidl_typesupport_fastrtps_cppExport.cmake
-- Installing: /root/projects/robo/install/robot_interfaces/share/robot_interfaces/cmake/export_robot_interfaces__rosidl_typesupport_fastrtps_cppExport-noconfig.cmake
-- Installing: /root/projects/robo/install/robot_interfaces/share/robot_interfaces/cmake/robot_interfaces__rosidl_typesupport_introspection_cppExport.cmake
-- Installing: /root/projects/robo/install/robot_interfaces/share/robot_interfaces/cmake/robot_interfaces__rosidl_typesupport_introspection_cppExport-noconfig.cmake
-- Installing: /root/projects/robo/install/robot_interfaces/share/robot_interfaces/cmake/robot_interfaces__rosidl_typesupport_cppExport.cmake
-- Installing: /root/projects/robo/install/robot_interfaces/share/robot_interfaces/cmake/robot_interfaces__rosidl_typesupport_cppExport-noconfig.cmake
-- Installing: /root/projects/robo/install/robot_interfaces/share/robot_interfaces/cmake/export_robot_interfaces__rosidl_generator_pyExport.cmake
-- Installing: /root/projects/robo/install/robot_interfaces/share/robot_interfaces/cmake/export_robot_interfaces__rosidl_generator_pyExport-noconfig.cmake
-- Installing: /root/projects/robo/install/robot_interfaces/lib/python3.14/site-packages/robot_interfaces-0.0.0-py3.14.egg-info
-- Installing: /root/projects/robo/install/robot_interfaces/lib/python3.14/site-packages/robot_interfaces-0.0.0-py3.14.egg-info/top_level.txt
-- Installing: /root/projects/robo/install/robot_interfaces/lib/python3.14/site-packages/robot_interfaces-0.0.0-py3.14.egg-info/PKG-INFO
-- Installing: /root/projects/robo/install/robot_interfaces/lib/python3.14/site-packages/robot_interfaces-0.0.0-py3.14.egg-info/dependency_links.txt
-- Installing: /root/projects/robo/install/robot_interfaces/lib/python3.14/site-packages/robot_interfaces-0.0.0-py3.14.egg-info/SOURCES.txt
-- Up-to-date: /root/projects/robo/install/robot_interfaces/lib/python3.14/site-packages/robot_interfaces
-- Installing: /root/projects/robo/install/robot_interfaces/lib/python3.14/site-packages/robot_interfaces/__init__.py
-- Installing: /root/projects/robo/install/robot_interfaces/lib/python3.14/site-packages/robot_interfaces/msg
-- Installing: /root/projects/robo/install/robot_interfaces/lib/python3.14/site-packages/robot_interfaces/msg/_position.py
-- Installing: /root/projects/robo/install/robot_interfaces/lib/python3.14/site-packages/robot_interfaces/msg/_position_s.c
-- Installing: /root/projects/robo/install/robot_interfaces/lib/python3.14/site-packages/robot_interfaces/msg/_robot_state.py
-- Installing: /root/projects/robo/install/robot_interfaces/lib/python3.14/site-packages/robot_interfaces/msg/_robot_state_s.c
-- Installing: /root/projects/robo/install/robot_interfaces/lib/python3.14/site-packages/robot_interfaces/msg/__init__.py
-- Installing: /root/projects/robo/install/robot_interfaces/lib/python3.14/site-packages/robot_interfaces/_robot_interfaces_s.ep.rosidl_typesupport_fastrtps_c.c
-- Installing: /root/projects/robo/install/robot_interfaces/lib/python3.14/site-packages/robot_interfaces/_robot_interfaces_s.ep.rosidl_typesupport_introspection_c.c
-- Installing: /root/projects/robo/install/robot_interfaces/lib/python3.14/site-packages/robot_interfaces/_robot_interfaces_s.ep.rosidl_typesupport_c.c
-- Installing: /root/projects/robo/install/robot_interfaces/lib/python3.14/site-packages/robot_interfaces/py.typed
-- Up-to-date: /root/projects/robo/install/robot_interfaces/lib/python3.14/site-packages/robot_interfaces/robot_interfaces_s__rosidl_typesupport_introspection_c.so
-- Up-to-date: /root/projects/robo/install/robot_interfaces/lib/python3.14/site-packages/robot_interfaces/robot_interfaces_s__rosidl_typesupport_c.so
-- Up-to-date: /root/projects/robo/install/robot_interfaces/lib/python3.14/site-packages/robot_interfaces/robot_interfaces_s__rosidl_typesupport_fastrtps_c.so
Listing '/root/projects/robo/install/robot_interfaces/lib/python3.14/site-packages/robot_interfaces'...
Compiling '/root/projects/robo/install/robot_interfaces/lib/python3.14/site-packages/robot_interfaces/__init__.py'...
Listing '/root/projects/robo/install/robot_interfaces/lib/python3.14/site-packages/robot_interfaces/msg'...
Compiling '/root/projects/robo/install/robot_interfaces/lib/python3.14/site-packages/robot_interfaces/msg/__init__.py'...
Compiling '/root/projects/robo/install/robot_interfaces/lib/python3.14/site-packages/robot_interfaces/msg/_position.py'...
Compiling '/root/projects/robo/install/robot_interfaces/lib/python3.14/site-packages/robot_interfaces/msg/_robot_state.py'...
-- Installing: /root/projects/robo/install/robot_interfaces/share/robot_interfaces/cmake/rosidl_cmake-extras.cmake
-- Installing: /root/projects/robo/install/robot_interfaces/share/robot_interfaces/cmake/ament_cmake_export_include_directories-extras.cmake
-- Installing: /root/projects/robo/install/robot_interfaces/share/robot_interfaces/cmake/ament_cmake_export_libraries-extras.cmake
-- Installing: /root/projects/robo/install/robot_interfaces/share/robot_interfaces/cmake/ament_cmake_export_targets-extras.cmake
-- Installing: /root/projects/robo/install/robot_interfaces/share/robot_interfaces/cmake/rosidl_cmake_export_typesupport_targets-extras.cmake
-- Installing: /root/projects/robo/install/robot_interfaces/share/robot_interfaces/cmake/ament_cmake_export_dependencies-extras.cmake
-- Installing: /root/projects/robo/install/robot_interfaces/share/robot_interfaces/cmake/rosidl_cmake_export_typesupport_libraries-extras.cmake
-- Installing: /root/projects/robo/install/robot_interfaces/share/robot_interfaces/cmake/rosidl_cmake_aggregate_target-extras.cmake
-- Installing: /root/projects/robo/install/robot_interfaces/share/robot_interfaces/cmake/robot_interfacesConfig.cmake
-- Installing: /root/projects/robo/install/robot_interfaces/share/robot_interfaces/cmake/robot_interfacesConfig-version.cmake
-- Installing: /root/projects/robo/install/robot_interfaces/share/robot_interfaces/package.xml
