[3.450s] Invoking command in '/root/projects/robo/build/robot_interfaces': CMAKE_PREFIX_PATH=/opt/ros/lyrical /usr/bin/cmake /root/projects/robo/src/robot_interfaces -DCMAKE_INSTALL_PREFIX=/root/projects/robo/install/robot_interfaces
[5.001s] -- The C compiler identification is GNU 15.2.0
[6.657s] -- The CXX compiler identification is GNU 15.2.0
[7.000s] -- Detecting C compiler ABI info
[8.560s] -- Detecting C compiler ABI info - done
[8.647s] -- Check for working C compiler: /usr/bin/cc - skipped
[8.655s] -- Detecting C compile features
[8.662s] -- Detecting C compile features - done
[8.965s] -- Detecting CXX compiler ABI info
[10.474s] -- Detecting CXX compiler ABI info - done
[10.539s] -- Check for working CXX compiler: /usr/bin/c++ - skipped
[10.543s] -- Detecting CXX compile features
[10.550s] -- Detecting CXX compile features - done
[10.883s] -- Found ament_cmake: 2.8.7 (/opt/ros/lyrical/share/ament_cmake/cmake)
[17.197s] -- Found rosidl_default_generators: 1.8.1 (/opt/ros/lyrical/share/rosidl_default_generators/cmake)
[17.522s] -- Using all available rosidl_typesupport_c: rosidl_typesupport_fastrtps_c;rosidl_typesupport_introspection_c
[19.146s] -- Using all available rosidl_typesupport_cpp: rosidl_typesupport_fastrtps_cpp;rosidl_typesupport_introspection_cpp
[20.405s] -- Found rosidl_adapter: 5.2.1 (/opt/ros/lyrical/share/rosidl_adapter/cmake)
[21.533s] -- Found Python3: /usr/bin/python3 (found version "3.14.4") found components: Interpreter
[28.893s] -- Using all available rosidl_typesupport_c: rosidl_typesupport_fastrtps_c;rosidl_typesupport_introspection_c
[33.959s] -- Using all available rosidl_typesupport_cpp: rosidl_typesupport_fastrtps_cpp;rosidl_typesupport_introspection_cpp
[37.062s] -- Found Python3: /usr/bin/python3 (found version "3.14.4") found components: Interpreter Development NumPy Development.Module Development.Embed
[37.864s] -- Found Python3: /usr/bin/python3 (found version "3.14.4") found components: Interpreter
[37.963s] -- Found ament_lint_auto: 0.20.6 (/opt/ros/lyrical/share/ament_lint_auto/cmake)
[39.242s] -- Added test 'lint_cmake' to check CMake code style
[39.428s] -- Added test 'xmllint' to check XML markup files
[39.717s] -- Configuring done (36.0s)
[42.178s] -- Generating done (2.4s)
[42.354s] -- Build files have been written to: /root/projects/robo/build/robot_interfaces
[42.388s] Invoked command in '/root/projects/robo/build/robot_interfaces' returned '0': CMAKE_PREFIX_PATH=/opt/ros/lyrical /usr/bin/cmake /root/projects/robo/src/robot_interfaces -DCMAKE_INSTALL_PREFIX=/root/projects/robo/install/robot_interfaces
[42.413s] Invoking command in '/root/projects/robo/build/robot_interfaces': CMAKE_PREFIX_PATH=/opt/ros/lyrical /usr/bin/cmake --build /root/projects/robo/build/robot_interfaces -- -j8 -l8
[44.122s] [  2%] [1m[34mGenerating type hashes for ROS interfaces[0m
[44.127s] [  4%] [1m[34mGenerating Rust code for ROS interfaces[0m
[46.113s] [  4%] Built target robot_interfaces__rosidl_generator_type_description
[46.828s] [  4%] Built target robot_interfaces__rs
[46.886s] [  6%] [1m[34mGenerating C code for ROS interfaces[0m
[47.093s] [  8%] [1m[34mGenerating C++ code for ROS interfaces[0m
[49.360s] [  8%] Built target robot_interfaces__cpp
[49.597s] [ 11%] [32mBuilding C object CMakeFiles/robot_interfaces__rosidl_generator_c.dir/rosidl_generator_c/robot_interfaces/msg/detail/robot_state__functions.c.o[0m
[49.620s] [ 13%] [32mBuilding C object CMakeFiles/robot_interfaces__rosidl_generator_c.dir/rosidl_generator_c/robot_interfaces/msg/detail/robot_state__description.c.o[0m
[49.627s] [ 15%] [32mBuilding C object CMakeFiles/robot_interfaces__rosidl_generator_c.dir/rosidl_generator_c/robot_interfaces/msg/detail/position__type_support.c.o[0m
[49.628s] [ 17%] [32mBuilding C object CMakeFiles/robot_interfaces__rosidl_generator_c.dir/rosidl_generator_c/robot_interfaces/msg/detail/robot_state__type_support.c.o[0m
[49.638s] [ 20%] [32mBuilding C object CMakeFiles/robot_interfaces__rosidl_generator_c.dir/rosidl_generator_c/robot_interfaces/msg/detail/position__functions.c.o[0m
[49.703s] [ 22%] [32mBuilding C object CMakeFiles/robot_interfaces__rosidl_generator_c.dir/rosidl_generator_c/robot_interfaces/msg/detail/position__description.c.o[0m
[52.865s] [ 24%] [1m[32mLinking C shared library librobot_interfaces__rosidl_generator_c.so[0m
[53.713s] [ 24%] Built target robot_interfaces__rosidl_generator_c
[53.989s] [ 26%] [1m[34mGenerating C++ type support for eProsima Fast-RTPS[0m
[53.990s] [ 28%] [1m[34mGenerating C introspection for ROS interfaces[0m
[53.991s] [ 31%] [1m[34mGenerating C type support dispatch for ROS interfaces[0m
[54.021s] [ 33%] [1m[34mGenerating C++ introspection for ROS interfaces[0m
[54.086s] [ 35%] [1m[34mGenerating C++ type support dispatch for ROS interfaces[0m
[54.178s] [ 37%] [1m[34mGenerating C type support for eProsima Fast-RTPS[0m
[56.074s] [ 40%] [32mBuilding CXX object CMakeFiles/robot_interfaces__rosidl_typesupport_cpp.dir/rosidl_typesupport_cpp/robot_interfaces/msg/position__type_support.cpp.o[0m
[56.167s] [ 42%] [32mBuilding CXX object CMakeFiles/robot_interfaces__rosidl_typesupport_cpp.dir/rosidl_typesupport_cpp/robot_interfaces/msg/robot_state__type_support.cpp.o[0m
[56.191s] [ 44%] [32mBuilding CXX object CMakeFiles/robot_interfaces__rosidl_typesupport_c.dir/rosidl_typesupport_c/robot_interfaces/msg/position__type_support.cpp.o[0m
[56.206s] [ 46%] [32mBuilding CXX object CMakeFiles/robot_interfaces__rosidl_typesupport_introspection_cpp.dir/rosidl_typesupport_introspection_cpp/robot_interfaces/msg/detail/position__type_support.cpp.o[0m
[56.327s] [ 48%] [32mBuilding CXX object CMakeFiles/robot_interfaces__rosidl_typesupport_c.dir/rosidl_typesupport_c/robot_interfaces/msg/robot_state__type_support.cpp.o[0m
[56.459s] [ 51%] [32mBuilding CXX object CMakeFiles/robot_interfaces__rosidl_typesupport_fastrtps_c.dir/rosidl_typesupport_fastrtps_c/robot_interfaces/msg/detail/position__type_support_c.cpp.o[0m
[57.316s] [ 53%] [32mBuilding C object CMakeFiles/robot_interfaces__rosidl_typesupport_introspection_c.dir/rosidl_typesupport_introspection_c/robot_interfaces/msg/detail/position__type_support.c.o[0m
[58.041s] [ 55%] [32mBuilding CXX object CMakeFiles/robot_interfaces__rosidl_typesupport_fastrtps_cpp.dir/rosidl_typesupport_fastrtps_cpp/robot_interfaces/msg/detail/dds_fastrtps/position__type_support.cpp.o[0m
[58.962s] [ 57%] [32mBuilding C object CMakeFiles/robot_interfaces__rosidl_typesupport_introspection_c.dir/rosidl_typesupport_introspection_c/robot_interfaces/msg/detail/robot_state__type_support.c.o[0m
[60.864s] [ 60%] [1m[32mLinking C shared library librobot_interfaces__rosidl_typesupport_introspection_c.so[0m
[60.873s] [ 62%] [32mBuilding CXX object CMakeFiles/robot_interfaces__rosidl_typesupport_introspection_cpp.dir/rosidl_typesupport_introspection_cpp/robot_interfaces/msg/detail/robot_state__type_support.cpp.o[0m
[61.666s] [ 62%] Built target robot_interfaces__rosidl_typesupport_introspection_c
[61.714s] [ 64%] [32mBuilding CXX object CMakeFiles/robot_interfaces__rosidl_typesupport_fastrtps_cpp.dir/rosidl_typesupport_fastrtps_cpp/robot_interfaces/msg/detail/dds_fastrtps/robot_state__type_support.cpp.o[0m
[71.297s] [ 66%] [32mBuilding CXX object CMakeFiles/robot_interfaces__rosidl_typesupport_fastrtps_c.dir/rosidl_typesupport_fastrtps_c/robot_interfaces/msg/detail/robot_state__type_support_c.cpp.o[0m
[74.764s] [ 68%] [1m[32mLinking CXX shared library librobot_interfaces__rosidl_typesupport_c.so[0m
[74.791s] [ 71%] [1m[32mLinking CXX shared library librobot_interfaces__rosidl_typesupport_fastrtps_cpp.so[0m
[75.426s] [ 71%] Built target robot_interfaces__rosidl_typesupport_c
[75.487s] [ 71%] Built target robot_interfaces__rosidl_typesupport_fastrtps_cpp
[76.619s] [ 73%] [1m[32mLinking CXX shared library librobot_interfaces__rosidl_typesupport_introspection_cpp.so[0m
[77.323s] [ 73%] Built target robot_interfaces__rosidl_typesupport_introspection_cpp
[86.822s] [ 75%] [1m[32mLinking CXX shared library librobot_interfaces__rosidl_typesupport_fastrtps_c.so[0m
[87.749s] [ 75%] Built target robot_interfaces__rosidl_typesupport_fastrtps_c
[87.979s] [ 77%] [1m[32mLinking CXX shared library librobot_interfaces__rosidl_typesupport_cpp.so[0m
[88.875s] [ 77%] Built target robot_interfaces__rosidl_typesupport_cpp
[89.403s] [ 77%] Built target robot_interfaces
[89.927s] [ 80%] [1m[34mGenerating Python code for ROS interfaces[0m
[91.735s] [ 80%] Built target robot_interfaces__py
[92.309s] [ 82%] [32mBuilding C object CMakeFiles/robot_interfaces__rosidl_generator_py.dir/rosidl_generator_py/robot_interfaces/msg/_position_s.c.o[0m
[92.334s] [ 84%] [32mBuilding C object CMakeFiles/robot_interfaces__rosidl_generator_py.dir/rosidl_generator_py/robot_interfaces/msg/_robot_state_s.c.o[0m
[92.650s] [ 84%] Built target ament_cmake_python_sync_robot_interfaces
[95.085s] running egg_info
[95.324s] creating robot_interfaces.egg-info
[95.326s] writing robot_interfaces.egg-info/PKG-INFO
[95.335s] writing dependency_links to robot_interfaces.egg-info/dependency_links.txt
[95.336s] writing top-level names to robot_interfaces.egg-info/top_level.txt
[95.337s] writing manifest file 'robot_interfaces.egg-info/SOURCES.txt'
[96.156s] reading manifest file 'robot_interfaces.egg-info/SOURCES.txt'
[96.185s] writing manifest file 'robot_interfaces.egg-info/SOURCES.txt'
[96.516s] [ 84%] Built target ament_cmake_python_build_robot_interfaces_egg
[99.286s] [ 86%] [1m[32mLinking C shared library librobot_interfaces__rosidl_generator_py.so[0m
[100.096s] [ 86%] Built target robot_interfaces__rosidl_generator_py
[100.629s] [ 88%] [32mBuilding C object CMakeFiles/robot_interfaces_s__rosidl_typesupport_introspection_c.dir/rosidl_generator_py/robot_interfaces/_robot_interfaces_s.ep.rosidl_typesupport_introspection_c.c.o[0m
[100.635s] [ 91%] [32mBuilding C object CMakeFiles/robot_interfaces_s__rosidl_typesupport_c.dir/rosidl_generator_py/robot_interfaces/_robot_interfaces_s.ep.rosidl_typesupport_c.c.o[0m
[100.670s] [ 93%] [32mBuilding C object CMakeFiles/robot_interfaces_s__rosidl_typesupport_fastrtps_c.dir/rosidl_generator_py/robot_interfaces/_robot_interfaces_s.ep.rosidl_typesupport_fastrtps_c.c.o[0m
[106.546s] [ 95%] [1m[32mLinking C shared module rosidl_generator_py/robot_interfaces/robot_interfaces_s__rosidl_typesupport_introspection_c.so[0m
[107.299s] [ 97%] [1m[32mLinking C shared module rosidl_generator_py/robot_interfaces/robot_interfaces_s__rosidl_typesupport_c.so[0m
[107.445s] [ 97%] Built target robot_interfaces_s__rosidl_typesupport_introspection_c
[108.280s] [ 97%] Built target robot_interfaces_s__rosidl_typesupport_c
[109.228s] [100%] [1m[32mLinking C shared module rosidl_generator_py/robot_interfaces/robot_interfaces_s__rosidl_typesupport_fastrtps_c.so[0m
[110.185s] [100%] Built target robot_interfaces_s__rosidl_typesupport_fastrtps_c
[110.461s] Invoked command in '/root/projects/robo/build/robot_interfaces' returned '0': CMAKE_PREFIX_PATH=/opt/ros/lyrical /usr/bin/cmake --build /root/projects/robo/build/robot_interfaces -- -j8 -l8
[110.616s] Invoking command in '/root/projects/robo/build/robot_interfaces': CMAKE_PREFIX_PATH=/opt/ros/lyrical /usr/bin/cmake --install /root/projects/robo/build/robot_interfaces
[110.782s] -- Install configuration: ""
[110.787s] -- Installing: /root/projects/robo/install/robot_interfaces/share/ament_index/resource_index/rosidl_interfaces/robot_interfaces
[110.797s] -- Installing: /root/projects/robo/install/robot_interfaces/share/robot_interfaces/msg/Position.json
[110.804s] -- Installing: /root/projects/robo/install/robot_interfaces/share/robot_interfaces/msg/RobotState.json
[110.817s] -- Installing: /root/projects/robo/install/robot_interfaces/include/robot_interfaces/robot_interfaces
[110.825s] -- Installing: /root/projects/robo/install/robot_interfaces/include/robot_interfaces/robot_interfaces/msg
[110.835s] -- Installing: /root/projects/robo/install/robot_interfaces/include/robot_interfaces/robot_interfaces/msg/position.h
[110.859s] -- Installing: /root/projects/robo/install/robot_interfaces/include/robot_interfaces/robot_interfaces/msg/detail
[110.871s] -- Installing: /root/projects/robo/install/robot_interfaces/include/robot_interfaces/robot_interfaces/msg/detail/position__description.c
[110.886s] -- Installing: /root/projects/robo/install/robot_interfaces/include/robot_interfaces/robot_interfaces/msg/detail/position__functions.c
[110.926s] -- Installing: /root/projects/robo/install/robot_interfaces/include/robot_interfaces/robot_interfaces/msg/detail/position__functions.h
[110.976s] -- Installing: /root/projects/robo/install/robot_interfaces/include/robot_interfaces/robot_interfaces/msg/detail/position__struct.h
[111.005s] -- Installing: /root/projects/robo/install/robot_interfaces/include/robot_interfaces/robot_interfaces/msg/detail/position__type_support.c
[111.031s] -- Installing: /root/projects/robo/install/robot_interfaces/include/robot_interfaces/robot_interfaces/msg/detail/position__type_support.h
[111.043s] -- Installing: /root/projects/robo/install/robot_interfaces/include/robot_interfaces/robot_interfaces/msg/detail/robot_state__description.c
[111.051s] -- Installing: /root/projects/robo/install/robot_interfaces/include/robot_interfaces/robot_interfaces/msg/detail/robot_state__functions.c
[111.070s] -- Installing: /root/projects/robo/install/robot_interfaces/include/robot_interfaces/robot_interfaces/msg/detail/robot_state__functions.h
[111.081s] -- Installing: /root/projects/robo/install/robot_interfaces/include/robot_interfaces/robot_interfaces/msg/detail/robot_state__struct.h
[111.093s] -- Installing: /root/projects/robo/install/robot_interfaces/include/robot_interfaces/robot_interfaces/msg/detail/robot_state__type_support.c
[111.113s] -- Installing: /root/projects/robo/install/robot_interfaces/include/robot_interfaces/robot_interfaces/msg/detail/robot_state__type_support.h
[111.132s] -- Installing: /root/projects/robo/install/robot_interfaces/include/robot_interfaces/robot_interfaces/msg/robot_state.h
[111.149s] -- Installing: /root/projects/robo/install/robot_interfaces/include/robot_interfaces/robot_interfaces/msg/rosidl_generator_c__visibility_control.h
[111.162s] -- Installing: /root/projects/robo/install/robot_interfaces/share/robot_interfaces/environment/library_path.sh
[111.175s] -- Installing: /root/projects/robo/install/robot_interfaces/share/robot_interfaces/environment/library_path.dsv
[111.198s] -- Installing: /root/projects/robo/install/robot_interfaces/lib/librobot_interfaces__rosidl_generator_c.so
[111.222s] -- Set non-toolchain portion of runtime path of "/root/projects/robo/install/robot_interfaces/lib/librobot_interfaces__rosidl_generator_c.so" to ""
[111.227s] -- Up-to-date: /root/projects/robo/install/robot_interfaces/include/robot_interfaces/robot_interfaces
[111.237s] -- Up-to-date: /root/projects/robo/install/robot_interfaces/include/robot_interfaces/robot_interfaces/msg
[111.246s] -- Up-to-date: /root/projects/robo/install/robot_interfaces/include/robot_interfaces/robot_interfaces/msg/detail
[111.252s] -- Installing: /root/projects/robo/install/robot_interfaces/include/robot_interfaces/robot_interfaces/msg/detail/position__rosidl_typesupport_fastrtps_c.h
[111.270s] -- Installing: /root/projects/robo/install/robot_interfaces/include/robot_interfaces/robot_interfaces/msg/detail/robot_state__rosidl_typesupport_fastrtps_c.h
[111.279s] -- Installing: /root/projects/robo/install/robot_interfaces/include/robot_interfaces/robot_interfaces/msg/rosidl_typesupport_fastrtps_c__visibility_control.h
[111.290s] -- Installing: /root/projects/robo/install/robot_interfaces/lib/librobot_interfaces__rosidl_typesupport_fastrtps_c.so
[111.307s] -- Set non-toolchain portion of runtime path of "/root/projects/robo/install/robot_interfaces/lib/librobot_interfaces__rosidl_typesupport_fastrtps_c.so" to ""
[111.310s] -- Up-to-date: /root/projects/robo/install/robot_interfaces/include/robot_interfaces/robot_interfaces
[111.316s] -- Up-to-date: /root/projects/robo/install/robot_interfaces/include/robot_interfaces/robot_interfaces/msg
[111.322s] -- Up-to-date: /root/projects/robo/install/robot_interfaces/include/robot_interfaces/robot_interfaces/msg/detail
[111.330s] -- Installing: /root/projects/robo/install/robot_interfaces/include/robot_interfaces/robot_interfaces/msg/detail/position__rosidl_typesupport_introspection_c.h
[111.351s] -- Installing: /root/projects/robo/install/robot_interfaces/include/robot_interfaces/robot_interfaces/msg/detail/position__type_support.c
[111.364s] -- Installing: /root/projects/robo/install/robot_interfaces/include/robot_interfaces/robot_interfaces/msg/detail/robot_state__rosidl_typesupport_introspection_c.h
[111.386s] -- Installing: /root/projects/robo/install/robot_interfaces/include/robot_interfaces/robot_interfaces/msg/detail/robot_state__type_support.c
[111.408s] -- Installing: /root/projects/robo/install/robot_interfaces/include/robot_interfaces/robot_interfaces/msg/rosidl_typesupport_introspection_c__visibility_control.h
[111.431s] -- Installing: /root/projects/robo/install/robot_interfaces/lib/librobot_interfaces__rosidl_typesupport_introspection_c.so
[111.449s] -- Set non-toolchain portion of runtime path of "/root/projects/robo/install/robot_interfaces/lib/librobot_interfaces__rosidl_typesupport_introspection_c.so" to ""
[111.453s] -- Installing: /root/projects/robo/install/robot_interfaces/lib/librobot_interfaces__rosidl_typesupport_c.so
[111.468s] -- Set non-toolchain portion of runtime path of "/root/projects/robo/install/robot_interfaces/lib/librobot_interfaces__rosidl_typesupport_c.so" to ""
[111.471s] -- Up-to-date: /root/projects/robo/install/robot_interfaces/include/robot_interfaces/robot_interfaces
[111.476s] -- Up-to-date: /root/projects/robo/install/robot_interfaces/include/robot_interfaces/robot_interfaces/msg
[111.483s] -- Installing: /root/projects/robo/install/robot_interfaces/include/robot_interfaces/robot_interfaces/msg/position.hpp
[111.498s] -- Up-to-date: /root/projects/robo/install/robot_interfaces/include/robot_interfaces/robot_interfaces/msg/detail
[111.510s] -- Installing: /root/projects/robo/install/robot_interfaces/include/robot_interfaces/robot_interfaces/msg/detail/position__builder.hpp
[111.525s] -- Installing: /root/projects/robo/install/robot_interfaces/include/robot_interfaces/robot_interfaces/msg/detail/position__struct.hpp
[111.544s] -- Installing: /root/projects/robo/install/robot_interfaces/include/robot_interfaces/robot_interfaces/msg/detail/position__traits.hpp
[111.554s] -- Installing: /root/projects/robo/install/robot_interfaces/include/robot_interfaces/robot_interfaces/msg/detail/position__type_support.hpp
[111.571s] -- Installing: /root/projects/robo/install/robot_interfaces/include/robot_interfaces/robot_interfaces/msg/detail/robot_state__builder.hpp
[111.594s] -- Installing: /root/projects/robo/install/robot_interfaces/include/robot_interfaces/robot_interfaces/msg/detail/robot_state__struct.hpp
[111.615s] -- Installing: /root/projects/robo/install/robot_interfaces/include/robot_interfaces/robot_interfaces/msg/detail/robot_state__traits.hpp
[111.637s] -- Installing: /root/projects/robo/install/robot_interfaces/include/robot_interfaces/robot_interfaces/msg/detail/robot_state__type_support.hpp
[111.660s] -- Installing: /root/projects/robo/install/robot_interfaces/include/robot_interfaces/robot_interfaces/msg/robot_state.hpp
[111.679s] -- Installing: /root/projects/robo/install/robot_interfaces/include/robot_interfaces/robot_interfaces/msg/rosidl_generator_cpp__visibility_control.hpp
[111.697s] -- Up-to-date: /root/projects/robo/install/robot_interfaces/include/robot_interfaces/robot_interfaces
[111.703s] -- Up-to-date: /root/projects/robo/install/robot_interfaces/include/robot_interfaces/robot_interfaces/msg
[111.710s] -- Up-to-date: /root/projects/robo/install/robot_interfaces/include/robot_interfaces/robot_interfaces/msg/detail
[111.717s] -- Installing: /root/projects/robo/install/robot_interfaces/include/robot_interfaces/robot_interfaces/msg/detail/position__rosidl_typesupport_fastrtps_cpp.hpp
[111.735s] -- Installing: /root/projects/robo/install/robot_interfaces/include/robot_interfaces/robot_interfaces/msg/detail/dds_fastrtps
[111.747s] -- Installing: /root/projects/robo/install/robot_interfaces/include/robot_interfaces/robot_interfaces/msg/detail/robot_state__rosidl_typesupport_fastrtps_cpp.hpp
[111.760s] -- Installing: /root/projects/robo/install/robot_interfaces/include/robot_interfaces/robot_interfaces/msg/rosidl_typesupport_fastrtps_cpp__visibility_control.h
[111.774s] -- Installing: /root/projects/robo/install/robot_interfaces/lib/librobot_interfaces__rosidl_typesupport_fastrtps_cpp.so
[111.791s] -- Set non-toolchain portion of runtime path of "/root/projects/robo/install/robot_interfaces/lib/librobot_interfaces__rosidl_typesupport_fastrtps_cpp.so" to ""
[111.795s] -- Up-to-date: /root/projects/robo/install/robot_interfaces/include/robot_interfaces/robot_interfaces
[111.802s] -- Up-to-date: /root/projects/robo/install/robot_interfaces/include/robot_interfaces/robot_interfaces/msg
[111.809s] -- Up-to-date: /root/projects/robo/install/robot_interfaces/include/robot_interfaces/robot_interfaces/msg/detail
[111.817s] -- Installing: /root/projects/robo/install/robot_interfaces/include/robot_interfaces/robot_interfaces/msg/detail/position__rosidl_typesupport_introspection_cpp.hpp
[111.833s] -- Installing: /root/projects/robo/install/robot_interfaces/include/robot_interfaces/robot_interfaces/msg/detail/position__type_support.cpp
[111.851s] -- Installing: /root/projects/robo/install/robot_interfaces/include/robot_interfaces/robot_interfaces/msg/detail/robot_state__rosidl_typesupport_introspection_cpp.hpp
[111.866s] -- Installing: /root/projects/robo/install/robot_interfaces/include/robot_interfaces/robot_interfaces/msg/detail/robot_state__type_support.cpp
[111.884s] -- Installing: /root/projects/robo/install/robot_interfaces/lib/librobot_interfaces__rosidl_typesupport_introspection_cpp.so
[111.908s] -- Set non-toolchain portion of runtime path of "/root/projects/robo/install/robot_interfaces/lib/librobot_interfaces__rosidl_typesupport_introspection_cpp.so" to ""
[111.914s] -- Installing: /root/projects/robo/install/robot_interfaces/lib/librobot_interfaces__rosidl_typesupport_cpp.so
[111.933s] -- Set non-toolchain portion of runtime path of "/root/projects/robo/install/robot_interfaces/lib/librobot_interfaces__rosidl_typesupport_cpp.so" to ""
[111.940s] -- Installing: /root/projects/robo/install/robot_interfaces/share/robot_interfaces/environment/pythonpath.sh
[111.955s] -- Installing: /root/projects/robo/install/robot_interfaces/share/robot_interfaces/environment/pythonpath.dsv
[111.978s] -- Installing: /root/projects/robo/install/robot_interfaces/lib/python3.14/site-packages/robot_interfaces/robot_interfaces_s__rosidl_typesupport_fastrtps_c.so
[112.004s] -- Set non-toolchain portion of runtime path of "/root/projects/robo/install/robot_interfaces/lib/python3.14/site-packages/robot_interfaces/robot_interfaces_s__rosidl_typesupport_fastrtps_c.so" to ""
[112.013s] -- Installing: /root/projects/robo/install/robot_interfaces/lib/python3.14/site-packages/robot_interfaces/robot_interfaces_s__rosidl_typesupport_introspection_c.so
[112.037s] -- Set non-toolchain portion of runtime path of "/root/projects/robo/install/robot_interfaces/lib/python3.14/site-packages/robot_interfaces/robot_interfaces_s__rosidl_typesupport_introspection_c.so" to ""
[112.046s] -- Installing: /root/projects/robo/install/robot_interfaces/lib/python3.14/site-packages/robot_interfaces/robot_interfaces_s__rosidl_typesupport_c.so
[112.068s] -- Set non-toolchain portion of runtime path of "/root/projects/robo/install/robot_interfaces/lib/python3.14/site-packages/robot_interfaces/robot_interfaces_s__rosidl_typesupport_c.so" to ""
[112.073s] -- Installing: /root/projects/robo/install/robot_interfaces/lib/librobot_interfaces__rosidl_generator_py.so
[112.087s] -- Set non-toolchain portion of runtime path of "/root/projects/robo/install/robot_interfaces/lib/librobot_interfaces__rosidl_generator_py.so" to ""
[112.097s] -- Installing: /root/projects/robo/install/robot_interfaces/share/ament_index/resource_index/rust_packages/robot_interfaces
[112.116s] -- Installing: /root/projects/robo/install/robot_interfaces/share/robot_interfaces/rust
[112.126s] -- Installing: /root/projects/robo/install/robot_interfaces/share/robot_interfaces/rust/src
[112.137s] -- Installing: /root/projects/robo/install/robot_interfaces/share/robot_interfaces/rust/src/msg.rs
[112.154s] -- Installing: /root/projects/robo/install/robot_interfaces/share/robot_interfaces/rust/src/msg
[112.168s] -- Installing: /root/projects/robo/install/robot_interfaces/share/robot_interfaces/rust/src/msg/rmw.rs
[112.187s] -- Installing: /root/projects/robo/install/robot_interfaces/share/robot_interfaces/rust/src/lib.rs
[112.203s] -- Installing: /root/projects/robo/install/robot_interfaces/share/robot_interfaces/rust/Cargo.toml
[112.221s] -- Installing: /root/projects/robo/install/robot_interfaces/share/robot_interfaces/rust/build.rs
[112.238s] -- Installing: /root/projects/robo/install/robot_interfaces/share/robot_interfaces/msg/Position.idl
[112.253s] -- Installing: /root/projects/robo/install/robot_interfaces/share/robot_interfaces/msg/RobotState.idl
[112.265s] -- Installing: /root/projects/robo/install/robot_interfaces/share/robot_interfaces/msg/Position.msg
[112.280s] -- Installing: /root/projects/robo/install/robot_interfaces/share/robot_interfaces/msg/RobotState.msg
[112.304s] -- Installing: /root/projects/robo/install/robot_interfaces/share/ament_index/resource_index/package_run_dependencies/robot_interfaces
[112.325s] -- Installing: /root/projects/robo/install/robot_interfaces/share/ament_index/resource_index/parent_prefix_path/robot_interfaces
[112.345s] -- Installing: /root/projects/robo/install/robot_interfaces/share/robot_interfaces/environment/ament_prefix_path.sh
[112.369s] -- Installing: /root/projects/robo/install/robot_interfaces/share/robot_interfaces/environment/ament_prefix_path.dsv
[112.394s] -- Installing: /root/projects/robo/install/robot_interfaces/share/robot_interfaces/environment/path.sh
[112.421s] -- Installing: /root/projects/robo/install/robot_interfaces/share/robot_interfaces/environment/path.dsv
[112.448s] -- Installing: /root/projects/robo/install/robot_interfaces/share/robot_interfaces/local_setup.bash
[112.466s] -- Installing: /root/projects/robo/install/robot_interfaces/share/robot_interfaces/local_setup.fish
[112.477s] -- Installing: /root/projects/robo/install/robot_interfaces/share/robot_interfaces/local_setup.sh
[112.495s] -- Installing: /root/projects/robo/install/robot_interfaces/share/robot_interfaces/local_setup.zsh
[112.518s] -- Installing: /root/projects/robo/install/robot_interfaces/share/robot_interfaces/local_setup.dsv
[112.538s] -- Installing: /root/projects/robo/install/robot_interfaces/share/robot_interfaces/package.dsv
[112.562s] -- Installing: /root/projects/robo/install/robot_interfaces/share/ament_index/resource_index/packages/robot_interfaces
[112.590s] -- Installing: /root/projects/robo/install/robot_interfaces/share/robot_interfaces/cmake/export_robot_interfaces__rosidl_generator_cExport.cmake
[112.612s] -- Installing: /root/projects/robo/install/robot_interfaces/share/robot_interfaces/cmake/export_robot_interfaces__rosidl_generator_cExport-noconfig.cmake
[112.629s] -- Installing: /root/projects/robo/install/robot_interfaces/share/robot_interfaces/cmake/export_robot_interfaces__rosidl_typesupport_fastrtps_cExport.cmake
[112.657s] -- Installing: /root/projects/robo/install/robot_interfaces/share/robot_interfaces/cmake/export_robot_interfaces__rosidl_typesupport_fastrtps_cExport-noconfig.cmake
[112.688s] -- Installing: /root/projects/robo/install/robot_interfaces/share/robot_interfaces/cmake/robot_interfaces__rosidl_typesupport_introspection_cExport.cmake
[112.715s] -- Installing: /root/projects/robo/install/robot_interfaces/share/robot_interfaces/cmake/robot_interfaces__rosidl_typesupport_introspection_cExport-noconfig.cmake
[112.733s] -- Installing: /root/projects/robo/install/robot_interfaces/share/robot_interfaces/cmake/robot_interfaces__rosidl_typesupport_cExport.cmake
[112.756s] -- Installing: /root/projects/robo/install/robot_interfaces/share/robot_interfaces/cmake/robot_interfaces__rosidl_typesupport_cExport-noconfig.cmake
[112.785s] -- Installing: /root/projects/robo/install/robot_interfaces/share/robot_interfaces/cmake/export_robot_interfaces__rosidl_generator_cppExport.cmake
[112.807s] -- Installing: /root/projects/robo/install/robot_interfaces/share/robot_interfaces/cmake/export_robot_interfaces__rosidl_typesupport_fastrtps_cppExport.cmake
[112.829s] -- Installing: /root/projects/robo/install/robot_interfaces/share/robot_interfaces/cmake/export_robot_interfaces__rosidl_typesupport_fastrtps_cppExport-noconfig.cmake
[112.857s] -- Installing: /root/projects/robo/install/robot_interfaces/share/robot_interfaces/cmake/robot_interfaces__rosidl_typesupport_introspection_cppExport.cmake
[112.881s] -- Installing: /root/projects/robo/install/robot_interfaces/share/robot_interfaces/cmake/robot_interfaces__rosidl_typesupport_introspection_cppExport-noconfig.cmake
[112.904s] -- Installing: /root/projects/robo/install/robot_interfaces/share/robot_interfaces/cmake/robot_interfaces__rosidl_typesupport_cppExport.cmake
[112.933s] -- Installing: /root/projects/robo/install/robot_interfaces/share/robot_interfaces/cmake/robot_interfaces__rosidl_typesupport_cppExport-noconfig.cmake
[112.958s] -- Installing: /root/projects/robo/install/robot_interfaces/share/robot_interfaces/cmake/export_robot_interfaces__rosidl_generator_pyExport.cmake
[112.983s] -- Installing: /root/projects/robo/install/robot_interfaces/share/robot_interfaces/cmake/export_robot_interfaces__rosidl_generator_pyExport-noconfig.cmake
[113.007s] -- Installing: /root/projects/robo/install/robot_interfaces/lib/python3.14/site-packages/robot_interfaces-0.0.0-py3.14.egg-info
[113.021s] -- Installing: /root/projects/robo/install/robot_interfaces/lib/python3.14/site-packages/robot_interfaces-0.0.0-py3.14.egg-info/top_level.txt
[113.042s] -- Installing: /root/projects/robo/install/robot_interfaces/lib/python3.14/site-packages/robot_interfaces-0.0.0-py3.14.egg-info/PKG-INFO
[113.056s] -- Installing: /root/projects/robo/install/robot_interfaces/lib/python3.14/site-packages/robot_interfaces-0.0.0-py3.14.egg-info/dependency_links.txt
[113.076s] -- Installing: /root/projects/robo/install/robot_interfaces/lib/python3.14/site-packages/robot_interfaces-0.0.0-py3.14.egg-info/SOURCES.txt
[113.095s] -- Up-to-date: /root/projects/robo/install/robot_interfaces/lib/python3.14/site-packages/robot_interfaces
[113.098s] -- Installing: /root/projects/robo/install/robot_interfaces/lib/python3.14/site-packages/robot_interfaces/__init__.py
[113.111s] -- Installing: /root/projects/robo/install/robot_interfaces/lib/python3.14/site-packages/robot_interfaces/msg
[113.119s] -- Installing: /root/projects/robo/install/robot_interfaces/lib/python3.14/site-packages/robot_interfaces/msg/_position.py
[113.131s] -- Installing: /root/projects/robo/install/robot_interfaces/lib/python3.14/site-packages/robot_interfaces/msg/_position_s.c
[113.148s] -- Installing: /root/projects/robo/install/robot_interfaces/lib/python3.14/site-packages/robot_interfaces/msg/_robot_state.py
[113.161s] -- Installing: /root/projects/robo/install/robot_interfaces/lib/python3.14/site-packages/robot_interfaces/msg/_robot_state_s.c
[113.177s] -- Installing: /root/projects/robo/install/robot_interfaces/lib/python3.14/site-packages/robot_interfaces/msg/__init__.py
[113.209s] -- Installing: /root/projects/robo/install/robot_interfaces/lib/python3.14/site-packages/robot_interfaces/_robot_interfaces_s.ep.rosidl_typesupport_fastrtps_c.c
[113.252s] -- Installing: /root/projects/robo/install/robot_interfaces/lib/python3.14/site-packages/robot_interfaces/_robot_interfaces_s.ep.rosidl_typesupport_introspection_c.c
[113.282s] -- Installing: /root/projects/robo/install/robot_interfaces/lib/python3.14/site-packages/robot_interfaces/_robot_interfaces_s.ep.rosidl_typesupport_c.c
[113.311s] -- Installing: /root/projects/robo/install/robot_interfaces/lib/python3.14/site-packages/robot_interfaces/py.typed
[113.349s] -- Up-to-date: /root/projects/robo/install/robot_interfaces/lib/python3.14/site-packages/robot_interfaces/robot_interfaces_s__rosidl_typesupport_introspection_c.so
[113.358s] -- Up-to-date: /root/projects/robo/install/robot_interfaces/lib/python3.14/site-packages/robot_interfaces/robot_interfaces_s__rosidl_typesupport_c.so
[113.363s] -- Up-to-date: /root/projects/robo/install/robot_interfaces/lib/python3.14/site-packages/robot_interfaces/robot_interfaces_s__rosidl_typesupport_fastrtps_c.so
[113.989s] Listing '/root/projects/robo/install/robot_interfaces/lib/python3.14/site-packages/robot_interfaces'...
[113.991s] Compiling '/root/projects/robo/install/robot_interfaces/lib/python3.14/site-packages/robot_interfaces/__init__.py'...
[113.992s] Listing '/root/projects/robo/install/robot_interfaces/lib/python3.14/site-packages/robot_interfaces/msg'...
[113.993s] Compiling '/root/projects/robo/install/robot_interfaces/lib/python3.14/site-packages/robot_interfaces/msg/__init__.py'...
[113.995s] Compiling '/root/projects/robo/install/robot_interfaces/lib/python3.14/site-packages/robot_interfaces/msg/_position.py'...
[113.996s] Compiling '/root/projects/robo/install/robot_interfaces/lib/python3.14/site-packages/robot_interfaces/msg/_robot_state.py'...
[114.045s] -- Installing: /root/projects/robo/install/robot_interfaces/share/robot_interfaces/cmake/rosidl_cmake-extras.cmake
[114.072s] -- Installing: /root/projects/robo/install/robot_interfaces/share/robot_interfaces/cmake/ament_cmake_export_include_directories-extras.cmake
[114.096s] -- Installing: /root/projects/robo/install/robot_interfaces/share/robot_interfaces/cmake/ament_cmake_export_libraries-extras.cmake
[114.120s] -- Installing: /root/projects/robo/install/robot_interfaces/share/robot_interfaces/cmake/ament_cmake_export_targets-extras.cmake
[114.146s] -- Installing: /root/projects/robo/install/robot_interfaces/share/robot_interfaces/cmake/rosidl_cmake_export_typesupport_targets-extras.cmake
[114.172s] -- Installing: /root/projects/robo/install/robot_interfaces/share/robot_interfaces/cmake/ament_cmake_export_dependencies-extras.cmake
[114.198s] -- Installing: /root/projects/robo/install/robot_interfaces/share/robot_interfaces/cmake/rosidl_cmake_export_typesupport_libraries-extras.cmake
[114.226s] -- Installing: /root/projects/robo/install/robot_interfaces/share/robot_interfaces/cmake/rosidl_cmake_aggregate_target-extras.cmake
[114.253s] -- Installing: /root/projects/robo/install/robot_interfaces/share/robot_interfaces/cmake/robot_interfacesConfig.cmake
[114.282s] -- Installing: /root/projects/robo/install/robot_interfaces/share/robot_interfaces/cmake/robot_interfacesConfig-version.cmake
[114.305s] -- Installing: /root/projects/robo/install/robot_interfaces/share/robot_interfaces/package.xml
[114.363s] Invoked command in '/root/projects/robo/build/robot_interfaces' returned '0': CMAKE_PREFIX_PATH=/opt/ros/lyrical /usr/bin/cmake --install /root/projects/robo/build/robot_interfaces
