-- Found ament_cmake: 2.8.7 (/opt/ros/lyrical/share/ament_cmake/cmake)
-- Override CMake install command with custom implementation using symlinks instead of copying resources
-- Found ament_lint_auto: 0.20.6 (/opt/ros/lyrical/share/ament_lint_auto/cmake)
-- Added test 'lint_cmake' to check CMake code style
-- Added test 'xmllint' to check XML markup files
-- Configuring done (5.7s)
-- Generating done (0.5s)
-- Build files have been written to: /root/projects/robo/build/robot_interfaces
-- Install configuration: ""
-- Execute custom install script
-- Up-to-date symlink: /root/projects/robo/install/robot_interfaces/share/ament_index/resource_index/package_run_dependencies/robot_interfaces
-- Up-to-date symlink: /root/projects/robo/install/robot_interfaces/share/ament_index/resource_index/parent_prefix_path/robot_interfaces
-- Up-to-date symlink: /root/projects/robo/install/robot_interfaces/share/robot_interfaces/environment/ament_prefix_path.sh
-- Up-to-date symlink: /root/projects/robo/install/robot_interfaces/share/robot_interfaces/environment/ament_prefix_path.dsv
-- Up-to-date symlink: /root/projects/robo/install/robot_interfaces/share/robot_interfaces/environment/path.sh
-- Up-to-date symlink: /root/projects/robo/install/robot_interfaces/share/robot_interfaces/environment/path.dsv
-- Up-to-date symlink: /root/projects/robo/install/robot_interfaces/share/robot_interfaces/local_setup.bash
-- Up-to-date symlink: /root/projects/robo/install/robot_interfaces/share/robot_interfaces/local_setup.fish
-- Up-to-date symlink: /root/projects/robo/install/robot_interfaces/share/robot_interfaces/local_setup.sh
-- Up-to-date symlink: /root/projects/robo/install/robot_interfaces/share/robot_interfaces/local_setup.zsh
-- Up-to-date symlink: /root/projects/robo/install/robot_interfaces/share/robot_interfaces/local_setup.dsv
-- Symlinking: /root/projects/robo/install/robot_interfaces/share/robot_interfaces/package.dsv
-- Up-to-date symlink: /root/projects/robo/install/robot_interfaces/share/ament_index/resource_index/packages/robot_interfaces
-- Up-to-date symlink: /root/projects/robo/install/robot_interfaces/share/robot_interfaces/cmake/robot_interfacesConfig.cmake
-- Up-to-date symlink: /root/projects/robo/install/robot_interfaces/share/robot_interfaces/cmake/robot_interfacesConfig-version.cmake
-- Up-to-date symlink: /root/projects/robo/install/robot_interfaces/share/robot_interfaces/package.xml
