[2.665s] Invoking command in '/root/projects/robo/build/robot_interfaces': CMAKE_PREFIX_PATH=${CMAKE_PREFIX_PATH}:/root/projects/robo/src/install/robot_brain:/root/projects/robo/install/robot_brain:/opt/ros/lyrical PS1=(.venv) \[\e]0;\u@\h: \w\a\]${debian_chroot:+($debian_chroot)}\u@\h:\w\$ /usr/bin/cmake /root/projects/robo/src/robot_interfaces -DCMAKE_INSTALL_PREFIX=/root/projects/robo/install/robot_interfaces
[3.289s] -- Found ament_cmake: 2.8.7 (/opt/ros/lyrical/share/ament_cmake/cmake)
[6.187s] -- Override CMake install command with custom implementation using symlinks instead of copying resources
[6.604s] -- Found ament_lint_auto: 0.20.6 (/opt/ros/lyrical/share/ament_lint_auto/cmake)
[8.532s] -- Added test 'lint_cmake' to check CMake code style
[8.678s] -- Added test 'xmllint' to check XML markup files
[8.760s] -- Configuring done (5.8s)
[9.269s] -- Generating done (0.5s)
[9.327s] -- Build files have been written to: /root/projects/robo/build/robot_interfaces
[9.370s] Invoked command in '/root/projects/robo/build/robot_interfaces' returned '0': CMAKE_PREFIX_PATH=${CMAKE_PREFIX_PATH}:/root/projects/robo/src/install/robot_brain:/root/projects/robo/install/robot_brain:/opt/ros/lyrical PS1=(.venv) \[\e]0;\u@\h: \w\a\]${debian_chroot:+($debian_chroot)}\u@\h:\w\$ /usr/bin/cmake /root/projects/robo/src/robot_interfaces -DCMAKE_INSTALL_PREFIX=/root/projects/robo/install/robot_interfaces
[9.392s] Invoking command in '/root/projects/robo/build/robot_interfaces': CMAKE_PREFIX_PATH=${CMAKE_PREFIX_PATH}:/root/projects/robo/src/install/robot_brain:/root/projects/robo/install/robot_brain:/opt/ros/lyrical PS1=(.venv) \[\e]0;\u@\h: \w\a\]${debian_chroot:+($debian_chroot)}\u@\h:\w\$ /usr/bin/cmake --build /root/projects/robo/build/robot_interfaces -- -j8 -l8
[10.321s] Invoked command in '/root/projects/robo/build/robot_interfaces' returned '0': CMAKE_PREFIX_PATH=${CMAKE_PREFIX_PATH}:/root/projects/robo/src/install/robot_brain:/root/projects/robo/install/robot_brain:/opt/ros/lyrical PS1=(.venv) \[\e]0;\u@\h: \w\a\]${debian_chroot:+($debian_chroot)}\u@\h:\w\$ /usr/bin/cmake --build /root/projects/robo/build/robot_interfaces -- -j8 -l8
[10.507s] Invoking command in '/root/projects/robo/build/robot_interfaces': CMAKE_PREFIX_PATH=${CMAKE_PREFIX_PATH}:/root/projects/robo/src/install/robot_brain:/root/projects/robo/install/robot_brain:/opt/ros/lyrical PS1=(.venv) \[\e]0;\u@\h: \w\a\]${debian_chroot:+($debian_chroot)}\u@\h:\w\$ /usr/bin/cmake --install /root/projects/robo/build/robot_interfaces
[10.653s] -- Install configuration: ""
[10.658s] -- Execute custom install script
[10.681s] -- Up-to-date symlink: /root/projects/robo/install/robot_interfaces/share/ament_index/resource_index/package_run_dependencies/robot_interfaces
[10.699s] -- Up-to-date symlink: /root/projects/robo/install/robot_interfaces/share/ament_index/resource_index/parent_prefix_path/robot_interfaces
[10.718s] -- Up-to-date symlink: /root/projects/robo/install/robot_interfaces/share/robot_interfaces/environment/ament_prefix_path.sh
[10.744s] -- Up-to-date symlink: /root/projects/robo/install/robot_interfaces/share/robot_interfaces/environment/ament_prefix_path.dsv
[10.769s] -- Up-to-date symlink: /root/projects/robo/install/robot_interfaces/share/robot_interfaces/environment/path.sh
[10.805s] -- Up-to-date symlink: /root/projects/robo/install/robot_interfaces/share/robot_interfaces/environment/path.dsv
[10.820s] -- Up-to-date symlink: /root/projects/robo/install/robot_interfaces/share/robot_interfaces/local_setup.bash
[10.837s] -- Up-to-date symlink: /root/projects/robo/install/robot_interfaces/share/robot_interfaces/local_setup.fish
[10.856s] -- Up-to-date symlink: /root/projects/robo/install/robot_interfaces/share/robot_interfaces/local_setup.sh
[10.875s] -- Up-to-date symlink: /root/projects/robo/install/robot_interfaces/share/robot_interfaces/local_setup.zsh
[10.887s] -- Up-to-date symlink: /root/projects/robo/install/robot_interfaces/share/robot_interfaces/local_setup.dsv
[10.897s] -- Symlinking: /root/projects/robo/install/robot_interfaces/share/robot_interfaces/package.dsv
[11.094s] -- Up-to-date symlink: /root/projects/robo/install/robot_interfaces/share/ament_index/resource_index/packages/robot_interfaces
[11.110s] -- Up-to-date symlink: /root/projects/robo/install/robot_interfaces/share/robot_interfaces/cmake/robot_interfacesConfig.cmake
[11.121s] -- Up-to-date symlink: /root/projects/robo/install/robot_interfaces/share/robot_interfaces/cmake/robot_interfacesConfig-version.cmake
[11.134s] -- Up-to-date symlink: /root/projects/robo/install/robot_interfaces/share/robot_interfaces/package.xml
[11.171s] Invoked command in '/root/projects/robo/build/robot_interfaces' returned '0': CMAKE_PREFIX_PATH=${CMAKE_PREFIX_PATH}:/root/projects/robo/src/install/robot_brain:/root/projects/robo/install/robot_brain:/opt/ros/lyrical PS1=(.venv) \[\e]0;\u@\h: \w\a\]${debian_chroot:+($debian_chroot)}\u@\h:\w\$ /usr/bin/cmake --install /root/projects/robo/build/robot_interfaces
