[  2%] Built target robot_interfaces__rs
[  4%] Built target robot_interfaces__rosidl_generator_type_description
[  6%] Built target robot_interfaces__cpp
[ 24%] Built target robot_interfaces__rosidl_generator_c
[ 33%] Built target robot_interfaces__rosidl_typesupport_introspection_c
[ 42%] Built target robot_interfaces__rosidl_typesupport_c
[ 51%] Built target robot_interfaces__rosidl_typesupport_introspection_cpp
[ 60%] Built target robot_interfaces__rosidl_typesupport_fastrtps_c
[ 68%] Built target robot_interfaces__rosidl_typesupport_cpp
[ 77%] Built target robot_interfaces__rosidl_typesupport_fastrtps_cpp
[ 77%] Built target robot_interfaces
[ 80%] Built target robot_interfaces__py
[ 86%] Built target robot_interfaces__rosidl_generator_py
[ 86%] Built target ament_cmake_python_sync_robot_interfaces
[ 95%] Built target robot_interfaces_s__rosidl_typesupport_c
[ 95%] Built target robot_interfaces_s__rosidl_typesupport_fastrtps_c
[100%] Built target robot_interfaces_s__rosidl_typesupport_introspection_c
running egg_info
writing robot_interfaces.egg-info/PKG-INFO
writing dependency_links to robot_interfaces.egg-info/dependency_links.txt
writing top-level names to robot_interfaces.egg-info/top_level.txt
reading manifest file 'robot_interfaces.egg-info/SOURCES.txt'
writing manifest file 'robot_interfaces.egg-info/SOURCES.txt'
[100%] Built target ament_cmake_python_build_robot_interfaces_egg
-- Install configuration: ""
-- Up-to-date: /root/projects/robo/install/robot_interfaces/share/ament_index/resource_index/rosidl_interfaces/robot_interfaces
-- Up-to-date: /root/projects/robo/install/robot_interfaces/share/robot_interfaces/msg/Position.json
-- Up-to-date: /root/projects/robo/install/robot_interfaces/share/robot_interfaces/msg/RobotState.json
-- Up-to-date: /root/projects/robo/install/robot_interfaces/include/robot_interfaces/robot_interfaces
-- Up-to-date: /root/projects/robo/install/robot_interfaces/include/robot_interfaces/robot_interfaces/msg
-- Up-to-date: /root/projects/robo/install/robot_interfaces/include/robot_interfaces/robot_interfaces/msg/position.h
-- Up-to-date: /root/projects/robo/install/robot_interfaces/include/robot_interfaces/robot_interfaces/msg/detail
-- Up-to-date: /root/projects/robo/install/robot_interfaces/include/robot_interfaces/robot_interfaces/msg/detail/position__description.c
-- Up-to-date: /root/projects/robo/install/robot_interfaces/include/robot_interfaces/robot_interfaces/msg/detail/position__functions.c
-- Up-to-date: /root/projects/robo/install/robot_interfaces/include/robot_interfaces/robot_interfaces/msg/detail/position__functions.h
-- Up-to-date: /root/projects/robo/install/robot_interfaces/include/robot_interfaces/robot_interfaces/msg/detail/position__struct.h
-- Installing: /root/projects/robo/install/robot_interfaces/include/robot_interfaces/robot_interfaces/msg/detail/position__type_support.c
-- Up-to-date: /root/projects/robo/install/robot_interfaces/include/robot_interfaces/robot_interfaces/msg/detail/position__type_support.h
-- Up-to-date: /root/projects/robo/install/robot_interfaces/include/robot_interfaces/robot_interfaces/msg/detail/robot_state__description.c
-- Up-to-date: /root/projects/robo/install/robot_interfaces/include/robot_interfaces/robot_interfaces/msg/detail/robot_state__functions.c
-- Up-to-date: /root/projects/robo/install/robot_interfaces/include/robot_interfaces/robot_interfaces/msg/detail/robot_state__functions.h
-- Up-to-date: /root/projects/robo/install/robot_interfaces/include/robot_interfaces/robot_interfaces/msg/detail/robot_state__struct.h
-- Installing: /root/projects/robo/install/robot_interfaces/include/robot_interfaces/robot_interfaces/msg/detail/robot_state__type_support.c
-- Up-to-date: /root/projects/robo/install/robot_interfaces/include/robot_interfaces/robot_interfaces/msg/detail/robot_state__type_support.h
-- Up-to-date: /root/projects/robo/install/robot_interfaces/include/robot_interfaces/robot_interfaces/msg/robot_state.h
-- Up-to-date: /root/projects/robo/install/robot_interfaces/include/robot_interfaces/robot_interfaces/msg/rosidl_generator_c__visibility_control.h
-- Up-to-date: /root/projects/robo/install/robot_interfaces/share/robot_interfaces/environment/library_path.sh
-- Up-to-date: /root/projects/robo/install/robot_interfaces/share/robot_interfaces/environment/library_path.dsv
-- Up-to-date: /root/projects/robo/install/robot_interfaces/lib/librobot_interfaces__rosidl_generator_c.so
-- Up-to-date: /root/projects/robo/install/robot_interfaces/include/robot_interfaces/robot_interfaces
-- Up-to-date: /root/projects/robo/install/robot_interfaces/include/robot_interfaces/robot_interfaces/msg
-- Up-to-date: /root/projects/robo/install/robot_interfaces/include/robot_interfaces/robot_interfaces/msg/detail
-- Up-to-date: /root/projects/robo/install/robot_interfaces/include/robot_interfaces/robot_interfaces/msg/detail/position__rosidl_typesupport_fastrtps_c.h
-- Up-to-date: /root/projects/robo/install/robot_interfaces/include/robot_interfaces/robot_interfaces/msg/detail/robot_state__rosidl_typesupport_fastrtps_c.h
-- Up-to-date: /root/projects/robo/install/robot_interfaces/include/robot_interfaces/robot_interfaces/msg/rosidl_typesupport_fastrtps_c__visibility_control.h
-- Up-to-date: /root/projects/robo/install/robot_interfaces/lib/librobot_interfaces__rosidl_typesupport_fastrtps_c.so
-- Up-to-date: /root/projects/robo/install/robot_interfaces/include/robot_interfaces/robot_interfaces
-- Up-to-date: /root/projects/robo/install/robot_interfaces/include/robot_interfaces/robot_interfaces/msg
-- Up-to-date: /root/projects/robo/install/robot_interfaces/include/robot_interfaces/robot_interfaces/msg/detail
-- Up-to-date: /root/projects/robo/install/robot_interfaces/include/robot_interfaces/robot_interfaces/msg/detail/position__rosidl_typesupport_introspection_c.h
-- Installing: /root/projects/robo/install/robot_interfaces/include/robot_interfaces/robot_interfaces/msg/detail/position__type_support.c
-- Up-to-date: /root/projects/robo/install/robot_interfaces/include/robot_interfaces/robot_interfaces/msg/detail/robot_state__rosidl_typesupport_introspection_c.h
-- Installing: /root/projects/robo/install/robot_interfaces/include/robot_interfaces/robot_interfaces/msg/detail/robot_state__type_support.c
-- Up-to-date: /root/projects/robo/install/robot_interfaces/include/robot_interfaces/robot_interfaces/msg/rosidl_typesupport_introspection_c__visibility_control.h
-- Up-to-date: /root/projects/robo/install/robot_interfaces/lib/librobot_interfaces__rosidl_typesupport_introspection_c.so
-- Up-to-date: /root/projects/robo/install/robot_interfaces/lib/librobot_interfaces__rosidl_typesupport_c.so
-- Up-to-date: /root/projects/robo/install/robot_interfaces/include/robot_interfaces/robot_interfaces
-- Up-to-date: /root/projects/robo/install/robot_interfaces/include/robot_interfaces/robot_interfaces/msg
-- Up-to-date: /root/projects/robo/install/robot_interfaces/include/robot_interfaces/robot_interfaces/msg/position.hpp
-- Up-to-date: /root/projects/robo/install/robot_interfaces/include/robot_interfaces/robot_interfaces/msg/detail
-- Up-to-date: /root/projects/robo/install/robot_interfaces/include/robot_interfaces/robot_interfaces/msg/detail/position__builder.hpp
-- Up-to-date: /root/projects/robo/install/robot_interfaces/include/robot_interfaces/robot_interfaces/msg/detail/position__struct.hpp
-- Up-to-date: /root/projects/robo/install/robot_interfaces/include/robot_interfaces/robot_interfaces/msg/detail/position__traits.hpp
-- Up-to-date: /root/projects/robo/install/robot_interfaces/include/robot_interfaces/robot_interfaces/msg/detail/position__type_support.hpp
-- Up-to-date: /root/projects/robo/install/robot_interfaces/include/robot_interfaces/robot_interfaces/msg/detail/robot_state__builder.hpp
-- Up-to-date: /root/projects/robo/install/robot_interfaces/include/robot_interfaces/robot_interfaces/msg/detail/robot_state__struct.hpp
-- Up-to-date: /root/projects/robo/install/robot_interfaces/include/robot_interfaces/robot_interfaces/msg/detail/robot_state__traits.hpp
-- Up-to-date: /root/projects/robo/install/robot_interfaces/include/robot_interfaces/robot_interfaces/msg/detail/robot_state__type_support.hpp
-- Up-to-date: /root/projects/robo/install/robot_interfaces/include/robot_interfaces/robot_interfaces/msg/robot_state.hpp
-- Up-to-date: /root/projects/robo/install/robot_interfaces/include/robot_interfaces/robot_interfaces/msg/rosidl_generator_cpp__visibility_control.hpp
-- Up-to-date: /root/projects/robo/install/robot_interfaces/include/robot_interfaces/robot_interfaces
-- Up-to-date: /root/projects/robo/install/robot_interfaces/include/robot_interfaces/robot_interfaces/msg
-- Up-to-date: /root/projects/robo/install/robot_interfaces/include/robot_interfaces/robot_interfaces/msg/detail
-- Up-to-date: /root/projects/robo/install/robot_interfaces/include/robot_interfaces/robot_interfaces/msg/detail/position__rosidl_typesupport_fastrtps_cpp.hpp
-- Up-to-date: /root/projects/robo/install/robot_interfaces/include/robot_interfaces/robot_interfaces/msg/detail/dds_fastrtps
-- Up-to-date: /root/projects/robo/install/robot_interfaces/include/robot_interfaces/robot_interfaces/msg/detail/robot_state__rosidl_typesupport_fastrtps_cpp.hpp
-- Up-to-date: /root/projects/robo/install/robot_interfaces/include/robot_interfaces/robot_interfaces/msg/rosidl_typesupport_fastrtps_cpp__visibility_control.h
-- Up-to-date: /root/projects/robo/install/robot_interfaces/lib/librobot_interfaces__rosidl_typesupport_fastrtps_cpp.so
-- Up-to-date: /root/projects/robo/install/robot_interfaces/include/robot_interfaces/robot_interfaces
-- Up-to-date: /root/projects/robo/install/robot_interfaces/include/robot_interfaces/robot_interfaces/msg
-- Up-to-date: /root/projects/robo/install/robot_interfaces/include/robot_interfaces/robot_interfaces/msg/detail
-- Up-to-date: /root/projects/robo/install/robot_interfaces/include/robot_interfaces/robot_interfaces/msg/detail/position__rosidl_typesupport_introspection_cpp.hpp
-- Up-to-date: /root/projects/robo/install/robot_interfaces/include/robot_interfaces/robot_interfaces/msg/detail/position__type_support.cpp
-- Up-to-date: /root/projects/robo/install/robot_interfaces/include/robot_interfaces/robot_interfaces/msg/detail/robot_state__rosidl_typesupport_introspection_cpp.hpp
-- Up-to-date: /root/projects/robo/install/robot_interfaces/include/robot_interfaces/robot_interfaces/msg/detail/robot_state__type_support.cpp
-- Up-to-date: /root/projects/robo/install/robot_interfaces/lib/librobot_interfaces__rosidl_typesupport_introspection_cpp.so
-- Up-to-date: /root/projects/robo/install/robot_interfaces/lib/librobot_interfaces__rosidl_typesupport_cpp.so
-- Up-to-date: /root/projects/robo/install/robot_interfaces/share/robot_interfaces/environment/pythonpath.sh
-- Up-to-date: /root/projects/robo/install/robot_interfaces/share/robot_interfaces/environment/pythonpath.dsv
-- Up-to-date: /root/projects/robo/install/robot_interfaces/lib/python3.14/site-packages/robot_interfaces/robot_interfaces_s__rosidl_typesupport_fastrtps_c.so
-- Up-to-date: /root/projects/robo/install/robot_interfaces/lib/python3.14/site-packages/robot_interfaces/robot_interfaces_s__rosidl_typesupport_introspection_c.so
-- Up-to-date: /root/projects/robo/install/robot_interfaces/lib/python3.14/site-packages/robot_interfaces/robot_interfaces_s__rosidl_typesupport_c.so
-- Up-to-date: /root/projects/robo/install/robot_interfaces/lib/librobot_interfaces__rosidl_generator_py.so
-- Up-to-date: /root/projects/robo/install/robot_interfaces/share/ament_index/resource_index/rust_packages/robot_interfaces
-- Up-to-date: /root/projects/robo/install/robot_interfaces/share/robot_interfaces/rust
-- Up-to-date: /root/projects/robo/install/robot_interfaces/share/robot_interfaces/rust/src
-- Up-to-date: /root/projects/robo/install/robot_interfaces/share/robot_interfaces/rust/src/msg.rs
-- Up-to-date: /root/projects/robo/install/robot_interfaces/share/robot_interfaces/rust/src/msg
-- Up-to-date: /root/projects/robo/install/robot_interfaces/share/robot_interfaces/rust/src/msg/rmw.rs
-- Up-to-date: /root/projects/robo/install/robot_interfaces/share/robot_interfaces/rust/src/lib.rs
-- Up-to-date: /root/projects/robo/install/robot_interfaces/share/robot_interfaces/rust/Cargo.toml
-- Up-to-date: /root/projects/robo/install/robot_interfaces/share/robot_interfaces/rust/build.rs
-- Up-to-date: /root/projects/robo/install/robot_interfaces/share/robot_interfaces/msg/Position.idl
-- Up-to-date: /root/projects/robo/install/robot_interfaces/share/robot_interfaces/msg/RobotState.idl
-- Up-to-date: /root/projects/robo/install/robot_interfaces/share/robot_interfaces/msg/Position.msg
-- Up-to-date: /root/projects/robo/install/robot_interfaces/share/robot_interfaces/msg/RobotState.msg
-- Up-to-date: /root/projects/robo/install/robot_interfaces/share/ament_index/resource_index/package_run_dependencies/robot_interfaces
-- Up-to-date: /root/projects/robo/install/robot_interfaces/share/ament_index/resource_index/parent_prefix_path/robot_interfaces
-- Up-to-date: /root/projects/robo/install/robot_interfaces/share/robot_interfaces/environment/ament_prefix_path.sh
-- Up-to-date: /root/projects/robo/install/robot_interfaces/share/robot_interfaces/environment/ament_prefix_path.dsv
-- Up-to-date: /root/projects/robo/install/robot_interfaces/share/robot_interfaces/environment/path.sh
-- Up-to-date: /root/projects/robo/install/robot_interfaces/share/robot_interfaces/environment/path.dsv
-- Up-to-date: /root/projects/robo/install/robot_interfaces/share/robot_interfaces/local_setup.bash
-- Up-to-date: /root/projects/robo/install/robot_interfaces/share/robot_interfaces/local_setup.fish
-- Up-to-date: /root/projects/robo/install/robot_interfaces/share/robot_interfaces/local_setup.sh
-- Up-to-date: /root/projects/robo/install/robot_interfaces/share/robot_interfaces/local_setup.zsh
-- Up-to-date: /root/projects/robo/install/robot_interfaces/share/robot_interfaces/local_setup.dsv
-- Installing: /root/projects/robo/install/robot_interfaces/share/robot_interfaces/package.dsv
-- Up-to-date: /root/projects/robo/install/robot_interfaces/share/ament_index/resource_index/packages/robot_interfaces
-- Up-to-date: /root/projects/robo/install/robot_interfaces/share/robot_interfaces/cmake/export_robot_interfaces__rosidl_generator_cExport.cmake
-- Up-to-date: /root/projects/robo/install/robot_interfaces/share/robot_interfaces/cmake/export_robot_interfaces__rosidl_generator_cExport-noconfig.cmake
-- Up-to-date: /root/projects/robo/install/robot_interfaces/share/robot_interfaces/cmake/export_robot_interfaces__rosidl_typesupport_fastrtps_cExport.cmake
-- Up-to-date: /root/projects/robo/install/robot_interfaces/share/robot_interfaces/cmake/export_robot_interfaces__rosidl_typesupport_fastrtps_cExport-noconfig.cmake
-- Up-to-date: /root/projects/robo/install/robot_interfaces/share/robot_interfaces/cmake/robot_interfaces__rosidl_typesupport_introspection_cExport.cmake
-- Up-to-date: /root/projects/robo/install/robot_interfaces/share/robot_interfaces/cmake/robot_interfaces__rosidl_typesupport_introspection_cExport-noconfig.cmake
-- Up-to-date: /root/projects/robo/install/robot_interfaces/share/robot_interfaces/cmake/robot_interfaces__rosidl_typesupport_cExport.cmake
-- Up-to-date: /root/projects/robo/install/robot_interfaces/share/robot_interfaces/cmake/robot_interfaces__rosidl_typesupport_cExport-noconfig.cmake
-- Up-to-date: /root/projects/robo/install/robot_interfaces/share/robot_interfaces/cmake/export_robot_interfaces__rosidl_generator_cppExport.cmake
-- Up-to-date: /root/projects/robo/install/robot_interfaces/share/robot_interfaces/cmake/export_robot_interfaces__rosidl_typesupport_fastrtps_cppExport.cmake
-- Up-to-date: /root/projects/robo/install/robot_interfaces/share/robot_interfaces/cmake/export_robot_interfaces__rosidl_typesupport_fastrtps_cppExport-noconfig.cmake
-- Up-to-date: /root/projects/robo/install/robot_interfaces/share/robot_interfaces/cmake/robot_interfaces__rosidl_typesupport_introspection_cppExport.cmake
-- Up-to-date: /root/projects/robo/install/robot_interfaces/share/robot_interfaces/cmake/robot_interfaces__rosidl_typesupport_introspection_cppExport-noconfig.cmake
-- Up-to-date: /root/projects/robo/install/robot_interfaces/share/robot_interfaces/cmake/robot_interfaces__rosidl_typesupport_cppExport.cmake
-- Up-to-date: /root/projects/robo/install/robot_interfaces/share/robot_interfaces/cmake/robot_interfaces__rosidl_typesupport_cppExport-noconfig.cmake
-- Up-to-date: /root/projects/robo/install/robot_interfaces/share/robot_interfaces/cmake/export_robot_interfaces__rosidl_generator_pyExport.cmake
-- Up-to-date: /root/projects/robo/install/robot_interfaces/share/robot_interfaces/cmake/export_robot_interfaces__rosidl_generator_pyExport-noconfig.cmake
-- Up-to-date: /root/projects/robo/install/robot_interfaces/lib/python3.14/site-packages/robot_interfaces-0.0.0-py3.14.egg-info
-- Installing: /root/projects/robo/install/robot_interfaces/lib/python3.14/site-packages/robot_interfaces-0.0.0-py3.14.egg-info/top_level.txt
-- Installing: /root/projects/robo/install/robot_interfaces/lib/python3.14/site-packages/robot_interfaces-0.0.0-py3.14.egg-info/PKG-INFO
-- Installing: /root/projects/robo/install/robot_interfaces/lib/python3.14/site-packages/robot_interfaces-0.0.0-py3.14.egg-info/dependency_links.txt
-- Installing: /root/projects/robo/install/robot_interfaces/lib/python3.14/site-packages/robot_interfaces-0.0.0-py3.14.egg-info/SOURCES.txt
-- Up-to-date: /root/projects/robo/install/robot_interfaces/lib/python3.14/site-packages/robot_interfaces
-- Up-to-date: /root/projects/robo/install/robot_interfaces/lib/python3.14/site-packages/robot_interfaces/__init__.py
-- Up-to-date: /root/projects/robo/install/robot_interfaces/lib/python3.14/site-packages/robot_interfaces/msg
-- Up-to-date: /root/projects/robo/install/robot_interfaces/lib/python3.14/site-packages/robot_interfaces/msg/_position.py
-- Up-to-date: /root/projects/robo/install/robot_interfaces/lib/python3.14/site-packages/robot_interfaces/msg/_position_s.c
-- Up-to-date: /root/projects/robo/install/robot_interfaces/lib/python3.14/site-packages/robot_interfaces/msg/_robot_state.py
-- Up-to-date: /root/projects/robo/install/robot_interfaces/lib/python3.14/site-packages/robot_interfaces/msg/_robot_state_s.c
-- Up-to-date: /root/projects/robo/install/robot_interfaces/lib/python3.14/site-packages/robot_interfaces/msg/__init__.py
-- Up-to-date: /root/projects/robo/install/robot_interfaces/lib/python3.14/site-packages/robot_interfaces/_robot_interfaces_s.ep.rosidl_typesupport_fastrtps_c.c
-- Up-to-date: /root/projects/robo/install/robot_interfaces/lib/python3.14/site-packages/robot_interfaces/_robot_interfaces_s.ep.rosidl_typesupport_introspection_c.c
-- Up-to-date: /root/projects/robo/install/robot_interfaces/lib/python3.14/site-packages/robot_interfaces/_robot_interfaces_s.ep.rosidl_typesupport_c.c
-- Up-to-date: /root/projects/robo/install/robot_interfaces/lib/python3.14/site-packages/robot_interfaces/py.typed
-- Up-to-date: /root/projects/robo/install/robot_interfaces/lib/python3.14/site-packages/robot_interfaces/robot_interfaces_s__rosidl_typesupport_introspection_c.so
-- Up-to-date: /root/projects/robo/install/robot_interfaces/lib/python3.14/site-packages/robot_interfaces/robot_interfaces_s__rosidl_typesupport_c.so
-- Up-to-date: /root/projects/robo/install/robot_interfaces/lib/python3.14/site-packages/robot_interfaces/robot_interfaces_s__rosidl_typesupport_fastrtps_c.so
Listing '/root/projects/robo/install/robot_interfaces/lib/python3.14/site-packages/robot_interfaces'...
Listing '/root/projects/robo/install/robot_interfaces/lib/python3.14/site-packages/robot_interfaces/msg'...
-- Up-to-date: /root/projects/robo/install/robot_interfaces/share/robot_interfaces/cmake/rosidl_cmake-extras.cmake
-- Up-to-date: /root/projects/robo/install/robot_interfaces/share/robot_interfaces/cmake/ament_cmake_export_include_directories-extras.cmake
-- Up-to-date: /root/projects/robo/install/robot_interfaces/share/robot_interfaces/cmake/ament_cmake_export_libraries-extras.cmake
-- Up-to-date: /root/projects/robo/install/robot_interfaces/share/robot_interfaces/cmake/ament_cmake_export_targets-extras.cmake
-- Up-to-date: /root/projects/robo/install/robot_interfaces/share/robot_interfaces/cmake/rosidl_cmake_export_typesupport_targets-extras.cmake
-- Up-to-date: /root/projects/robo/install/robot_interfaces/share/robot_interfaces/cmake/ament_cmake_export_dependencies-extras.cmake
-- Up-to-date: /root/projects/robo/install/robot_interfaces/share/robot_interfaces/cmake/rosidl_cmake_export_typesupport_libraries-extras.cmake
-- Up-to-date: /root/projects/robo/install/robot_interfaces/share/robot_interfaces/cmake/rosidl_cmake_aggregate_target-extras.cmake
-- Up-to-date: /root/projects/robo/install/robot_interfaces/share/robot_interfaces/cmake/robot_interfacesConfig.cmake
-- Up-to-date: /root/projects/robo/install/robot_interfaces/share/robot_interfaces/cmake/robot_interfacesConfig-version.cmake
-- Up-to-date: /root/projects/robo/install/robot_interfaces/share/robot_interfaces/package.xml
