[2.244s] Invoking command in '/root/projects/robo/build/robot_interfaces': CMAKE_PREFIX_PATH=${CMAKE_PREFIX_PATH}:/root/projects/robo/install/robot_brain:/opt/ros/lyrical /usr/bin/cmake --build /root/projects/robo/build/robot_interfaces -- -j8 -l8
[4.419s] [  2%] Built target robot_interfaces__rs
[4.422s] [  4%] Built target robot_interfaces__rosidl_generator_type_description
[5.194s] [  6%] Built target robot_interfaces__cpp
[5.326s] [ 24%] Built target robot_interfaces__rosidl_generator_c
[6.611s] [ 33%] Built target robot_interfaces__rosidl_typesupport_introspection_c
[6.675s] [ 42%] Built target robot_interfaces__rosidl_typesupport_c
[6.810s] [ 51%] Built target robot_interfaces__rosidl_typesupport_introspection_cpp
[6.818s] [ 60%] Built target robot_interfaces__rosidl_typesupport_fastrtps_c
[6.851s] [ 68%] Built target robot_interfaces__rosidl_typesupport_cpp
[7.152s] [ 77%] Built target robot_interfaces__rosidl_typesupport_fastrtps_cpp
[7.698s] [ 77%] Built target robot_interfaces
[8.166s] [ 80%] Built target robot_interfaces__py
[8.820s] [ 86%] Built target robot_interfaces__rosidl_generator_py
[8.922s] [ 86%] Built target ament_cmake_python_sync_robot_interfaces
[9.377s] [ 95%] Built target robot_interfaces_s__rosidl_typesupport_c
[9.378s] [ 95%] Built target robot_interfaces_s__rosidl_typesupport_fastrtps_c
[9.388s] [100%] Built target robot_interfaces_s__rosidl_typesupport_introspection_c
[11.426s] running egg_info
[11.658s] writing robot_interfaces.egg-info/PKG-INFO
[11.674s] writing dependency_links to robot_interfaces.egg-info/dependency_links.txt
[11.676s] writing top-level names to robot_interfaces.egg-info/top_level.txt
[12.442s] reading manifest file 'robot_interfaces.egg-info/SOURCES.txt'
[12.465s] writing manifest file 'robot_interfaces.egg-info/SOURCES.txt'
[12.738s] [100%] Built target ament_cmake_python_build_robot_interfaces_egg
[13.004s] Invoked command in '/root/projects/robo/build/robot_interfaces' returned '0': CMAKE_PREFIX_PATH=${CMAKE_PREFIX_PATH}:/root/projects/robo/install/robot_brain:/opt/ros/lyrical /usr/bin/cmake --build /root/projects/robo/build/robot_interfaces -- -j8 -l8
[13.181s] Invoking command in '/root/projects/robo/build/robot_interfaces': CMAKE_PREFIX_PATH=${CMAKE_PREFIX_PATH}:/root/projects/robo/install/robot_brain:/opt/ros/lyrical /usr/bin/cmake --install /root/projects/robo/build/robot_interfaces
[13.317s] -- Install configuration: ""
[13.322s] -- Up-to-date: /root/projects/robo/install/robot_interfaces/share/ament_index/resource_index/rosidl_interfaces/robot_interfaces
[13.326s] -- Up-to-date: /root/projects/robo/install/robot_interfaces/share/robot_interfaces/msg/Position.json
[13.329s] -- Up-to-date: /root/projects/robo/install/robot_interfaces/share/robot_interfaces/msg/RobotState.json
[13.333s] -- Up-to-date: /root/projects/robo/install/robot_interfaces/include/robot_interfaces/robot_interfaces
[13.337s] -- Up-to-date: /root/projects/robo/install/robot_interfaces/include/robot_interfaces/robot_interfaces/msg
[13.342s] -- Up-to-date: /root/projects/robo/install/robot_interfaces/include/robot_interfaces/robot_interfaces/msg/position.h
[13.345s] -- Up-to-date: /root/projects/robo/install/robot_interfaces/include/robot_interfaces/robot_interfaces/msg/detail
[13.350s] -- Up-to-date: /root/projects/robo/install/robot_interfaces/include/robot_interfaces/robot_interfaces/msg/detail/position__description.c
[13.353s] -- Up-to-date: /root/projects/robo/install/robot_interfaces/include/robot_interfaces/robot_interfaces/msg/detail/position__functions.c
[13.357s] -- Up-to-date: /root/projects/robo/install/robot_interfaces/include/robot_interfaces/robot_interfaces/msg/detail/position__functions.h
[13.359s] -- Up-to-date: /root/projects/robo/install/robot_interfaces/include/robot_interfaces/robot_interfaces/msg/detail/position__struct.h
[13.363s] -- Installing: /root/projects/robo/install/robot_interfaces/include/robot_interfaces/robot_interfaces/msg/detail/position__type_support.c
[13.376s] -- Up-to-date: /root/projects/robo/install/robot_interfaces/include/robot_interfaces/robot_interfaces/msg/detail/position__type_support.h
[13.379s] -- Up-to-date: /root/projects/robo/install/robot_interfaces/include/robot_interfaces/robot_interfaces/msg/detail/robot_state__description.c
[13.382s] -- Up-to-date: /root/projects/robo/install/robot_interfaces/include/robot_interfaces/robot_interfaces/msg/detail/robot_state__functions.c
[13.386s] -- Up-to-date: /root/projects/robo/install/robot_interfaces/include/robot_interfaces/robot_interfaces/msg/detail/robot_state__functions.h
[13.388s] -- Up-to-date: /root/projects/robo/install/robot_interfaces/include/robot_interfaces/robot_interfaces/msg/detail/robot_state__struct.h
[13.396s] -- Installing: /root/projects/robo/install/robot_interfaces/include/robot_interfaces/robot_interfaces/msg/detail/robot_state__type_support.c
[13.409s] -- Up-to-date: /root/projects/robo/install/robot_interfaces/include/robot_interfaces/robot_interfaces/msg/detail/robot_state__type_support.h
[13.411s] -- Up-to-date: /root/projects/robo/install/robot_interfaces/include/robot_interfaces/robot_interfaces/msg/robot_state.h
[13.414s] -- Up-to-date: /root/projects/robo/install/robot_interfaces/include/robot_interfaces/robot_interfaces/msg/rosidl_generator_c__visibility_control.h
[13.419s] -- Up-to-date: /root/projects/robo/install/robot_interfaces/share/robot_interfaces/environment/library_path.sh
[13.423s] -- Up-to-date: /root/projects/robo/install/robot_interfaces/share/robot_interfaces/environment/library_path.dsv
[13.431s] -- Up-to-date: /root/projects/robo/install/robot_interfaces/lib/librobot_interfaces__rosidl_generator_c.so
[13.437s] -- Up-to-date: /root/projects/robo/install/robot_interfaces/include/robot_interfaces/robot_interfaces
[13.442s] -- Up-to-date: /root/projects/robo/install/robot_interfaces/include/robot_interfaces/robot_interfaces/msg
[13.446s] -- Up-to-date: /root/projects/robo/install/robot_interfaces/include/robot_interfaces/robot_interfaces/msg/detail
[13.450s] -- Up-to-date: /root/projects/robo/install/robot_interfaces/include/robot_interfaces/robot_interfaces/msg/detail/position__rosidl_typesupport_fastrtps_c.h
[13.453s] -- Up-to-date: /root/projects/robo/install/robot_interfaces/include/robot_interfaces/robot_interfaces/msg/detail/robot_state__rosidl_typesupport_fastrtps_c.h
[13.456s] -- Up-to-date: /root/projects/robo/install/robot_interfaces/include/robot_interfaces/robot_interfaces/msg/rosidl_typesupport_fastrtps_c__visibility_control.h
[13.463s] -- Up-to-date: /root/projects/robo/install/robot_interfaces/lib/librobot_interfaces__rosidl_typesupport_fastrtps_c.so
[13.470s] -- Up-to-date: /root/projects/robo/install/robot_interfaces/include/robot_interfaces/robot_interfaces
[13.475s] -- Up-to-date: /root/projects/robo/install/robot_interfaces/include/robot_interfaces/robot_interfaces/msg
[13.485s] -- Up-to-date: /root/projects/robo/install/robot_interfaces/include/robot_interfaces/robot_interfaces/msg/detail
[13.495s] -- Up-to-date: /root/projects/robo/install/robot_interfaces/include/robot_interfaces/robot_interfaces/msg/detail/position__rosidl_typesupport_introspection_c.h
[13.501s] -- Installing: /root/projects/robo/install/robot_interfaces/include/robot_interfaces/robot_interfaces/msg/detail/position__type_support.c
[13.519s] -- Up-to-date: /root/projects/robo/install/robot_interfaces/include/robot_interfaces/robot_interfaces/msg/detail/robot_state__rosidl_typesupport_introspection_c.h
[13.522s] -- Installing: /root/projects/robo/install/robot_interfaces/include/robot_interfaces/robot_interfaces/msg/detail/robot_state__type_support.c
[13.539s] -- Up-to-date: /root/projects/robo/install/robot_interfaces/include/robot_interfaces/robot_interfaces/msg/rosidl_typesupport_introspection_c__visibility_control.h
[13.548s] -- Up-to-date: /root/projects/robo/install/robot_interfaces/lib/librobot_interfaces__rosidl_typesupport_introspection_c.so
[13.561s] -- Up-to-date: /root/projects/robo/install/robot_interfaces/lib/librobot_interfaces__rosidl_typesupport_c.so
[13.571s] -- Up-to-date: /root/projects/robo/install/robot_interfaces/include/robot_interfaces/robot_interfaces
[13.577s] -- Up-to-date: /root/projects/robo/install/robot_interfaces/include/robot_interfaces/robot_interfaces/msg
[13.585s] -- Up-to-date: /root/projects/robo/install/robot_interfaces/include/robot_interfaces/robot_interfaces/msg/position.hpp
[13.588s] -- Up-to-date: /root/projects/robo/install/robot_interfaces/include/robot_interfaces/robot_interfaces/msg/detail
[13.596s] -- Up-to-date: /root/projects/robo/install/robot_interfaces/include/robot_interfaces/robot_interfaces/msg/detail/position__builder.hpp
[13.599s] -- Up-to-date: /root/projects/robo/install/robot_interfaces/include/robot_interfaces/robot_interfaces/msg/detail/position__struct.hpp
[13.602s] -- Up-to-date: /root/projects/robo/install/robot_interfaces/include/robot_interfaces/robot_interfaces/msg/detail/position__traits.hpp
[13.606s] -- Up-to-date: /root/projects/robo/install/robot_interfaces/include/robot_interfaces/robot_interfaces/msg/detail/position__type_support.hpp
[13.610s] -- Up-to-date: /root/projects/robo/install/robot_interfaces/include/robot_interfaces/robot_interfaces/msg/detail/robot_state__builder.hpp
[13.614s] -- Up-to-date: /root/projects/robo/install/robot_interfaces/include/robot_interfaces/robot_interfaces/msg/detail/robot_state__struct.hpp
[13.620s] -- Up-to-date: /root/projects/robo/install/robot_interfaces/include/robot_interfaces/robot_interfaces/msg/detail/robot_state__traits.hpp
[13.623s] -- Up-to-date: /root/projects/robo/install/robot_interfaces/include/robot_interfaces/robot_interfaces/msg/detail/robot_state__type_support.hpp
[13.627s] -- Up-to-date: /root/projects/robo/install/robot_interfaces/include/robot_interfaces/robot_interfaces/msg/robot_state.hpp
[13.630s] -- Up-to-date: /root/projects/robo/install/robot_interfaces/include/robot_interfaces/robot_interfaces/msg/rosidl_generator_cpp__visibility_control.hpp
[13.633s] -- Up-to-date: /root/projects/robo/install/robot_interfaces/include/robot_interfaces/robot_interfaces
[13.641s] -- Up-to-date: /root/projects/robo/install/robot_interfaces/include/robot_interfaces/robot_interfaces/msg
[13.646s] -- Up-to-date: /root/projects/robo/install/robot_interfaces/include/robot_interfaces/robot_interfaces/msg/detail
[13.653s] -- Up-to-date: /root/projects/robo/install/robot_interfaces/include/robot_interfaces/robot_interfaces/msg/detail/position__rosidl_typesupport_fastrtps_cpp.hpp
[13.656s] -- Up-to-date: /root/projects/robo/install/robot_interfaces/include/robot_interfaces/robot_interfaces/msg/detail/dds_fastrtps
[13.662s] -- Up-to-date: /root/projects/robo/install/robot_interfaces/include/robot_interfaces/robot_interfaces/msg/detail/robot_state__rosidl_typesupport_fastrtps_cpp.hpp
[13.666s] -- Up-to-date: /root/projects/robo/install/robot_interfaces/include/robot_interfaces/robot_interfaces/msg/rosidl_typesupport_fastrtps_cpp__visibility_control.h
[13.675s] -- Up-to-date: /root/projects/robo/install/robot_interfaces/lib/librobot_interfaces__rosidl_typesupport_fastrtps_cpp.so
[13.683s] -- Up-to-date: /root/projects/robo/install/robot_interfaces/include/robot_interfaces/robot_interfaces
[13.687s] -- Up-to-date: /root/projects/robo/install/robot_interfaces/include/robot_interfaces/robot_interfaces/msg
[13.695s] -- Up-to-date: /root/projects/robo/install/robot_interfaces/include/robot_interfaces/robot_interfaces/msg/detail
[13.702s] -- Up-to-date: /root/projects/robo/install/robot_interfaces/include/robot_interfaces/robot_interfaces/msg/detail/position__rosidl_typesupport_introspection_cpp.hpp
[13.707s] -- Up-to-date: /root/projects/robo/install/robot_interfaces/include/robot_interfaces/robot_interfaces/msg/detail/position__type_support.cpp
[13.711s] -- Up-to-date: /root/projects/robo/install/robot_interfaces/include/robot_interfaces/robot_interfaces/msg/detail/robot_state__rosidl_typesupport_introspection_cpp.hpp
[13.717s] -- Up-to-date: /root/projects/robo/install/robot_interfaces/include/robot_interfaces/robot_interfaces/msg/detail/robot_state__type_support.cpp
[13.730s] -- Up-to-date: /root/projects/robo/install/robot_interfaces/lib/librobot_interfaces__rosidl_typesupport_introspection_cpp.so
[13.744s] -- Up-to-date: /root/projects/robo/install/robot_interfaces/lib/librobot_interfaces__rosidl_typesupport_cpp.so
[13.756s] -- Up-to-date: /root/projects/robo/install/robot_interfaces/share/robot_interfaces/environment/pythonpath.sh
[13.762s] -- Up-to-date: /root/projects/robo/install/robot_interfaces/share/robot_interfaces/environment/pythonpath.dsv
[13.776s] -- Up-to-date: /root/projects/robo/install/robot_interfaces/lib/python3.14/site-packages/robot_interfaces/robot_interfaces_s__rosidl_typesupport_fastrtps_c.so
[13.793s] -- Up-to-date: /root/projects/robo/install/robot_interfaces/lib/python3.14/site-packages/robot_interfaces/robot_interfaces_s__rosidl_typesupport_introspection_c.so
[13.811s] -- Up-to-date: /root/projects/robo/install/robot_interfaces/lib/python3.14/site-packages/robot_interfaces/robot_interfaces_s__rosidl_typesupport_c.so
[13.822s] -- Up-to-date: /root/projects/robo/install/robot_interfaces/lib/librobot_interfaces__rosidl_generator_py.so
[13.833s] -- Up-to-date: /root/projects/robo/install/robot_interfaces/share/ament_index/resource_index/rust_packages/robot_interfaces
[13.839s] -- Up-to-date: /root/projects/robo/install/robot_interfaces/share/robot_interfaces/rust
[13.844s] -- Up-to-date: /root/projects/robo/install/robot_interfaces/share/robot_interfaces/rust/src
[13.851s] -- Up-to-date: /root/projects/robo/install/robot_interfaces/share/robot_interfaces/rust/src/msg.rs
[13.855s] -- Up-to-date: /root/projects/robo/install/robot_interfaces/share/robot_interfaces/rust/src/msg
[13.859s] -- Up-to-date: /root/projects/robo/install/robot_interfaces/share/robot_interfaces/rust/src/msg/rmw.rs
[13.863s] -- Up-to-date: /root/projects/robo/install/robot_interfaces/share/robot_interfaces/rust/src/lib.rs
[13.866s] -- Up-to-date: /root/projects/robo/install/robot_interfaces/share/robot_interfaces/rust/Cargo.toml
[13.868s] -- Up-to-date: /root/projects/robo/install/robot_interfaces/share/robot_interfaces/rust/build.rs
[13.871s] -- Up-to-date: /root/projects/robo/install/robot_interfaces/share/robot_interfaces/msg/Position.idl
[13.877s] -- Up-to-date: /root/projects/robo/install/robot_interfaces/share/robot_interfaces/msg/RobotState.idl
[13.881s] -- Up-to-date: /root/projects/robo/install/robot_interfaces/share/robot_interfaces/msg/Position.msg
[13.888s] -- Up-to-date: /root/projects/robo/install/robot_interfaces/share/robot_interfaces/msg/RobotState.msg
[13.894s] -- Up-to-date: /root/projects/robo/install/robot_interfaces/share/ament_index/resource_index/package_run_dependencies/robot_interfaces
[13.900s] -- Up-to-date: /root/projects/robo/install/robot_interfaces/share/ament_index/resource_index/parent_prefix_path/robot_interfaces
[13.905s] -- Up-to-date: /root/projects/robo/install/robot_interfaces/share/robot_interfaces/environment/ament_prefix_path.sh
[13.910s] -- Up-to-date: /root/projects/robo/install/robot_interfaces/share/robot_interfaces/environment/ament_prefix_path.dsv
[13.915s] -- Up-to-date: /root/projects/robo/install/robot_interfaces/share/robot_interfaces/environment/path.sh
[13.919s] -- Up-to-date: /root/projects/robo/install/robot_interfaces/share/robot_interfaces/environment/path.dsv
[13.924s] -- Up-to-date: /root/projects/robo/install/robot_interfaces/share/robot_interfaces/local_setup.bash
[13.929s] -- Up-to-date: /root/projects/robo/install/robot_interfaces/share/robot_interfaces/local_setup.fish
[13.934s] -- Up-to-date: /root/projects/robo/install/robot_interfaces/share/robot_interfaces/local_setup.sh
[13.939s] -- Up-to-date: /root/projects/robo/install/robot_interfaces/share/robot_interfaces/local_setup.zsh
[13.943s] -- Up-to-date: /root/projects/robo/install/robot_interfaces/share/robot_interfaces/local_setup.dsv
[13.950s] -- Installing: /root/projects/robo/install/robot_interfaces/share/robot_interfaces/package.dsv
[13.966s] -- Up-to-date: /root/projects/robo/install/robot_interfaces/share/ament_index/resource_index/packages/robot_interfaces
[13.975s] -- Up-to-date: /root/projects/robo/install/robot_interfaces/share/robot_interfaces/cmake/export_robot_interfaces__rosidl_generator_cExport.cmake
[13.981s] -- Up-to-date: /root/projects/robo/install/robot_interfaces/share/robot_interfaces/cmake/export_robot_interfaces__rosidl_generator_cExport-noconfig.cmake
[13.992s] -- Up-to-date: /root/projects/robo/install/robot_interfaces/share/robot_interfaces/cmake/export_robot_interfaces__rosidl_typesupport_fastrtps_cExport.cmake
[13.998s] -- Up-to-date: /root/projects/robo/install/robot_interfaces/share/robot_interfaces/cmake/export_robot_interfaces__rosidl_typesupport_fastrtps_cExport-noconfig.cmake
[14.005s] -- Up-to-date: /root/projects/robo/install/robot_interfaces/share/robot_interfaces/cmake/robot_interfaces__rosidl_typesupport_introspection_cExport.cmake
[14.010s] -- Up-to-date: /root/projects/robo/install/robot_interfaces/share/robot_interfaces/cmake/robot_interfaces__rosidl_typesupport_introspection_cExport-noconfig.cmake
[14.018s] -- Up-to-date: /root/projects/robo/install/robot_interfaces/share/robot_interfaces/cmake/robot_interfaces__rosidl_typesupport_cExport.cmake
[14.025s] -- Up-to-date: /root/projects/robo/install/robot_interfaces/share/robot_interfaces/cmake/robot_interfaces__rosidl_typesupport_cExport-noconfig.cmake
[14.032s] -- Up-to-date: /root/projects/robo/install/robot_interfaces/share/robot_interfaces/cmake/export_robot_interfaces__rosidl_generator_cppExport.cmake
[14.039s] -- Up-to-date: /root/projects/robo/install/robot_interfaces/share/robot_interfaces/cmake/export_robot_interfaces__rosidl_typesupport_fastrtps_cppExport.cmake
[14.042s] -- Up-to-date: /root/projects/robo/install/robot_interfaces/share/robot_interfaces/cmake/export_robot_interfaces__rosidl_typesupport_fastrtps_cppExport-noconfig.cmake
[14.051s] -- Up-to-date: /root/projects/robo/install/robot_interfaces/share/robot_interfaces/cmake/robot_interfaces__rosidl_typesupport_introspection_cppExport.cmake
[14.056s] -- Up-to-date: /root/projects/robo/install/robot_interfaces/share/robot_interfaces/cmake/robot_interfaces__rosidl_typesupport_introspection_cppExport-noconfig.cmake
[14.063s] -- Up-to-date: /root/projects/robo/install/robot_interfaces/share/robot_interfaces/cmake/robot_interfaces__rosidl_typesupport_cppExport.cmake
[14.070s] -- Up-to-date: /root/projects/robo/install/robot_interfaces/share/robot_interfaces/cmake/robot_interfaces__rosidl_typesupport_cppExport-noconfig.cmake
[14.077s] -- Up-to-date: /root/projects/robo/install/robot_interfaces/share/robot_interfaces/cmake/export_robot_interfaces__rosidl_generator_pyExport.cmake
[14.080s] -- Up-to-date: /root/projects/robo/install/robot_interfaces/share/robot_interfaces/cmake/export_robot_interfaces__rosidl_generator_pyExport-noconfig.cmake
[14.084s] -- Up-to-date: /root/projects/robo/install/robot_interfaces/lib/python3.14/site-packages/robot_interfaces-0.0.0-py3.14.egg-info
[14.091s] -- Installing: /root/projects/robo/install/robot_interfaces/lib/python3.14/site-packages/robot_interfaces-0.0.0-py3.14.egg-info/top_level.txt
[14.101s] -- Installing: /root/projects/robo/install/robot_interfaces/lib/python3.14/site-packages/robot_interfaces-0.0.0-py3.14.egg-info/PKG-INFO
[14.114s] -- Installing: /root/projects/robo/install/robot_interfaces/lib/python3.14/site-packages/robot_interfaces-0.0.0-py3.14.egg-info/dependency_links.txt
[14.128s] -- Installing: /root/projects/robo/install/robot_interfaces/lib/python3.14/site-packages/robot_interfaces-0.0.0-py3.14.egg-info/SOURCES.txt
[14.143s] -- Up-to-date: /root/projects/robo/install/robot_interfaces/lib/python3.14/site-packages/robot_interfaces
[14.149s] -- Up-to-date: /root/projects/robo/install/robot_interfaces/lib/python3.14/site-packages/robot_interfaces/__init__.py
[14.154s] -- Up-to-date: /root/projects/robo/install/robot_interfaces/lib/python3.14/site-packages/robot_interfaces/msg
[14.162s] -- Up-to-date: /root/projects/robo/install/robot_interfaces/lib/python3.14/site-packages/robot_interfaces/msg/_position.py
[14.167s] -- Up-to-date: /root/projects/robo/install/robot_interfaces/lib/python3.14/site-packages/robot_interfaces/msg/_position_s.c
[14.171s] -- Up-to-date: /root/projects/robo/install/robot_interfaces/lib/python3.14/site-packages/robot_interfaces/msg/_robot_state.py
[14.174s] -- Up-to-date: /root/projects/robo/install/robot_interfaces/lib/python3.14/site-packages/robot_interfaces/msg/_robot_state_s.c
[14.179s] -- Up-to-date: /root/projects/robo/install/robot_interfaces/lib/python3.14/site-packages/robot_interfaces/msg/__init__.py
[14.184s] -- Up-to-date: /root/projects/robo/install/robot_interfaces/lib/python3.14/site-packages/robot_interfaces/_robot_interfaces_s.ep.rosidl_typesupport_fastrtps_c.c
[14.188s] -- Up-to-date: /root/projects/robo/install/robot_interfaces/lib/python3.14/site-packages/robot_interfaces/_robot_interfaces_s.ep.rosidl_typesupport_introspection_c.c
[14.191s] -- Up-to-date: /root/projects/robo/install/robot_interfaces/lib/python3.14/site-packages/robot_interfaces/_robot_interfaces_s.ep.rosidl_typesupport_c.c
[14.196s] -- Up-to-date: /root/projects/robo/install/robot_interfaces/lib/python3.14/site-packages/robot_interfaces/py.typed
[14.201s] -- Up-to-date: /root/projects/robo/install/robot_interfaces/lib/python3.14/site-packages/robot_interfaces/robot_interfaces_s__rosidl_typesupport_introspection_c.so
[14.204s] -- Up-to-date: /root/projects/robo/install/robot_interfaces/lib/python3.14/site-packages/robot_interfaces/robot_interfaces_s__rosidl_typesupport_c.so
[14.207s] -- Up-to-date: /root/projects/robo/install/robot_interfaces/lib/python3.14/site-packages/robot_interfaces/robot_interfaces_s__rosidl_typesupport_fastrtps_c.so
[14.807s] Listing '/root/projects/robo/install/robot_interfaces/lib/python3.14/site-packages/robot_interfaces'...
[14.808s] Listing '/root/projects/robo/install/robot_interfaces/lib/python3.14/site-packages/robot_interfaces/msg'...
[14.855s] -- Up-to-date: /root/projects/robo/install/robot_interfaces/share/robot_interfaces/cmake/rosidl_cmake-extras.cmake
[14.860s] -- Up-to-date: /root/projects/robo/install/robot_interfaces/share/robot_interfaces/cmake/ament_cmake_export_include_directories-extras.cmake
[14.872s] -- Up-to-date: /root/projects/robo/install/robot_interfaces/share/robot_interfaces/cmake/ament_cmake_export_libraries-extras.cmake
[14.875s] -- Up-to-date: /root/projects/robo/install/robot_interfaces/share/robot_interfaces/cmake/ament_cmake_export_targets-extras.cmake
[14.880s] -- Up-to-date: /root/projects/robo/install/robot_interfaces/share/robot_interfaces/cmake/rosidl_cmake_export_typesupport_targets-extras.cmake
[14.884s] -- Up-to-date: /root/projects/robo/install/robot_interfaces/share/robot_interfaces/cmake/ament_cmake_export_dependencies-extras.cmake
[14.889s] -- Up-to-date: /root/projects/robo/install/robot_interfaces/share/robot_interfaces/cmake/rosidl_cmake_export_typesupport_libraries-extras.cmake
[14.893s] -- Up-to-date: /root/projects/robo/install/robot_interfaces/share/robot_interfaces/cmake/rosidl_cmake_aggregate_target-extras.cmake
[14.898s] -- Up-to-date: /root/projects/robo/install/robot_interfaces/share/robot_interfaces/cmake/robot_interfacesConfig.cmake
[14.902s] -- Up-to-date: /root/projects/robo/install/robot_interfaces/share/robot_interfaces/cmake/robot_interfacesConfig-version.cmake
[14.905s] -- Up-to-date: /root/projects/robo/install/robot_interfaces/share/robot_interfaces/package.xml
[14.931s] Invoked command in '/root/projects/robo/build/robot_interfaces' returned '0': CMAKE_PREFIX_PATH=${CMAKE_PREFIX_PATH}:/root/projects/robo/install/robot_brain:/opt/ros/lyrical /usr/bin/cmake --install /root/projects/robo/build/robot_interfaces
