[1.972s] Invoking command in '/root/projects/robo/build/robot_interfaces': CMAKE_PREFIX_PATH=/opt/ros/lyrical /usr/bin/cmake --build /root/projects/robo/build/robot_interfaces -- -j8 -l8
[3.450s] [  2%] Built target robot_interfaces__rosidl_generator_type_description
[3.457s] [  4%] Built target robot_interfaces__rs
[3.875s] [  6%] Built target robot_interfaces__cpp
[3.967s] [ 24%] Built target robot_interfaces__rosidl_generator_c
[4.486s] [ 42%] Built target robot_interfaces__rosidl_typesupport_introspection_c
[4.486s] [ 42%] Built target robot_interfaces__rosidl_typesupport_c
[4.575s] [ 51%] Built target robot_interfaces__rosidl_typesupport_fastrtps_cpp
[4.596s] [ 60%] Built target robot_interfaces__rosidl_typesupport_introspection_cpp
[4.724s] [ 68%] Built target robot_interfaces__rosidl_typesupport_cpp
[4.756s] [ 77%] Built target robot_interfaces__rosidl_typesupport_fastrtps_c
[5.298s] [ 77%] Built target robot_interfaces
[5.900s] [ 80%] Built target robot_interfaces__py
[6.537s] [ 86%] Built target robot_interfaces__rosidl_generator_py
[6.636s] [ 86%] Built target ament_cmake_python_sync_robot_interfaces
[7.049s] [ 91%] Built target robot_interfaces_s__rosidl_typesupport_c
[7.059s] [ 95%] Built target robot_interfaces_s__rosidl_typesupport_introspection_c
[7.091s] [100%] Built target robot_interfaces_s__rosidl_typesupport_fastrtps_c
[9.412s] running egg_info
[9.603s] writing robot_interfaces.egg-info/PKG-INFO
[9.606s] writing dependency_links to robot_interfaces.egg-info/dependency_links.txt
[9.608s] writing top-level names to robot_interfaces.egg-info/top_level.txt
[10.218s] reading manifest file 'robot_interfaces.egg-info/SOURCES.txt'
[10.238s] writing manifest file 'robot_interfaces.egg-info/SOURCES.txt'
[10.548s] [100%] Built target ament_cmake_python_build_robot_interfaces_egg
[10.838s] Invoked command in '/root/projects/robo/build/robot_interfaces' returned '0': CMAKE_PREFIX_PATH=/opt/ros/lyrical /usr/bin/cmake --build /root/projects/robo/build/robot_interfaces -- -j8 -l8
[11.056s] Invoking command in '/root/projects/robo/build/robot_interfaces': CMAKE_PREFIX_PATH=/opt/ros/lyrical /usr/bin/cmake --install /root/projects/robo/build/robot_interfaces
[11.228s] -- Install configuration: ""
[11.231s] -- Up-to-date: /root/projects/robo/install/robot_interfaces/share/ament_index/resource_index/rosidl_interfaces/robot_interfaces
[11.233s] -- Up-to-date: /root/projects/robo/install/robot_interfaces/share/robot_interfaces/msg/Position.json
[11.236s] -- Up-to-date: /root/projects/robo/install/robot_interfaces/share/robot_interfaces/msg/RobotState.json
[11.239s] -- Up-to-date: /root/projects/robo/install/robot_interfaces/include/robot_interfaces/robot_interfaces
[11.242s] -- Up-to-date: /root/projects/robo/install/robot_interfaces/include/robot_interfaces/robot_interfaces/msg
[11.245s] -- Up-to-date: /root/projects/robo/install/robot_interfaces/include/robot_interfaces/robot_interfaces/msg/position.h
[11.247s] -- Up-to-date: /root/projects/robo/install/robot_interfaces/include/robot_interfaces/robot_interfaces/msg/detail
[11.252s] -- Up-to-date: /root/projects/robo/install/robot_interfaces/include/robot_interfaces/robot_interfaces/msg/detail/position__description.c
[11.254s] -- Up-to-date: /root/projects/robo/install/robot_interfaces/include/robot_interfaces/robot_interfaces/msg/detail/position__functions.c
[11.257s] -- Up-to-date: /root/projects/robo/install/robot_interfaces/include/robot_interfaces/robot_interfaces/msg/detail/position__functions.h
[11.259s] -- Up-to-date: /root/projects/robo/install/robot_interfaces/include/robot_interfaces/robot_interfaces/msg/detail/position__struct.h
[11.264s] -- Installing: /root/projects/robo/install/robot_interfaces/include/robot_interfaces/robot_interfaces/msg/detail/position__type_support.c
[11.284s] -- Up-to-date: /root/projects/robo/install/robot_interfaces/include/robot_interfaces/robot_interfaces/msg/detail/position__type_support.h
[11.291s] -- Up-to-date: /root/projects/robo/install/robot_interfaces/include/robot_interfaces/robot_interfaces/msg/detail/robot_state__description.c
[11.295s] -- Up-to-date: /root/projects/robo/install/robot_interfaces/include/robot_interfaces/robot_interfaces/msg/detail/robot_state__functions.c
[11.301s] -- Up-to-date: /root/projects/robo/install/robot_interfaces/include/robot_interfaces/robot_interfaces/msg/detail/robot_state__functions.h
[11.304s] -- Up-to-date: /root/projects/robo/install/robot_interfaces/include/robot_interfaces/robot_interfaces/msg/detail/robot_state__struct.h
[11.314s] -- Installing: /root/projects/robo/install/robot_interfaces/include/robot_interfaces/robot_interfaces/msg/detail/robot_state__type_support.c
[11.333s] -- Up-to-date: /root/projects/robo/install/robot_interfaces/include/robot_interfaces/robot_interfaces/msg/detail/robot_state__type_support.h
[11.339s] -- Up-to-date: /root/projects/robo/install/robot_interfaces/include/robot_interfaces/robot_interfaces/msg/robot_state.h
[11.343s] -- Up-to-date: /root/projects/robo/install/robot_interfaces/include/robot_interfaces/robot_interfaces/msg/rosidl_generator_c__visibility_control.h
[11.351s] -- Up-to-date: /root/projects/robo/install/robot_interfaces/share/robot_interfaces/environment/library_path.sh
[11.359s] -- Up-to-date: /root/projects/robo/install/robot_interfaces/share/robot_interfaces/environment/library_path.dsv
[11.368s] -- Up-to-date: /root/projects/robo/install/robot_interfaces/lib/librobot_interfaces__rosidl_generator_c.so
[11.378s] -- Up-to-date: /root/projects/robo/install/robot_interfaces/include/robot_interfaces/robot_interfaces
[11.388s] -- Up-to-date: /root/projects/robo/install/robot_interfaces/include/robot_interfaces/robot_interfaces/msg
[11.399s] -- Up-to-date: /root/projects/robo/install/robot_interfaces/include/robot_interfaces/robot_interfaces/msg/detail
[11.406s] -- Up-to-date: /root/projects/robo/install/robot_interfaces/include/robot_interfaces/robot_interfaces/msg/detail/position__rosidl_typesupport_fastrtps_c.h
[11.410s] -- Up-to-date: /root/projects/robo/install/robot_interfaces/include/robot_interfaces/robot_interfaces/msg/detail/robot_state__rosidl_typesupport_fastrtps_c.h
[11.413s] -- Up-to-date: /root/projects/robo/install/robot_interfaces/include/robot_interfaces/robot_interfaces/msg/rosidl_typesupport_fastrtps_c__visibility_control.h
[11.423s] -- Up-to-date: /root/projects/robo/install/robot_interfaces/lib/librobot_interfaces__rosidl_typesupport_fastrtps_c.so
[11.428s] -- Up-to-date: /root/projects/robo/install/robot_interfaces/include/robot_interfaces/robot_interfaces
[11.433s] -- Up-to-date: /root/projects/robo/install/robot_interfaces/include/robot_interfaces/robot_interfaces/msg
[11.442s] -- Up-to-date: /root/projects/robo/install/robot_interfaces/include/robot_interfaces/robot_interfaces/msg/detail
[11.456s] -- Up-to-date: /root/projects/robo/install/robot_interfaces/include/robot_interfaces/robot_interfaces/msg/detail/position__rosidl_typesupport_introspection_c.h
[11.461s] -- Installing: /root/projects/robo/install/robot_interfaces/include/robot_interfaces/robot_interfaces/msg/detail/position__type_support.c
[11.481s] -- Up-to-date: /root/projects/robo/install/robot_interfaces/include/robot_interfaces/robot_interfaces/msg/detail/robot_state__rosidl_typesupport_introspection_c.h
[11.486s] -- Installing: /root/projects/robo/install/robot_interfaces/include/robot_interfaces/robot_interfaces/msg/detail/robot_state__type_support.c
[11.503s] -- Up-to-date: /root/projects/robo/install/robot_interfaces/include/robot_interfaces/robot_interfaces/msg/rosidl_typesupport_introspection_c__visibility_control.h
[11.512s] -- Up-to-date: /root/projects/robo/install/robot_interfaces/lib/librobot_interfaces__rosidl_typesupport_introspection_c.so
[11.538s] -- Up-to-date: /root/projects/robo/install/robot_interfaces/lib/librobot_interfaces__rosidl_typesupport_c.so
[11.546s] -- Up-to-date: /root/projects/robo/install/robot_interfaces/include/robot_interfaces/robot_interfaces
[11.555s] -- Up-to-date: /root/projects/robo/install/robot_interfaces/include/robot_interfaces/robot_interfaces/msg
[11.561s] -- Up-to-date: /root/projects/robo/install/robot_interfaces/include/robot_interfaces/robot_interfaces/msg/position.hpp
[11.565s] -- Up-to-date: /root/projects/robo/install/robot_interfaces/include/robot_interfaces/robot_interfaces/msg/detail
[11.571s] -- Up-to-date: /root/projects/robo/install/robot_interfaces/include/robot_interfaces/robot_interfaces/msg/detail/position__builder.hpp
[11.577s] -- Up-to-date: /root/projects/robo/install/robot_interfaces/include/robot_interfaces/robot_interfaces/msg/detail/position__struct.hpp
[11.582s] -- Up-to-date: /root/projects/robo/install/robot_interfaces/include/robot_interfaces/robot_interfaces/msg/detail/position__traits.hpp
[11.588s] -- Up-to-date: /root/projects/robo/install/robot_interfaces/include/robot_interfaces/robot_interfaces/msg/detail/position__type_support.hpp
[11.592s] -- Up-to-date: /root/projects/robo/install/robot_interfaces/include/robot_interfaces/robot_interfaces/msg/detail/robot_state__builder.hpp
[11.596s] -- Up-to-date: /root/projects/robo/install/robot_interfaces/include/robot_interfaces/robot_interfaces/msg/detail/robot_state__struct.hpp
[11.600s] -- Up-to-date: /root/projects/robo/install/robot_interfaces/include/robot_interfaces/robot_interfaces/msg/detail/robot_state__traits.hpp
[11.604s] -- Up-to-date: /root/projects/robo/install/robot_interfaces/include/robot_interfaces/robot_interfaces/msg/detail/robot_state__type_support.hpp
[11.609s] -- Up-to-date: /root/projects/robo/install/robot_interfaces/include/robot_interfaces/robot_interfaces/msg/robot_state.hpp
[11.624s] -- Up-to-date: /root/projects/robo/install/robot_interfaces/include/robot_interfaces/robot_interfaces/msg/rosidl_generator_cpp__visibility_control.hpp
[11.629s] -- Up-to-date: /root/projects/robo/install/robot_interfaces/include/robot_interfaces/robot_interfaces
[11.635s] -- Up-to-date: /root/projects/robo/install/robot_interfaces/include/robot_interfaces/robot_interfaces/msg
[11.638s] -- Up-to-date: /root/projects/robo/install/robot_interfaces/include/robot_interfaces/robot_interfaces/msg/detail
[11.641s] -- Up-to-date: /root/projects/robo/install/robot_interfaces/include/robot_interfaces/robot_interfaces/msg/detail/position__rosidl_typesupport_fastrtps_cpp.hpp
[11.643s] -- Up-to-date: /root/projects/robo/install/robot_interfaces/include/robot_interfaces/robot_interfaces/msg/detail/dds_fastrtps
[11.650s] -- Up-to-date: /root/projects/robo/install/robot_interfaces/include/robot_interfaces/robot_interfaces/msg/detail/robot_state__rosidl_typesupport_fastrtps_cpp.hpp
[11.654s] -- Up-to-date: /root/projects/robo/install/robot_interfaces/include/robot_interfaces/robot_interfaces/msg/rosidl_typesupport_fastrtps_cpp__visibility_control.h
[11.668s] -- Up-to-date: /root/projects/robo/install/robot_interfaces/lib/librobot_interfaces__rosidl_typesupport_fastrtps_cpp.so
[11.681s] -- Up-to-date: /root/projects/robo/install/robot_interfaces/include/robot_interfaces/robot_interfaces
[11.686s] -- Up-to-date: /root/projects/robo/install/robot_interfaces/include/robot_interfaces/robot_interfaces/msg
[11.699s] -- Up-to-date: /root/projects/robo/install/robot_interfaces/include/robot_interfaces/robot_interfaces/msg/detail
[11.739s] -- Up-to-date: /root/projects/robo/install/robot_interfaces/include/robot_interfaces/robot_interfaces/msg/detail/position__rosidl_typesupport_introspection_cpp.hpp
[11.781s] -- Up-to-date: /root/projects/robo/install/robot_interfaces/include/robot_interfaces/robot_interfaces/msg/detail/position__type_support.cpp
[11.783s] -- Up-to-date: /root/projects/robo/install/robot_interfaces/include/robot_interfaces/robot_interfaces/msg/detail/robot_state__rosidl_typesupport_introspection_cpp.hpp
[11.784s] -- Up-to-date: /root/projects/robo/install/robot_interfaces/include/robot_interfaces/robot_interfaces/msg/detail/robot_state__type_support.cpp
[11.787s] -- Up-to-date: /root/projects/robo/install/robot_interfaces/lib/librobot_interfaces__rosidl_typesupport_introspection_cpp.so
[11.787s] -- Up-to-date: /root/projects/robo/install/robot_interfaces/lib/librobot_interfaces__rosidl_typesupport_cpp.so
[11.788s] -- Up-to-date: /root/projects/robo/install/robot_interfaces/share/robot_interfaces/environment/pythonpath.sh
[11.789s] -- Up-to-date: /root/projects/robo/install/robot_interfaces/share/robot_interfaces/environment/pythonpath.dsv
[11.804s] -- Up-to-date: /root/projects/robo/install/robot_interfaces/lib/python3.14/site-packages/robot_interfaces/robot_interfaces_s__rosidl_typesupport_fastrtps_c.so
[11.821s] -- Up-to-date: /root/projects/robo/install/robot_interfaces/lib/python3.14/site-packages/robot_interfaces/robot_interfaces_s__rosidl_typesupport_introspection_c.so
[11.833s] -- Up-to-date: /root/projects/robo/install/robot_interfaces/lib/python3.14/site-packages/robot_interfaces/robot_interfaces_s__rosidl_typesupport_c.so
[11.855s] -- Up-to-date: /root/projects/robo/install/robot_interfaces/lib/librobot_interfaces__rosidl_generator_py.so
[11.879s] -- Up-to-date: /root/projects/robo/install/robot_interfaces/share/ament_index/resource_index/rust_packages/robot_interfaces
[11.886s] -- Up-to-date: /root/projects/robo/install/robot_interfaces/share/robot_interfaces/rust
[11.895s] -- Up-to-date: /root/projects/robo/install/robot_interfaces/share/robot_interfaces/rust/src
[11.906s] -- Up-to-date: /root/projects/robo/install/robot_interfaces/share/robot_interfaces/rust/src/msg.rs
[11.911s] -- Up-to-date: /root/projects/robo/install/robot_interfaces/share/robot_interfaces/rust/src/msg
[11.919s] -- Up-to-date: /root/projects/robo/install/robot_interfaces/share/robot_interfaces/rust/src/msg/rmw.rs
[11.927s] -- Up-to-date: /root/projects/robo/install/robot_interfaces/share/robot_interfaces/rust/src/lib.rs
[11.931s] -- Up-to-date: /root/projects/robo/install/robot_interfaces/share/robot_interfaces/rust/Cargo.toml
[11.936s] -- Up-to-date: /root/projects/robo/install/robot_interfaces/share/robot_interfaces/rust/build.rs
[11.943s] -- Up-to-date: /root/projects/robo/install/robot_interfaces/share/robot_interfaces/msg/Position.idl
[11.951s] -- Up-to-date: /root/projects/robo/install/robot_interfaces/share/robot_interfaces/msg/RobotState.idl
[11.960s] -- Up-to-date: /root/projects/robo/install/robot_interfaces/share/robot_interfaces/msg/Position.msg
[11.966s] -- Up-to-date: /root/projects/robo/install/robot_interfaces/share/robot_interfaces/msg/RobotState.msg
[11.974s] -- Up-to-date: /root/projects/robo/install/robot_interfaces/share/ament_index/resource_index/package_run_dependencies/robot_interfaces
[11.981s] -- Up-to-date: /root/projects/robo/install/robot_interfaces/share/ament_index/resource_index/parent_prefix_path/robot_interfaces
[11.986s] -- Up-to-date: /root/projects/robo/install/robot_interfaces/share/robot_interfaces/environment/ament_prefix_path.sh
[11.988s] -- Up-to-date: /root/projects/robo/install/robot_interfaces/share/robot_interfaces/environment/ament_prefix_path.dsv
[11.990s] -- Up-to-date: /root/projects/robo/install/robot_interfaces/share/robot_interfaces/environment/path.sh
[11.995s] -- Up-to-date: /root/projects/robo/install/robot_interfaces/share/robot_interfaces/environment/path.dsv
[12.000s] -- Up-to-date: /root/projects/robo/install/robot_interfaces/share/robot_interfaces/local_setup.bash
[12.006s] -- Up-to-date: /root/projects/robo/install/robot_interfaces/share/robot_interfaces/local_setup.fish
[12.009s] -- Up-to-date: /root/projects/robo/install/robot_interfaces/share/robot_interfaces/local_setup.sh
[12.012s] -- Up-to-date: /root/projects/robo/install/robot_interfaces/share/robot_interfaces/local_setup.zsh
[12.020s] -- Up-to-date: /root/projects/robo/install/robot_interfaces/share/robot_interfaces/local_setup.dsv
[12.026s] -- Installing: /root/projects/robo/install/robot_interfaces/share/robot_interfaces/package.dsv
[12.040s] -- Up-to-date: /root/projects/robo/install/robot_interfaces/share/ament_index/resource_index/packages/robot_interfaces
[12.055s] -- Up-to-date: /root/projects/robo/install/robot_interfaces/share/robot_interfaces/cmake/export_robot_interfaces__rosidl_generator_cExport.cmake
[12.060s] -- Up-to-date: /root/projects/robo/install/robot_interfaces/share/robot_interfaces/cmake/export_robot_interfaces__rosidl_generator_cExport-noconfig.cmake
[12.072s] -- Up-to-date: /root/projects/robo/install/robot_interfaces/share/robot_interfaces/cmake/export_robot_interfaces__rosidl_typesupport_fastrtps_cExport.cmake
[12.077s] -- Up-to-date: /root/projects/robo/install/robot_interfaces/share/robot_interfaces/cmake/export_robot_interfaces__rosidl_typesupport_fastrtps_cExport-noconfig.cmake
[12.087s] -- Up-to-date: /root/projects/robo/install/robot_interfaces/share/robot_interfaces/cmake/robot_interfaces__rosidl_typesupport_introspection_cExport.cmake
[12.091s] -- Up-to-date: /root/projects/robo/install/robot_interfaces/share/robot_interfaces/cmake/robot_interfaces__rosidl_typesupport_introspection_cExport-noconfig.cmake
[12.099s] -- Up-to-date: /root/projects/robo/install/robot_interfaces/share/robot_interfaces/cmake/robot_interfaces__rosidl_typesupport_cExport.cmake
[12.102s] -- Up-to-date: /root/projects/robo/install/robot_interfaces/share/robot_interfaces/cmake/robot_interfaces__rosidl_typesupport_cExport-noconfig.cmake
[12.109s] -- Up-to-date: /root/projects/robo/install/robot_interfaces/share/robot_interfaces/cmake/export_robot_interfaces__rosidl_generator_cppExport.cmake
[12.117s] -- Up-to-date: /root/projects/robo/install/robot_interfaces/share/robot_interfaces/cmake/export_robot_interfaces__rosidl_typesupport_fastrtps_cppExport.cmake
[12.123s] -- Up-to-date: /root/projects/robo/install/robot_interfaces/share/robot_interfaces/cmake/export_robot_interfaces__rosidl_typesupport_fastrtps_cppExport-noconfig.cmake
[12.132s] -- Up-to-date: /root/projects/robo/install/robot_interfaces/share/robot_interfaces/cmake/robot_interfaces__rosidl_typesupport_introspection_cppExport.cmake
[12.134s] -- Up-to-date: /root/projects/robo/install/robot_interfaces/share/robot_interfaces/cmake/robot_interfaces__rosidl_typesupport_introspection_cppExport-noconfig.cmake
[12.144s] -- Up-to-date: /root/projects/robo/install/robot_interfaces/share/robot_interfaces/cmake/robot_interfaces__rosidl_typesupport_cppExport.cmake
[12.149s] -- Up-to-date: /root/projects/robo/install/robot_interfaces/share/robot_interfaces/cmake/robot_interfaces__rosidl_typesupport_cppExport-noconfig.cmake
[12.159s] -- Up-to-date: /root/projects/robo/install/robot_interfaces/share/robot_interfaces/cmake/export_robot_interfaces__rosidl_generator_pyExport.cmake
[12.163s] -- Up-to-date: /root/projects/robo/install/robot_interfaces/share/robot_interfaces/cmake/export_robot_interfaces__rosidl_generator_pyExport-noconfig.cmake
[12.169s] -- Up-to-date: /root/projects/robo/install/robot_interfaces/lib/python3.14/site-packages/robot_interfaces-0.0.0-py3.14.egg-info
[12.175s] -- Installing: /root/projects/robo/install/robot_interfaces/lib/python3.14/site-packages/robot_interfaces-0.0.0-py3.14.egg-info/top_level.txt
[12.190s] -- Installing: /root/projects/robo/install/robot_interfaces/lib/python3.14/site-packages/robot_interfaces-0.0.0-py3.14.egg-info/PKG-INFO
[12.210s] -- Installing: /root/projects/robo/install/robot_interfaces/lib/python3.14/site-packages/robot_interfaces-0.0.0-py3.14.egg-info/dependency_links.txt
[12.227s] -- Installing: /root/projects/robo/install/robot_interfaces/lib/python3.14/site-packages/robot_interfaces-0.0.0-py3.14.egg-info/SOURCES.txt
[12.247s] -- Up-to-date: /root/projects/robo/install/robot_interfaces/lib/python3.14/site-packages/robot_interfaces
[12.255s] -- Up-to-date: /root/projects/robo/install/robot_interfaces/lib/python3.14/site-packages/robot_interfaces/__init__.py
[12.258s] -- Up-to-date: /root/projects/robo/install/robot_interfaces/lib/python3.14/site-packages/robot_interfaces/msg
[12.267s] -- Up-to-date: /root/projects/robo/install/robot_interfaces/lib/python3.14/site-packages/robot_interfaces/msg/_position.py
[12.277s] -- Up-to-date: /root/projects/robo/install/robot_interfaces/lib/python3.14/site-packages/robot_interfaces/msg/_position_s.c
[12.282s] -- Up-to-date: /root/projects/robo/install/robot_interfaces/lib/python3.14/site-packages/robot_interfaces/msg/_robot_state.py
[12.288s] -- Up-to-date: /root/projects/robo/install/robot_interfaces/lib/python3.14/site-packages/robot_interfaces/msg/_robot_state_s.c
[12.295s] -- Up-to-date: /root/projects/robo/install/robot_interfaces/lib/python3.14/site-packages/robot_interfaces/msg/__init__.py
[12.302s] -- Up-to-date: /root/projects/robo/install/robot_interfaces/lib/python3.14/site-packages/robot_interfaces/_robot_interfaces_s.ep.rosidl_typesupport_fastrtps_c.c
[12.309s] -- Up-to-date: /root/projects/robo/install/robot_interfaces/lib/python3.14/site-packages/robot_interfaces/_robot_interfaces_s.ep.rosidl_typesupport_introspection_c.c
[12.318s] -- Up-to-date: /root/projects/robo/install/robot_interfaces/lib/python3.14/site-packages/robot_interfaces/_robot_interfaces_s.ep.rosidl_typesupport_c.c
[12.323s] -- Up-to-date: /root/projects/robo/install/robot_interfaces/lib/python3.14/site-packages/robot_interfaces/py.typed
[12.331s] -- Up-to-date: /root/projects/robo/install/robot_interfaces/lib/python3.14/site-packages/robot_interfaces/robot_interfaces_s__rosidl_typesupport_introspection_c.so
[12.334s] -- Up-to-date: /root/projects/robo/install/robot_interfaces/lib/python3.14/site-packages/robot_interfaces/robot_interfaces_s__rosidl_typesupport_c.so
[12.340s] -- Up-to-date: /root/projects/robo/install/robot_interfaces/lib/python3.14/site-packages/robot_interfaces/robot_interfaces_s__rosidl_typesupport_fastrtps_c.so
[12.821s] Listing '/root/projects/robo/install/robot_interfaces/lib/python3.14/site-packages/robot_interfaces'...
[12.827s] Listing '/root/projects/robo/install/robot_interfaces/lib/python3.14/site-packages/robot_interfaces/msg'...
[12.866s] -- Up-to-date: /root/projects/robo/install/robot_interfaces/share/robot_interfaces/cmake/rosidl_cmake-extras.cmake
[12.873s] -- Up-to-date: /root/projects/robo/install/robot_interfaces/share/robot_interfaces/cmake/ament_cmake_export_include_directories-extras.cmake
[12.881s] -- Up-to-date: /root/projects/robo/install/robot_interfaces/share/robot_interfaces/cmake/ament_cmake_export_libraries-extras.cmake
[12.888s] -- Up-to-date: /root/projects/robo/install/robot_interfaces/share/robot_interfaces/cmake/ament_cmake_export_targets-extras.cmake
[12.894s] -- Up-to-date: /root/projects/robo/install/robot_interfaces/share/robot_interfaces/cmake/rosidl_cmake_export_typesupport_targets-extras.cmake
[12.901s] -- Up-to-date: /root/projects/robo/install/robot_interfaces/share/robot_interfaces/cmake/ament_cmake_export_dependencies-extras.cmake
[12.908s] -- Up-to-date: /root/projects/robo/install/robot_interfaces/share/robot_interfaces/cmake/rosidl_cmake_export_typesupport_libraries-extras.cmake
[12.913s] -- Up-to-date: /root/projects/robo/install/robot_interfaces/share/robot_interfaces/cmake/rosidl_cmake_aggregate_target-extras.cmake
[12.919s] -- Up-to-date: /root/projects/robo/install/robot_interfaces/share/robot_interfaces/cmake/robot_interfacesConfig.cmake
[12.924s] -- Up-to-date: /root/projects/robo/install/robot_interfaces/share/robot_interfaces/cmake/robot_interfacesConfig-version.cmake
[12.929s] -- Up-to-date: /root/projects/robo/install/robot_interfaces/share/robot_interfaces/package.xml
[12.956s] Invoked command in '/root/projects/robo/build/robot_interfaces' returned '0': CMAKE_PREFIX_PATH=/opt/ros/lyrical /usr/bin/cmake --install /root/projects/robo/build/robot_interfaces
