[-1782618208167145728.000s] DEBUG:colcon:Command line arguments: ['/usr/bin/colcon', 'build']
[-1782618208167145728.000s] DEBUG:colcon:Parsed command line arguments: Namespace(log_base=None, log_level=None, verb_name='build', build_base='build', install_base='install', merge_install=False, symlink_install=False, test_result_base=None, continue_on_error=False, executor='parallel', parallel_workers=8, event_handlers=None, ignore_user_meta=False, metas=['./colcon.meta'], base_paths=['.'], packages_ignore=None, packages_ignore_regex=None, paths=None, packages_up_to=None, packages_up_to_regex=None, packages_above=None, packages_above_and_dependencies=None, packages_above_depth=None, packages_select_by_dep=None, packages_skip_by_dep=None, packages_skip_up_to=None, packages_select_build_failed=False, packages_skip_build_finished=False, packages_select_test_failures=False, packages_skip_test_passed=False, packages_select=None, packages_skip=None, packages_select_regex=None, packages_skip_regex=None, packages_start=None, packages_end=None, allow_overriding=[], cmake_args=None, cmake_target=None, cmake_target_skip_unavailable=False, cmake_clean_cache=False, cmake_clean_first=False, cmake_force_configure=False, ament_cmake_args=None, catkin_cmake_args=None, catkin_skip_building_tests=False, verb_parser=<colcon_defaults.argument_parser.defaults.DefaultArgumentsDecorator object at 0x7905cb7d90>, verb_extension=<colcon_core.verb.build.BuildVerb object at 0x7905ce9940>, main=<bound method BuildVerb.main of <colcon_core.verb.build.BuildVerb object at 0x7905ce9940>>)
[-1782618208167145728.000s] Level 1:colcon.colcon_core.package_discovery:discover_packages(colcon_meta) check parameters
[-1782618208167145728.000s] Level 1:colcon.colcon_core.package_discovery:discover_packages(recursive) check parameters
[-1782618208167145728.000s] Level 1:colcon.colcon_core.package_discovery:discover_packages(ignore) check parameters
[-1782618208167145728.000s] Level 1:colcon.colcon_core.package_discovery:discover_packages(path) check parameters
[-1782618208167145728.000s] Level 1:colcon.colcon_core.package_discovery:discover_packages(colcon_meta) discover
[-1782618208167145728.000s] Level 1:colcon.colcon_core.package_discovery:discover_packages(recursive) discover
[-1782618208167145728.000s] INFO:colcon.colcon_core.package_discovery:Crawling recursively for packages in '/root/projects/robo'
[-1782618208167145728.000s] Level 1:colcon.colcon_core.package_identification:_identify(.) by extensions ['ignore', 'ignore_ament_install']
[-1782618208167145728.000s] Level 1:colcon.colcon_core.package_identification:_identify(.) by extension 'ignore'
[-1782618208167145728.000s] Level 1:colcon.colcon_core.package_identification:_identify(.) by extension 'ignore_ament_install'
[-1782618208167145728.000s] Level 1:colcon.colcon_core.package_identification:_identify(.) by extensions ['colcon_pkg']
[-1782618208167145728.000s] Level 1:colcon.colcon_core.package_identification:_identify(.) by extension 'colcon_pkg'
[-1782618208167145728.000s] Level 1:colcon.colcon_core.package_identification:_identify(.) by extensions ['colcon_meta']
[-1782618208167145728.000s] Level 1:colcon.colcon_core.package_identification:_identify(.) by extension 'colcon_meta'
[-1782618208167145728.000s] Level 1:colcon.colcon_core.package_identification:_identify(.) by extensions ['ros']
[-1782618208167145728.000s] Level 1:colcon.colcon_core.package_identification:_identify(.) by extension 'ros'
[-1782618208167145728.000s] Level 1:colcon.colcon_core.package_identification:_identify(.) by extensions ['cmake', 'python']
[-1782618208167145728.000s] Level 1:colcon.colcon_core.package_identification:_identify(.) by extension 'cmake'
[-1782618208167145728.000s] Level 1:colcon.colcon_core.package_identification:_identify(.) by extension 'python'
[-1782618208167145728.000s] Level 1:colcon.colcon_core.package_identification:_identify(.) by extensions ['python_setup_py']
[-1782618208167145728.000s] Level 1:colcon.colcon_core.package_identification:_identify(.) by extension 'python_setup_py'
[-1782618208167145728.000s] Level 1:colcon.colcon_core.package_identification:_identify(build) by extensions ['ignore', 'ignore_ament_install']
[-1782618208167145728.000s] Level 1:colcon.colcon_core.package_identification:_identify(build) by extension 'ignore'
[-1782618208167145728.000s] Level 1:colcon.colcon_core.package_identification:_identify(build) ignored
[-1782618208167145728.000s] Level 1:colcon.colcon_core.package_identification:_identify(install) by extensions ['ignore', 'ignore_ament_install']
[-1782618208167145728.000s] Level 1:colcon.colcon_core.package_identification:_identify(install) by extension 'ignore'
[-1782618208167145728.000s] Level 1:colcon.colcon_core.package_identification:_identify(install) ignored
[-1782618208167145728.000s] Level 1:colcon.colcon_core.package_identification:_identify(log) by extensions ['ignore', 'ignore_ament_install']
[-1782618208167145728.000s] Level 1:colcon.colcon_core.package_identification:_identify(log) by extension 'ignore'
[-1782618208167145728.000s] Level 1:colcon.colcon_core.package_identification:_identify(log) ignored
[-1782618208167145728.000s] Level 1:colcon.colcon_core.package_identification:_identify(src) by extensions ['ignore', 'ignore_ament_install']
[-1782618208167145728.000s] Level 1:colcon.colcon_core.package_identification:_identify(src) by extension 'ignore'
[-1782618208167145728.000s] Level 1:colcon.colcon_core.package_identification:_identify(src) by extension 'ignore_ament_install'
[-1782618208167145728.000s] Level 1:colcon.colcon_core.package_identification:_identify(src) by extensions ['colcon_pkg']
[-1782618208167145728.000s] Level 1:colcon.colcon_core.package_identification:_identify(src) by extension 'colcon_pkg'
[-1782618208167145728.000s] Level 1:colcon.colcon_core.package_identification:_identify(src) by extensions ['colcon_meta']
[-1782618208167145728.000s] Level 1:colcon.colcon_core.package_identification:_identify(src) by extension 'colcon_meta'
[-1782618208167145728.000s] Level 1:colcon.colcon_core.package_identification:_identify(src) by extensions ['ros']
[-1782618208167145728.000s] Level 1:colcon.colcon_core.package_identification:_identify(src) by extension 'ros'
[-1782618208167145728.000s] Level 1:colcon.colcon_core.package_identification:_identify(src) by extensions ['cmake', 'python']
[-1782618208167145728.000s] Level 1:colcon.colcon_core.package_identification:_identify(src) by extension 'cmake'
[-1782618208167145728.000s] Level 1:colcon.colcon_core.package_identification:_identify(src) by extension 'python'
[-1782618208167145728.000s] Level 1:colcon.colcon_core.package_identification:_identify(src) by extensions ['python_setup_py']
[-1782618208167145728.000s] Level 1:colcon.colcon_core.package_identification:_identify(src) by extension 'python_setup_py'
[-1782618208167145728.000s] Level 1:colcon.colcon_core.package_identification:_identify(src/robot_brain) by extensions ['ignore', 'ignore_ament_install']
[-1782618208167145728.000s] Level 1:colcon.colcon_core.package_identification:_identify(src/robot_brain) by extension 'ignore'
[-1782618208167145728.000s] Level 1:colcon.colcon_core.package_identification:_identify(src/robot_brain) by extension 'ignore_ament_install'
[-1782618208167145728.000s] Level 1:colcon.colcon_core.package_identification:_identify(src/robot_brain) by extensions ['colcon_pkg']
[-1782618208167145728.000s] Level 1:colcon.colcon_core.package_identification:_identify(src/robot_brain) by extension 'colcon_pkg'
[-1782618208167145728.000s] Level 1:colcon.colcon_core.package_identification:_identify(src/robot_brain) by extensions ['colcon_meta']
[-1782618208167145728.000s] Level 1:colcon.colcon_core.package_identification:_identify(src/robot_brain) by extension 'colcon_meta'
[-1782618208167145728.000s] Level 1:colcon.colcon_core.package_identification:_identify(src/robot_brain) by extensions ['ros']
[-1782618208167145728.000s] Level 1:colcon.colcon_core.package_identification:_identify(src/robot_brain) by extension 'ros'
[-1782618208167145728.000s] DEBUG:colcon.colcon_core.package_identification:Package 'src/robot_brain' with type 'ros.ament_python' and name 'robot_brain'
[-1782618208167145728.000s] Level 1:colcon.colcon_core.package_identification:_identify(src/robot_interfaces) by extensions ['ignore', 'ignore_ament_install']
[-1782618208167145728.000s] Level 1:colcon.colcon_core.package_identification:_identify(src/robot_interfaces) by extension 'ignore'
[-1782618208167145728.000s] Level 1:colcon.colcon_core.package_identification:_identify(src/robot_interfaces) by extension 'ignore_ament_install'
[-1782618208167145728.000s] Level 1:colcon.colcon_core.package_identification:_identify(src/robot_interfaces) by extensions ['colcon_pkg']
[-1782618208167145728.000s] Level 1:colcon.colcon_core.package_identification:_identify(src/robot_interfaces) by extension 'colcon_pkg'
[-1782618208167145728.000s] Level 1:colcon.colcon_core.package_identification:_identify(src/robot_interfaces) by extensions ['colcon_meta']
[-1782618208167145728.000s] Level 1:colcon.colcon_core.package_identification:_identify(src/robot_interfaces) by extension 'colcon_meta'
[-1782618208167145728.000s] Level 1:colcon.colcon_core.package_identification:_identify(src/robot_interfaces) by extensions ['ros']
[-1782618208167145728.000s] Level 1:colcon.colcon_core.package_identification:_identify(src/robot_interfaces) by extension 'ros'
[-1782618208167145728.000s] DEBUG:colcon.colcon_core.package_identification:Package 'src/robot_interfaces' with type 'ros.ament_cmake' and name 'robot_interfaces'
[-1782618208167145728.000s] Level 1:colcon.colcon_core.package_discovery:discover_packages(recursive) using defaults
[-1782618208167145728.000s] Level 1:colcon.colcon_core.package_discovery:discover_packages(ignore) discover
[-1782618208167145728.000s] Level 1:colcon.colcon_core.package_discovery:discover_packages(ignore) using defaults
[-1782618208167145728.000s] Level 1:colcon.colcon_core.package_discovery:discover_packages(path) discover
[-1782618208167145728.000s] Level 1:colcon.colcon_core.package_discovery:discover_packages(path) using defaults
[-1782618208167145728.000s] Level 1:colcon.colcon_core.package_discovery:discover_packages(prefix_path) check parameters
[-1782618208167145728.000s] Level 1:colcon.colcon_core.package_discovery:discover_packages(prefix_path) discover
[-1782618208167145728.000s] DEBUG:colcon.colcon_installed_package_information.package_discovery:Found 198 installed packages in /opt/ros/lyrical
[-1782618208167145728.000s] Level 1:colcon.colcon_core.package_discovery:discover_packages(prefix_path) using defaults
[-1782618208167145728.000s] Level 5:colcon.colcon_core.verb:set package 'robot_brain' build argument 'cmake_args' from command line to 'None'
[-1782618208167145728.000s] Level 5:colcon.colcon_core.verb:set package 'robot_brain' build argument 'cmake_target' from command line to 'None'
[-1782618208167145728.000s] Level 5:colcon.colcon_core.verb:set package 'robot_brain' build argument 'cmake_target_skip_unavailable' from command line to 'False'
[-1782618208167145728.000s] Level 5:colcon.colcon_core.verb:set package 'robot_brain' build argument 'cmake_clean_cache' from command line to 'False'
[-1782618208167145728.000s] Level 5:colcon.colcon_core.verb:set package 'robot_brain' build argument 'cmake_clean_first' from command line to 'False'
[-1782618208167145728.000s] Level 5:colcon.colcon_core.verb:set package 'robot_brain' build argument 'cmake_force_configure' from command line to 'False'
[-1782618208167145728.000s] Level 5:colcon.colcon_core.verb:set package 'robot_brain' build argument 'ament_cmake_args' from command line to 'None'
[-1782618208167145728.000s] Level 5:colcon.colcon_core.verb:set package 'robot_brain' build argument 'catkin_cmake_args' from command line to 'None'
[-1782618208167145728.000s] Level 5:colcon.colcon_core.verb:set package 'robot_brain' build argument 'catkin_skip_building_tests' from command line to 'False'
[-1782618208167145728.000s] DEBUG:colcon.colcon_core.verb:Building package 'robot_brain' with the following arguments: {'ament_cmake_args': None, 'build_base': '/root/projects/robo/build/robot_brain', 'catkin_cmake_args': None, 'catkin_skip_building_tests': False, 'cmake_args': None, 'cmake_clean_cache': False, 'cmake_clean_first': False, 'cmake_force_configure': False, 'cmake_target': None, 'cmake_target_skip_unavailable': False, 'install_base': '/root/projects/robo/install/robot_brain', 'merge_install': False, 'path': '/root/projects/robo/src/robot_brain', 'symlink_install': False, 'test_result_base': None}
[-1782618208167145728.000s] Level 5:colcon.colcon_core.verb:set package 'robot_interfaces' build argument 'cmake_args' from command line to 'None'
[-1782618208167145728.000s] Level 5:colcon.colcon_core.verb:set package 'robot_interfaces' build argument 'cmake_target' from command line to 'None'
[-1782618208167145728.000s] Level 5:colcon.colcon_core.verb:set package 'robot_interfaces' build argument 'cmake_target_skip_unavailable' from command line to 'False'
[-1782618208167145728.000s] Level 5:colcon.colcon_core.verb:set package 'robot_interfaces' build argument 'cmake_clean_cache' from command line to 'False'
[-1782618208167145728.000s] Level 5:colcon.colcon_core.verb:set package 'robot_interfaces' build argument 'cmake_clean_first' from command line to 'False'
[-1782618208167145728.000s] Level 5:colcon.colcon_core.verb:set package 'robot_interfaces' build argument 'cmake_force_configure' from command line to 'False'
[-1782618208167145728.000s] Level 5:colcon.colcon_core.verb:set package 'robot_interfaces' build argument 'ament_cmake_args' from command line to 'None'
[-1782618208167145728.000s] Level 5:colcon.colcon_core.verb:set package 'robot_interfaces' build argument 'catkin_cmake_args' from command line to 'None'
[-1782618208167145728.000s] Level 5:colcon.colcon_core.verb:set package 'robot_interfaces' build argument 'catkin_skip_building_tests' from command line to 'False'
[-1782618208167145728.000s] DEBUG:colcon.colcon_core.verb:Building package 'robot_interfaces' with the following arguments: {'ament_cmake_args': None, 'build_base': '/root/projects/robo/build/robot_interfaces', 'catkin_cmake_args': None, 'catkin_skip_building_tests': False, 'cmake_args': None, 'cmake_clean_cache': False, 'cmake_clean_first': False, 'cmake_force_configure': False, 'cmake_target': None, 'cmake_target_skip_unavailable': False, 'install_base': '/root/projects/robo/install/robot_interfaces', 'merge_install': False, 'path': '/root/projects/robo/src/robot_interfaces', 'symlink_install': False, 'test_result_base': None}
[-1782618208167145728.000s] INFO:colcon.colcon_core.executor:Executing jobs using 'parallel' executor
[-1782618208167145728.000s] DEBUG:colcon.colcon_parallel_executor.executor.parallel:run_until_complete
[-1782618208167145728.000s] INFO:colcon.colcon_ros.task.ament_python.build:Building ROS package in '/root/projects/robo/src/robot_brain' with build type 'ament_python'
[-1782618208167145728.000s] Level 1:colcon.colcon_core.shell:create_environment_hook('robot_brain', 'ament_prefix_path')
[-1782618208167145728.000s] INFO:colcon.colcon_core.plugin_system:Skipping extension 'colcon_core.shell.bat': Not used on non-Windows systems
[-1782618208167145728.000s] INFO:colcon.colcon_core.shell:Creating environment hook '/root/projects/robo/install/robot_brain/share/robot_brain/hook/ament_prefix_path.ps1'
[-1782618208167145728.000s] INFO:colcon.colcon_core.shell:Creating environment descriptor '/root/projects/robo/install/robot_brain/share/robot_brain/hook/ament_prefix_path.dsv'
[-1782618208167145728.000s] INFO:colcon.colcon_core.shell:Creating environment hook '/root/projects/robo/install/robot_brain/share/robot_brain/hook/ament_prefix_path.sh'
[-1782618208167145728.000s] INFO:colcon.colcon_core.shell:Skip shell extension 'powershell' for command environment: Not usable outside of PowerShell
[-1782618208167145728.000s] DEBUG:colcon.colcon_core.shell:Skip shell extension 'dsv' for command environment
[-1782618208167145728.000s] INFO:colcon.colcon_ros.task.ament_cmake.build:Building ROS package in '/root/projects/robo/src/robot_interfaces' with build type 'ament_cmake'
[-1782618208167145728.000s] INFO:colcon.colcon_cmake.task.cmake.build:Building CMake package in '/root/projects/robo/src/robot_interfaces'
[-1782618208167145728.000s] INFO:colcon.colcon_core.shell:Skip shell extension 'powershell' for command environment: Not usable outside of PowerShell
[-1782618208167145728.000s] DEBUG:colcon.colcon_core.shell:Skip shell extension 'dsv' for command environment
[-1782618208167145728.000s] INFO:colcon.colcon_core.task.python.build:Building Python package in '/root/projects/robo/src/robot_brain'
[-1782618208167145728.000s] INFO:colcon.colcon_core.shell:Skip shell extension 'powershell' for command environment: Not usable outside of PowerShell
[-1782618208167145728.000s] DEBUG:colcon.colcon_core.shell:Skip shell extension 'dsv' for command environment
[-1782618208167145728.000s] DEBUG:colcon.colcon_core.event_handler.log_command:Invoking command in '/root/projects/robo/build/robot_interfaces': CMAKE_PREFIX_PATH=/opt/ros/lyrical /usr/bin/cmake --build /root/projects/robo/build/robot_interfaces -- -j8 -l8
[-1782618208167145728.000s] DEBUG:colcon.colcon_core.event_handler.log_command:Invoked command in '/root/projects/robo/build/robot_interfaces' returned '0': CMAKE_PREFIX_PATH=/opt/ros/lyrical /usr/bin/cmake --build /root/projects/robo/build/robot_interfaces -- -j8 -l8
[-1782618208167145728.000s] DEBUG:colcon.colcon_core.event_handler.log_command:Invoking command in '/root/projects/robo/build/robot_interfaces': CMAKE_PREFIX_PATH=/opt/ros/lyrical /usr/bin/cmake --install /root/projects/robo/build/robot_interfaces
[-1782618208167145728.000s] DEBUG:colcon.colcon_core.task.python.build:Available setuptools commands: dist_info, install, build_scripts, install_scripts, symlink_data, easy_install, init_catalog, clean, install_headers, setopt, build_clib, update_catalog, bdist_rpm, extract_messages, compile_catalog, build_ext, alias, egg_info, saveopts, editable_wheel, develop, bdist_egg, install_lib, install_data, install_egg_info, bdist_dumb, bdist_wheel, build, rotate, build_py, bdist, sdist, check
[-1782618208167145728.000s] DEBUG:colcon.colcon_core.event_handler.log_command:Invoking command in '/root/projects/robo/src/robot_brain': PYTHONPATH=/root/projects/robo/build/robot_brain/prefix_override:/usr/lib/python3/dist-packages/colcon_core/task/python/colcon_distutils_commands:/root/projects/robo/install/robot_brain/lib/python3.14/site-packages:${PYTHONPATH} /usr/bin/python3 -W ignore:setup.py install is deprecated -W ignore:easy_install command is deprecated setup.py egg_info --egg-base ../../build/robot_brain build --build-base /root/projects/robo/build/robot_brain/build install --record /root/projects/robo/build/robot_brain/install.log --install-scripts $base/lib/robot_brain --single-version-externally-managed install_data
[-1782618208167145728.000s] Level 1:colcon.colcon_core.environment:create_environment_scripts_only(robot_interfaces)
[-1782618208167145728.000s] DEBUG:colcon.colcon_core.event_handler.log_command:Invoked command in '/root/projects/robo/build/robot_interfaces' returned '0': CMAKE_PREFIX_PATH=/opt/ros/lyrical /usr/bin/cmake --install /root/projects/robo/build/robot_interfaces
[-1782618208167145728.000s] Level 1:colcon.colcon_core.environment:checking '/root/projects/robo/install/robot_interfaces' for CMake module files
[-1782618208167145728.000s] Level 1:colcon.colcon_core.environment:checking '/root/projects/robo/install/robot_interfaces' for CMake config files
[-1782618208167145728.000s] Level 1:colcon.colcon_core.shell:create_environment_hook('robot_interfaces', 'cmake_prefix_path')
[-1782618208167145728.000s] INFO:colcon.colcon_core.shell:Creating environment hook '/root/projects/robo/install/robot_interfaces/share/robot_interfaces/hook/cmake_prefix_path.ps1'
[-1782618208167145728.000s] INFO:colcon.colcon_core.shell:Creating environment descriptor '/root/projects/robo/install/robot_interfaces/share/robot_interfaces/hook/cmake_prefix_path.dsv'
[-1782618208167145728.000s] INFO:colcon.colcon_core.shell:Creating environment hook '/root/projects/robo/install/robot_interfaces/share/robot_interfaces/hook/cmake_prefix_path.sh'
[-1782618208167145728.000s] Level 1:colcon.colcon_core.environment:checking '/root/projects/robo/install/robot_interfaces/lib'
[-1782618208167145728.000s] Level 1:colcon.colcon_core.shell:create_environment_hook('robot_interfaces', 'ld_library_path_lib')
[-1782618208167145728.000s] INFO:colcon.colcon_core.shell:Creating environment hook '/root/projects/robo/install/robot_interfaces/share/robot_interfaces/hook/ld_library_path_lib.ps1'
[-1782618208167145728.000s] INFO:colcon.colcon_core.shell:Creating environment descriptor '/root/projects/robo/install/robot_interfaces/share/robot_interfaces/hook/ld_library_path_lib.dsv'
[-1782618208167145728.000s] INFO:colcon.colcon_core.shell:Creating environment hook '/root/projects/robo/install/robot_interfaces/share/robot_interfaces/hook/ld_library_path_lib.sh'
[-1782618208167145728.000s] Level 1:colcon.colcon_core.environment:checking '/root/projects/robo/install/robot_interfaces/bin'
[-1782618208167145728.000s] Level 1:colcon.colcon_core.environment:checking '/root/projects/robo/install/robot_interfaces/lib/pkgconfig/robot_interfaces.pc'
[-1782618208167145728.000s] Level 1:colcon.colcon_core.environment:checking '/root/projects/robo/install/robot_interfaces/lib/python3.14/site-packages'
[-1782618208167145728.000s] Level 1:colcon.colcon_core.shell:create_environment_hook('robot_interfaces', 'pythonpath')
[-1782618208167145728.000s] INFO:colcon.colcon_core.shell:Creating environment hook '/root/projects/robo/install/robot_interfaces/share/robot_interfaces/hook/pythonpath.ps1'
[-1782618208167145728.000s] INFO:colcon.colcon_core.shell:Creating environment descriptor '/root/projects/robo/install/robot_interfaces/share/robot_interfaces/hook/pythonpath.dsv'
[-1782618208167145728.000s] INFO:colcon.colcon_core.shell:Creating environment hook '/root/projects/robo/install/robot_interfaces/share/robot_interfaces/hook/pythonpath.sh'
[-1782618208167145728.000s] Level 1:colcon.colcon_core.environment:checking '/root/projects/robo/install/robot_interfaces/bin'
[-1782618208167145728.000s] INFO:colcon.colcon_core.shell:Creating package script '/root/projects/robo/install/robot_interfaces/share/robot_interfaces/package.ps1'
[-1782618208167145728.000s] INFO:colcon.colcon_core.shell:Creating package descriptor '/root/projects/robo/install/robot_interfaces/share/robot_interfaces/package.dsv'
[-1782618208167145728.000s] INFO:colcon.colcon_core.shell:Creating package script '/root/projects/robo/install/robot_interfaces/share/robot_interfaces/package.sh'
[-1782618208167145728.000s] INFO:colcon.colcon_core.shell:Creating package script '/root/projects/robo/install/robot_interfaces/share/robot_interfaces/package.bash'
[-1782618208167145728.000s] INFO:colcon.colcon_core.shell:Creating package script '/root/projects/robo/install/robot_interfaces/share/robot_interfaces/package.zsh'
[-1782618208167145728.000s] Level 1:colcon.colcon_core.environment:create_file_with_runtime_dependencies(/root/projects/robo/install/robot_interfaces/share/colcon-core/packages/robot_interfaces)
[-1782618208167145728.000s] Level 1:colcon.colcon_core.environment:create_environment_scripts_only(robot_interfaces)
[-1782618208167145728.000s] Level 1:colcon.colcon_core.environment:checking '/root/projects/robo/install/robot_interfaces' for CMake module files
[-1782618208167145728.000s] Level 1:colcon.colcon_core.environment:checking '/root/projects/robo/install/robot_interfaces' for CMake config files
[-1782618208167145728.000s] Level 1:colcon.colcon_core.shell:create_environment_hook('robot_interfaces', 'cmake_prefix_path')
[-1782618208167145728.000s] INFO:colcon.colcon_core.shell:Creating environment hook '/root/projects/robo/install/robot_interfaces/share/robot_interfaces/hook/cmake_prefix_path.ps1'
[-1782618208167145728.000s] INFO:colcon.colcon_core.shell:Creating environment descriptor '/root/projects/robo/install/robot_interfaces/share/robot_interfaces/hook/cmake_prefix_path.dsv'
[-1782618208167145728.000s] INFO:colcon.colcon_core.shell:Creating environment hook '/root/projects/robo/install/robot_interfaces/share/robot_interfaces/hook/cmake_prefix_path.sh'
[-1782618208167145728.000s] Level 1:colcon.colcon_core.environment:checking '/root/projects/robo/install/robot_interfaces/lib'
[-1782618208167145728.000s] Level 1:colcon.colcon_core.shell:create_environment_hook('robot_interfaces', 'ld_library_path_lib')
[-1782618208167145728.000s] INFO:colcon.colcon_core.shell:Creating environment hook '/root/projects/robo/install/robot_interfaces/share/robot_interfaces/hook/ld_library_path_lib.ps1'
[-1782618208167145728.000s] INFO:colcon.colcon_core.shell:Creating environment descriptor '/root/projects/robo/install/robot_interfaces/share/robot_interfaces/hook/ld_library_path_lib.dsv'
[-1782618208167145728.000s] INFO:colcon.colcon_core.shell:Creating environment hook '/root/projects/robo/install/robot_interfaces/share/robot_interfaces/hook/ld_library_path_lib.sh'
[-1782618208167145728.000s] Level 1:colcon.colcon_core.environment:checking '/root/projects/robo/install/robot_interfaces/bin'
[-1782618208167145728.000s] Level 1:colcon.colcon_core.environment:checking '/root/projects/robo/install/robot_interfaces/lib/pkgconfig/robot_interfaces.pc'
[-1782618208167145728.000s] Level 1:colcon.colcon_core.environment:checking '/root/projects/robo/install/robot_interfaces/lib/python3.14/site-packages'
[-1782618208167145728.000s] Level 1:colcon.colcon_core.shell:create_environment_hook('robot_interfaces', 'pythonpath')
[-1782618208167145728.000s] INFO:colcon.colcon_core.shell:Creating environment hook '/root/projects/robo/install/robot_interfaces/share/robot_interfaces/hook/pythonpath.ps1'
[-1782618208167145728.000s] INFO:colcon.colcon_core.shell:Creating environment descriptor '/root/projects/robo/install/robot_interfaces/share/robot_interfaces/hook/pythonpath.dsv'
[-1782618208167145728.000s] INFO:colcon.colcon_core.shell:Creating environment hook '/root/projects/robo/install/robot_interfaces/share/robot_interfaces/hook/pythonpath.sh'
[-1782618208167145728.000s] Level 1:colcon.colcon_core.environment:checking '/root/projects/robo/install/robot_interfaces/bin'
[-1782618208167145728.000s] INFO:colcon.colcon_core.shell:Creating package script '/root/projects/robo/install/robot_interfaces/share/robot_interfaces/package.ps1'
[-1782618208167145728.000s] INFO:colcon.colcon_core.shell:Creating package descriptor '/root/projects/robo/install/robot_interfaces/share/robot_interfaces/package.dsv'
[-1782618208167145728.000s] INFO:colcon.colcon_core.shell:Creating package script '/root/projects/robo/install/robot_interfaces/share/robot_interfaces/package.sh'
[-1782618208167145728.000s] INFO:colcon.colcon_core.shell:Creating package script '/root/projects/robo/install/robot_interfaces/share/robot_interfaces/package.bash'
[-1782618208167145728.000s] INFO:colcon.colcon_core.shell:Creating package script '/root/projects/robo/install/robot_interfaces/share/robot_interfaces/package.zsh'
[-1782618208167145728.000s] Level 1:colcon.colcon_core.environment:create_file_with_runtime_dependencies(/root/projects/robo/install/robot_interfaces/share/colcon-core/packages/robot_interfaces)
[-1782618208167145728.000s] Level 1:colcon.colcon_core.environment:checking '/root/projects/robo/install/robot_brain' for CMake module files
[-1782618208167145728.000s] DEBUG:colcon.colcon_core.event_handler.log_command:Invoked command in '/root/projects/robo/src/robot_brain' returned '0': PYTHONPATH=/root/projects/robo/build/robot_brain/prefix_override:/usr/lib/python3/dist-packages/colcon_core/task/python/colcon_distutils_commands:/root/projects/robo/install/robot_brain/lib/python3.14/site-packages:${PYTHONPATH} /usr/bin/python3 -W ignore:setup.py install is deprecated -W ignore:easy_install command is deprecated setup.py egg_info --egg-base ../../build/robot_brain build --build-base /root/projects/robo/build/robot_brain/build install --record /root/projects/robo/build/robot_brain/install.log --install-scripts $base/lib/robot_brain --single-version-externally-managed install_data
[-1782618208167145728.000s] Level 1:colcon.colcon_core.environment:checking '/root/projects/robo/install/robot_brain' for CMake config files
[-1782618208167145728.000s] Level 1:colcon.colcon_core.environment:checking '/root/projects/robo/install/robot_brain/lib'
[-1782618208167145728.000s] Level 1:colcon.colcon_core.environment:checking '/root/projects/robo/install/robot_brain/bin'
[-1782618208167145728.000s] Level 1:colcon.colcon_core.environment:checking '/root/projects/robo/install/robot_brain/lib/pkgconfig/robot_brain.pc'
[-1782618208167145728.000s] Level 1:colcon.colcon_core.environment:checking '/root/projects/robo/install/robot_brain/lib/python3.14/site-packages'
[-1782618208167145728.000s] Level 1:colcon.colcon_core.shell:create_environment_hook('robot_brain', 'pythonpath')
[-1782618208167145728.000s] INFO:colcon.colcon_core.shell:Creating environment hook '/root/projects/robo/install/robot_brain/share/robot_brain/hook/pythonpath.ps1'
[-1782618208167145728.000s] INFO:colcon.colcon_core.shell:Creating environment descriptor '/root/projects/robo/install/robot_brain/share/robot_brain/hook/pythonpath.dsv'
[-1782618208167145728.000s] INFO:colcon.colcon_core.shell:Creating environment hook '/root/projects/robo/install/robot_brain/share/robot_brain/hook/pythonpath.sh'
[-1782618208167145728.000s] Level 1:colcon.colcon_core.environment:checking '/root/projects/robo/install/robot_brain/bin'
[-1782618208167145728.000s] Level 1:colcon.colcon_core.environment:create_environment_scripts_only(robot_brain)
[-1782618208167145728.000s] INFO:colcon.colcon_core.shell:Creating package script '/root/projects/robo/install/robot_brain/share/robot_brain/package.ps1'
[-1782618208167145728.000s] INFO:colcon.colcon_core.shell:Creating package descriptor '/root/projects/robo/install/robot_brain/share/robot_brain/package.dsv'
[-1782618208167145728.000s] INFO:colcon.colcon_core.shell:Creating package script '/root/projects/robo/install/robot_brain/share/robot_brain/package.sh'
[-1782618208167145728.000s] INFO:colcon.colcon_core.shell:Creating package script '/root/projects/robo/install/robot_brain/share/robot_brain/package.bash'
[-1782618208167145728.000s] INFO:colcon.colcon_core.shell:Creating package script '/root/projects/robo/install/robot_brain/share/robot_brain/package.zsh'
[-1782618208167145728.000s] Level 1:colcon.colcon_core.environment:create_file_with_runtime_dependencies(/root/projects/robo/install/robot_brain/share/colcon-core/packages/robot_brain)
[-1782618208167145728.000s] DEBUG:colcon.colcon_parallel_executor.executor.parallel:closing loop
[-1782618208167145728.000s] DEBUG:colcon.colcon_parallel_executor.executor.parallel:loop closed
[-1782618208167145728.000s] DEBUG:colcon.colcon_parallel_executor.executor.parallel:run_until_complete finished with '0'
[-1782618208167145728.000s] DEBUG:colcon.colcon_core.event_reactor:joining thread
[-1782618208167145728.000s] INFO:colcon.colcon_core.plugin_system:Skipping extension 'colcon_notification.desktop_notification.notify_send': Could not find 'notify-send'
[-1782618208167145728.000s] INFO:colcon.colcon_core.plugin_system:Skipping extension 'colcon_notification.desktop_notification.terminal_notifier': Not used on non-Darwin systems
[-1782618208167145728.000s] INFO:colcon.colcon_core.plugin_system:Skipping extension 'colcon_notification.desktop_notification.win32': Not used on non-Windows systems
[-1782618208167145728.000s] INFO:colcon.colcon_notification.desktop_notification:Sending desktop notification using 'notify2'
[-1782618208167145728.000s] DEBUG:colcon.colcon_notification.desktop_notification.notify2:Failed to initialize notify2: org.freedesktop.DBus.Error.NotSupported: Unable to autolaunch a dbus-daemon without a $DISPLAY for X11
[-1782618208167145728.000s] DEBUG:colcon.colcon_core.event_reactor:joined thread
[-1782618208167145728.000s] INFO:colcon.colcon_core.shell:Creating prefix script '/root/projects/robo/install/local_setup.ps1'
[-1782618208167145728.000s] INFO:colcon.colcon_core.shell:Creating prefix util module '/root/projects/robo/install/_local_setup_util_ps1.py'
[-1782618208167145728.000s] INFO:colcon.colcon_core.shell:Creating prefix chain script '/root/projects/robo/install/setup.ps1'
[-1782618208167145728.000s] INFO:colcon.colcon_core.shell:Creating prefix script '/root/projects/robo/install/local_setup.sh'
[-1782618208167145728.000s] INFO:colcon.colcon_core.shell:Creating prefix util module '/root/projects/robo/install/_local_setup_util_sh.py'
[-1782618208167145728.000s] INFO:colcon.colcon_core.shell:Creating prefix chain script '/root/projects/robo/install/setup.sh'
[-1782618208167145728.000s] INFO:colcon.colcon_core.shell:Creating prefix script '/root/projects/robo/install/local_setup.bash'
[-1782618208167145728.000s] INFO:colcon.colcon_core.shell:Creating prefix chain script '/root/projects/robo/install/setup.bash'
[-1782618208167145728.000s] INFO:colcon.colcon_core.shell:Creating prefix script '/root/projects/robo/install/local_setup.zsh'
[-1782618208167145728.000s] INFO:colcon.colcon_core.shell:Creating prefix chain script '/root/projects/robo/install/setup.zsh'
