running egg_info
creating ../../build/robot_brain/robot_brain.egg-info
writing ../../build/robot_brain/robot_brain.egg-info/PKG-INFO
writing dependency_links to ../../build/robot_brain/robot_brain.egg-info/dependency_links.txt
writing entry points to ../../build/robot_brain/robot_brain.egg-info/entry_points.txt
writing requirements to ../../build/robot_brain/robot_brain.egg-info/requires.txt
writing top-level names to ../../build/robot_brain/robot_brain.egg-info/top_level.txt
writing manifest file '../../build/robot_brain/robot_brain.egg-info/SOURCES.txt'
reading manifest file '../../build/robot_brain/robot_brain.egg-info/SOURCES.txt'
writing manifest file '../../build/robot_brain/robot_brain.egg-info/SOURCES.txt'
running build
running build_py
creating /root/projects/robo/build/robot_brain/build/lib/robot_brain
copying robot_brain/__init__.py -> /root/projects/robo/build/robot_brain/build/lib/robot_brain
copying robot_brain/brain.py -> /root/projects/robo/build/robot_brain/build/lib/robot_brain
copying robot_brain/listener.py -> /root/projects/robo/build/robot_brain/build/lib/robot_brain
copying robot_brain/py.typed -> /root/projects/robo/build/robot_brain/build/lib/robot_brain
running install
running install_lib
creating /root/projects/robo/install/robot_brain/lib/python3.14/site-packages/robot_brain
copying /root/projects/robo/build/robot_brain/build/lib/robot_brain/__init__.py -> /root/projects/robo/install/robot_brain/lib/python3.14/site-packages/robot_brain
copying /root/projects/robo/build/robot_brain/build/lib/robot_brain/brain.py -> /root/projects/robo/install/robot_brain/lib/python3.14/site-packages/robot_brain
copying /root/projects/robo/build/robot_brain/build/lib/robot_brain/listener.py -> /root/projects/robo/install/robot_brain/lib/python3.14/site-packages/robot_brain
copying /root/projects/robo/build/robot_brain/build/lib/robot_brain/py.typed -> /root/projects/robo/install/robot_brain/lib/python3.14/site-packages/robot_brain
byte-compiling /root/projects/robo/install/robot_brain/lib/python3.14/site-packages/robot_brain/__init__.py to __init__.cpython-314.pyc
byte-compiling /root/projects/robo/install/robot_brain/lib/python3.14/site-packages/robot_brain/brain.py to brain.cpython-314.pyc
byte-compiling /root/projects/robo/install/robot_brain/lib/python3.14/site-packages/robot_brain/listener.py to listener.cpython-314.pyc
running install_data
creating /root/projects/robo/install/robot_brain/share/ament_index/resource_index/packages
copying resource/robot_brain -> /root/projects/robo/install/robot_brain/share/ament_index/resource_index/packages
copying package.xml -> /root/projects/robo/install/robot_brain/share/robot_brain
running install_egg_info
Copying ../../build/robot_brain/robot_brain.egg-info to /root/projects/robo/install/robot_brain/lib/python3.14/site-packages/robot_brain-0.0.0-py3.14.egg-info
running install_scripts
Installing brain script to /root/projects/robo/install/robot_brain/lib/robot_brain
Installing ear script to /root/projects/robo/install/robot_brain/lib/robot_brain
writing list of installed files to '/root/projects/robo/build/robot_brain/install.log'
