[11.487s] Invoking command in '/root/projects/robo/src/robot_brain': PYTHONPATH=/root/projects/robo/build/robot_brain/prefix_override:/usr/lib/python3/dist-packages/colcon_core/task/python/colcon_distutils_commands:/root/projects/robo/install/robot_brain/lib/python3.14/site-packages:${PYTHONPATH} /usr/bin/python3 -W ignore:setup.py install is deprecated -W ignore:easy_install command is deprecated setup.py egg_info --egg-base ../../build/robot_brain build --build-base /root/projects/robo/build/robot_brain/build install --record /root/projects/robo/build/robot_brain/install.log --install-scripts $base/lib/robot_brain --single-version-externally-managed install_data
[14.751s] running egg_info
[15.060s] creating ../../build/robot_brain/robot_brain.egg-info
[15.063s] writing ../../build/robot_brain/robot_brain.egg-info/PKG-INFO
[15.081s] writing dependency_links to ../../build/robot_brain/robot_brain.egg-info/dependency_links.txt
[15.085s] writing entry points to ../../build/robot_brain/robot_brain.egg-info/entry_points.txt
[15.090s] writing requirements to ../../build/robot_brain/robot_brain.egg-info/requires.txt
[15.092s] writing top-level names to ../../build/robot_brain/robot_brain.egg-info/top_level.txt
[15.095s] writing manifest file '../../build/robot_brain/robot_brain.egg-info/SOURCES.txt'
[15.862s] reading manifest file '../../build/robot_brain/robot_brain.egg-info/SOURCES.txt'
[15.889s] writing manifest file '../../build/robot_brain/robot_brain.egg-info/SOURCES.txt'
[15.892s] running build
[15.892s] running build_py
[15.895s] creating /root/projects/robo/build/robot_brain/build/lib/robot_brain
[15.900s] copying robot_brain/__init__.py -> /root/projects/robo/build/robot_brain/build/lib/robot_brain
[15.911s] copying robot_brain/brain.py -> /root/projects/robo/build/robot_brain/build/lib/robot_brain
[15.921s] copying robot_brain/listener.py -> /root/projects/robo/build/robot_brain/build/lib/robot_brain
[15.938s] copying robot_brain/py.typed -> /root/projects/robo/build/robot_brain/build/lib/robot_brain
[15.949s] running install
[15.974s] running install_lib
[16.331s] creating /root/projects/robo/install/robot_brain/lib/python3.14/site-packages/robot_brain
[16.332s] copying /root/projects/robo/build/robot_brain/build/lib/robot_brain/__init__.py -> /root/projects/robo/install/robot_brain/lib/python3.14/site-packages/robot_brain
[16.337s] copying /root/projects/robo/build/robot_brain/build/lib/robot_brain/brain.py -> /root/projects/robo/install/robot_brain/lib/python3.14/site-packages/robot_brain
[16.341s] copying /root/projects/robo/build/robot_brain/build/lib/robot_brain/listener.py -> /root/projects/robo/install/robot_brain/lib/python3.14/site-packages/robot_brain
[16.346s] copying /root/projects/robo/build/robot_brain/build/lib/robot_brain/py.typed -> /root/projects/robo/install/robot_brain/lib/python3.14/site-packages/robot_brain
[16.354s] byte-compiling /root/projects/robo/install/robot_brain/lib/python3.14/site-packages/robot_brain/__init__.py to __init__.cpython-314.pyc
[16.359s] byte-compiling /root/projects/robo/install/robot_brain/lib/python3.14/site-packages/robot_brain/brain.py to brain.cpython-314.pyc
[16.365s] byte-compiling /root/projects/robo/install/robot_brain/lib/python3.14/site-packages/robot_brain/listener.py to listener.cpython-314.pyc
[16.370s] running install_data
[16.371s] creating /root/projects/robo/install/robot_brain/share/ament_index/resource_index/packages
[16.374s] copying resource/robot_brain -> /root/projects/robo/install/robot_brain/share/ament_index/resource_index/packages
[16.382s] copying package.xml -> /root/projects/robo/install/robot_brain/share/robot_brain
[16.389s] running install_egg_info
[16.605s] Copying ../../build/robot_brain/robot_brain.egg-info to /root/projects/robo/install/robot_brain/lib/python3.14/site-packages/robot_brain-0.0.0-py3.14.egg-info
[16.651s] running install_scripts
[19.191s] Installing brain script to /root/projects/robo/install/robot_brain/lib/robot_brain
[19.192s] Installing ear script to /root/projects/robo/install/robot_brain/lib/robot_brain
[19.196s] writing list of installed files to '/root/projects/robo/build/robot_brain/install.log'
[19.343s] Invoked command in '/root/projects/robo/src/robot_brain' returned '0': PYTHONPATH=/root/projects/robo/build/robot_brain/prefix_override:/usr/lib/python3/dist-packages/colcon_core/task/python/colcon_distutils_commands:/root/projects/robo/install/robot_brain/lib/python3.14/site-packages:${PYTHONPATH} /usr/bin/python3 -W ignore:setup.py install is deprecated -W ignore:easy_install command is deprecated setup.py egg_info --egg-base ../../build/robot_brain build --build-base /root/projects/robo/build/robot_brain/build install --record /root/projects/robo/build/robot_brain/install.log --install-scripts $base/lib/robot_brain --single-version-externally-managed install_data
