[18.685s] Invoking command in '/root/projects/robo/build/robot_brain': PS1=(.venv) \[\e]0;\u@\h: \w\a\]${debian_chroot:+($debian_chroot)}\u@\h:\w\$ PYTHONPATH=/root/projects/robo/build/robot_brain/prefix_override:/usr/lib/python3/dist-packages/colcon_core/task/python/colcon_distutils_commands:/root/projects/robo/install/robot_brain/lib/python3.14/site-packages:${PYTHONPATH} /usr/bin/python3 -W ignore:setup.py install is deprecated -W ignore:easy_install command is deprecated setup.py develop --editable --build-directory /root/projects/robo/build/robot_brain/build --no-deps symlink_data
[22.359s] running develop
[24.771s] running egg_info
[24.943s] creating robot_brain.egg-info
[24.946s] writing robot_brain.egg-info/PKG-INFO
[24.949s] writing dependency_links to robot_brain.egg-info/dependency_links.txt
[24.957s] writing entry points to robot_brain.egg-info/entry_points.txt
[24.961s] writing requirements to robot_brain.egg-info/requires.txt
[24.962s] writing top-level names to robot_brain.egg-info/top_level.txt
[24.963s] writing manifest file 'robot_brain.egg-info/SOURCES.txt'
[25.361s] reading manifest file 'robot_brain.egg-info/SOURCES.txt'
[25.406s] writing manifest file 'robot_brain.egg-info/SOURCES.txt'
[25.626s] running build_ext
[25.627s] Creating /root/projects/robo/install/robot_brain/lib/python3.14/site-packages/robot-brain.egg-link (link to .)
[25.634s] Installing brain script to /root/projects/robo/install/robot_brain/lib/robot_brain
[25.636s] Installing ear script to /root/projects/robo/install/robot_brain/lib/robot_brain
[25.642s] 
[25.646s] Installed /root/projects/robo/build/robot_brain
[25.648s] running symlink_data
[25.654s] creating /root/projects/robo/install/robot_brain/share/ament_index/resource_index/packages
[25.663s] symbolically linking /root/projects/robo/build/robot_brain/resource/robot_brain -> /root/projects/robo/install/robot_brain/share/ament_index/resource_index/packages
[25.665s] symbolically linking /root/projects/robo/build/robot_brain/package.xml -> /root/projects/robo/install/robot_brain/share/robot_brain
