-- The C compiler identification is GNU 15.2.0
-- The CXX compiler identification is Clang 21.1.8
-- Detecting C compiler ABI info
-- Detecting C compiler ABI info - done
-- Check for working C compiler: /usr/bin/cc - skipped
-- Detecting C compile features
-- Detecting C compile features - done
-- Detecting CXX compiler ABI info
-- Detecting CXX compiler ABI info - done
-- Check for working CXX compiler: /data/data/com.termux/files/usr/bin/c++ - skipped
-- Detecting CXX compile features
-- Detecting CXX compile features - done
-- Found ament_cmake: 2.8.7 (/opt/ros/lyrical/share/ament_cmake/cmake)
-- Found ament_lint_auto: 0.20.6 (/opt/ros/lyrical/share/ament_lint_auto/cmake)
-- Added test 'lint_cmake' to check CMake code style
-- Added test 'xmllint' to check XML markup files
-- Configuring done (27.2s)
-- Generating done (0.4s)
-- Build files have been written to: /root/projects/robo/src/build/robot_interfaces
-- Install configuration: ""
-- Installing: /root/projects/robo/src/install/robot_interfaces/share/ament_index/resource_index/package_run_dependencies/robot_interfaces
-- Installing: /root/projects/robo/src/install/robot_interfaces/share/ament_index/resource_index/parent_prefix_path/robot_interfaces
-- Installing: /root/projects/robo/src/install/robot_interfaces/share/robot_interfaces/environment/ament_prefix_path.sh
-- Installing: /root/projects/robo/src/install/robot_interfaces/share/robot_interfaces/environment/ament_prefix_path.dsv
-- Installing: /root/projects/robo/src/install/robot_interfaces/share/robot_interfaces/environment/path.sh
-- Installing: /root/projects/robo/src/install/robot_interfaces/share/robot_interfaces/environment/path.dsv
-- Installing: /root/projects/robo/src/install/robot_interfaces/share/robot_interfaces/local_setup.bash
-- Installing: /root/projects/robo/src/install/robot_interfaces/share/robot_interfaces/local_setup.fish
-- Installing: /root/projects/robo/src/install/robot_interfaces/share/robot_interfaces/local_setup.sh
-- Installing: /root/projects/robo/src/install/robot_interfaces/share/robot_interfaces/local_setup.zsh
-- Installing: /root/projects/robo/src/install/robot_interfaces/share/robot_interfaces/local_setup.dsv
-- Installing: /root/projects/robo/src/install/robot_interfaces/share/robot_interfaces/package.dsv
-- Installing: /root/projects/robo/src/install/robot_interfaces/share/ament_index/resource_index/packages/robot_interfaces
-- Installing: /root/projects/robo/src/install/robot_interfaces/share/robot_interfaces/cmake/robot_interfacesConfig.cmake
-- Installing: /root/projects/robo/src/install/robot_interfaces/share/robot_interfaces/cmake/robot_interfacesConfig-version.cmake
-- Installing: /root/projects/robo/src/install/robot_interfaces/share/robot_interfaces/package.xml
