[2.696s] Invoking command in '/root/projects/robo/src/build/robot_interfaces': CMAKE_PREFIX_PATH=/root/projects/robo/install/robot_brain:/opt/ros/lyrical /usr/bin/cmake /root/projects/robo/src/robot_interfaces -DCMAKE_INSTALL_PREFIX=/root/projects/robo/src/install/robot_interfaces
[5.205s] -- The C compiler identification is GNU 15.2.0
[10.048s] -- The CXX compiler identification is Clang 21.1.8
[10.506s] -- Detecting C compiler ABI info
[12.644s] -- Detecting C compiler ABI info - done
[12.763s] -- Check for working C compiler: /usr/bin/cc - skipped
[12.777s] -- Detecting C compile features
[12.786s] -- Detecting C compile features - done
[13.282s] -- Detecting CXX compiler ABI info
[16.365s] -- Detecting CXX compiler ABI info - done
[16.772s] -- Check for working CXX compiler: /data/data/com.termux/files/usr/bin/c++ - skipped
[16.782s] -- Detecting CXX compile features
[16.795s] -- Detecting CXX compile features - done
[18.022s] -- Found ament_cmake: 2.8.7 (/opt/ros/lyrical/share/ament_cmake/cmake)
[27.935s] -- Found ament_lint_auto: 0.20.6 (/opt/ros/lyrical/share/ament_lint_auto/cmake)
[30.209s] -- Added test 'lint_cmake' to check CMake code style
[30.376s] -- Added test 'xmllint' to check XML markup files
[30.473s] -- Configuring done (27.2s)
[30.918s] -- Generating done (0.4s)
[30.992s] -- Build files have been written to: /root/projects/robo/src/build/robot_interfaces
[31.026s] Invoked command in '/root/projects/robo/src/build/robot_interfaces' returned '0': CMAKE_PREFIX_PATH=/root/projects/robo/install/robot_brain:/opt/ros/lyrical /usr/bin/cmake /root/projects/robo/src/robot_interfaces -DCMAKE_INSTALL_PREFIX=/root/projects/robo/src/install/robot_interfaces
[31.061s] Invoking command in '/root/projects/robo/src/build/robot_interfaces': CMAKE_PREFIX_PATH=/root/projects/robo/install/robot_brain:/opt/ros/lyrical /usr/bin/cmake --build /root/projects/robo/src/build/robot_interfaces -- -j8 -l8
[32.085s] Invoked command in '/root/projects/robo/src/build/robot_interfaces' returned '0': CMAKE_PREFIX_PATH=/root/projects/robo/install/robot_brain:/opt/ros/lyrical /usr/bin/cmake --build /root/projects/robo/src/build/robot_interfaces -- -j8 -l8
[32.284s] Invoking command in '/root/projects/robo/src/build/robot_interfaces': CMAKE_PREFIX_PATH=/root/projects/robo/install/robot_brain:/opt/ros/lyrical /usr/bin/cmake --install /root/projects/robo/src/build/robot_interfaces
[32.464s] -- Install configuration: ""
[32.474s] -- Installing: /root/projects/robo/src/install/robot_interfaces/share/ament_index/resource_index/package_run_dependencies/robot_interfaces
[32.485s] -- Installing: /root/projects/robo/src/install/robot_interfaces/share/ament_index/resource_index/parent_prefix_path/robot_interfaces
[32.496s] -- Installing: /root/projects/robo/src/install/robot_interfaces/share/robot_interfaces/environment/ament_prefix_path.sh
[32.504s] -- Installing: /root/projects/robo/src/install/robot_interfaces/share/robot_interfaces/environment/ament_prefix_path.dsv
[32.512s] -- Installing: /root/projects/robo/src/install/robot_interfaces/share/robot_interfaces/environment/path.sh
[32.526s] -- Installing: /root/projects/robo/src/install/robot_interfaces/share/robot_interfaces/environment/path.dsv
[32.547s] -- Installing: /root/projects/robo/src/install/robot_interfaces/share/robot_interfaces/local_setup.bash
[32.566s] -- Installing: /root/projects/robo/src/install/robot_interfaces/share/robot_interfaces/local_setup.fish
[32.588s] -- Installing: /root/projects/robo/src/install/robot_interfaces/share/robot_interfaces/local_setup.sh
[32.600s] -- Installing: /root/projects/robo/src/install/robot_interfaces/share/robot_interfaces/local_setup.zsh
[32.625s] -- Installing: /root/projects/robo/src/install/robot_interfaces/share/robot_interfaces/local_setup.dsv
[32.650s] -- Installing: /root/projects/robo/src/install/robot_interfaces/share/robot_interfaces/package.dsv
[32.690s] -- Installing: /root/projects/robo/src/install/robot_interfaces/share/ament_index/resource_index/packages/robot_interfaces
[32.717s] -- Installing: /root/projects/robo/src/install/robot_interfaces/share/robot_interfaces/cmake/robot_interfacesConfig.cmake
[32.741s] -- Installing: /root/projects/robo/src/install/robot_interfaces/share/robot_interfaces/cmake/robot_interfacesConfig-version.cmake
[32.781s] -- Installing: /root/projects/robo/src/install/robot_interfaces/share/robot_interfaces/package.xml
[32.827s] Invoked command in '/root/projects/robo/src/build/robot_interfaces' returned '0': CMAKE_PREFIX_PATH=/root/projects/robo/install/robot_brain:/opt/ros/lyrical /usr/bin/cmake --install /root/projects/robo/src/build/robot_interfaces
